[0mGET / [32m200[0m 101.864 ms - 4478[0m
[0mGET /users/sign-in [36m304[0m 24.436 ms - -[0m
[0mPOST /users/create-session [36m302[0m 46.730 ms - 46[0m
[0mGET / [32m200[0m 87.356 ms - 7305[0m
[0mGET / [32m200[0m 175.358 ms - 7059[0m
[0mGET / [36m304[0m 94.601 ms - -[0m
[0mGET / [36m304[0m 100.113 ms - -[0m
[0mGET /comments/destroy/61b883c09010e6f94ea86910 [32m200[0m 73.586 ms - 79[0m
[0mGET / [32m200[0m 74.333 ms - 6416[0m
[0mPOST /comments/create [32m200[0m 165.329 ms - 548[0m
[0mGET /comments/destroy/61b93ff7581fc317d97de057 [32m200[0m 45.087 ms - 79[0m
[0mGET / [36m304[0m 73.272 ms - -[0m
[0mPOST /comments/create [32m200[0m 55.826 ms - 549[0m
[0mGET /comments/destroy/61b94003581fc317d97de06e [32m200[0m 32.218 ms - 79[0m
[0mGET / [36m304[0m 69.474 ms - -[0m
[0mPOST /comments/create [32m200[0m 50.309 ms - 547[0m
[0mGET / [32m200[0m 86.409 ms - 7059[0m
[0mGET /comments/destroy/61b9400a581fc317d97de085 [32m200[0m 20.034 ms - 79[0m
[0mGET / [32m200[0m 67.938 ms - 6416[0m
[0mGET / [36m304[0m 52.716 ms - -[0m
[0mPOST /comments/create [32m200[0m 42.371 ms - 548[0m
[0mGET / [32m200[0m 104.446 ms - 7060[0m
[0mGET / [36m304[0m 129.357 ms - -[0m
[0mGET / [36m304[0m 75.952 ms - -[0m
[0mGET / [36m304[0m 75.940 ms - -[0m
[0mGET /posts/destroy/61b2550d47445359a1b8df6c [36m302[0m 58.625 ms - 88[0m
[0mGET / [32m200[0m 31.516 ms - 5286[0m
[0mPOST /posts/create [32m200[0m 39.091 ms - 301[0m
[0mGET / [32m200[0m 112.039 ms - 6416[0m
[0mPOST /comments/create [32m200[0m 85.815 ms - 521[0m
[0mPOST /likes/toggle/?id=61b941584144fe80fdb539d8&type=Comment [32m200[0m 28.337 ms - 59[0m
[0mPOST /likes/toggle/?id=61b941584144fe80fdb539d8&type=Comment [32m200[0m 39.279 ms - 58[0m
[0mPOST /likes/toggle/?id=61b941584144fe80fdb539d8&type=Comment [32m200[0m 55.302 ms - 59[0m
[0mPOST /likes/toggle/?id=61b941584144fe80fdb539d8&type=Comment [32m200[0m 36.421 ms - 58[0m
[0mPOST /likes/toggle/?id=61b941584144fe80fdb539d8&type=Comment [32m200[0m 44.422 ms - 59[0m
[0mGET / [32m200[0m 77.110 ms - 7060[0m
[0mGET / [36m304[0m 98.362 ms - -[0m
[0mGET / [36m304[0m 77.062 ms - -[0m
[0mGET / [36m304[0m 131.142 ms - -[0m
[0mGET / [36m304[0m 96.372 ms - -[0m
[0mPOST /comments/create [32m200[0m 94.829 ms - 548[0m
[0mGET / [32m200[0m 72.686 ms - 7704[0m
[0mPOST /posts/create [36m302[0m 33.351 ms - 88[0m
[0mGET / [32m200[0m 51.465 ms - 9340[0m
[0mGET / [32m200[0m 96.653 ms - 9098[0m
[0mGET / [36m304[0m 115.163 ms - -[0m
[0mGET /posts/destroy/61b9414d4144fe80fdb539cb [36m302[0m 31.810 ms - 88[0m
[0mGET / [32m200[0m 42.565 ms - 6680[0m
[0mGET /posts/destroy/61b9439cb30960be1bea9eb9 [36m302[0m 44.730 ms - 88[0m
[0mGET / [32m200[0m 41.030 ms - 5286[0m
[0mPOST /posts/create [36m302[0m 14.412 ms - 88[0m
[0mGET / [32m200[0m 42.678 ms - 6658[0m
[0mGET / [32m200[0m 90.756 ms - 6416[0m
[0mPOST /comments/create [32m200[0m 74.641 ms - 522[0m
[0mPOST /comments/create [32m200[0m 59.562 ms - 550[0m
[0mGET / [32m200[0m 102.990 ms - 7847[0m
[0mGET / [36m304[0m 105.906 ms - -[0m
[0mGET / [32m200[0m 59.843 ms - 7867[0m
[0mGET / [36m304[0m 55.780 ms - -[0m
[0mGET / [36m304[0m 99.802 ms - -[0m
[0mGET / [36m304[0m 71.733 ms - -[0m
[0mGET / [36m304[0m 100.916 ms - -[0m
[0mGET / [36m304[0m 112.257 ms - -[0m
[0mGET / [36m304[0m 80.307 ms - -[0m
[0mGET /comments/destroy/61b944c3b30960be1bea9f0c [32m200[0m 56.318 ms - 79[0m
[0mGET /comments/destroy/61b94566b30960be1bea9f15 [32m200[0m 38.500 ms - 79[0m
[0mGET / [32m200[0m 54.827 ms - 6416[0m
[0mPOST /comments/create [32m200[0m 46.902 ms - 523[0m
[0mGET / [32m200[0m 58.811 ms - 7142[0m
[0mGET /comments/destroy/61b9464cb30960be1bea9f89 [32m200[0m 32.233 ms - 79[0m
[0mGET / [32m200[0m 64.196 ms - 6416[0m
[0mPOST /comments/create [32m200[0m 41.391 ms - 521[0m
[0mGET / [32m200[0m 75.292 ms - 7140[0m
[0mGET / [36m304[0m 74.403 ms - -[0m
[0mGET / [32m200[0m 73.770 ms - 7148[0m
[0mGET / [36m304[0m 98.995 ms - -[0m
[0mGET / [36m304[0m 60.626 ms - -[0m
[0mGET / [36m304[0m 61.188 ms - -[0m
[0mGET / [36m304[0m 48.971 ms - -[0m
[0mGET / [32m200[0m 80.893 ms - 7140[0m
[0mGET / [36m304[0m 79.351 ms - -[0m
[0mGET / [36m304[0m 48.874 ms - -[0m
[0mGET / [32m200[0m 82.444 ms - 7140[0m
[0mGET / [36m304[0m 84.847 ms - -[0m
[0mGET / [32m200[0m 81.599 ms - 7141[0m
[0mGET / [36m304[0m 87.733 ms - -[0m
[0mGET / [36m304[0m 52.708 ms - -[0m
[0mGET / [36m304[0m 87.044 ms - -[0m
[0mGET / [32m200[0m 77.683 ms - 7180[0m
[0mGET / [32m200[0m 96.109 ms - 7188[0m
[0mGET / [36m304[0m 116.305 ms - -[0m
[0mGET / [36m304[0m 49.123 ms - -[0m
[0mGET / [32m200[0m 71.546 ms - 7209[0m
[0mGET / [36m304[0m 67.710 ms - -[0m
[0mGET / [36m304[0m 117.146 ms - -[0m
[0mGET / [32m200[0m 61.264 ms - 7224[0m
[0mGET / [32m200[0m 76.263 ms - 7224[0m
[0mGET / [36m304[0m 73.242 ms - -[0m
[0mGET / [36m304[0m 58.637 ms - -[0m
[0mGET / [36m304[0m 129.651 ms - -[0m
[0mGET / [32m200[0m 97.722 ms - 7237[0m
[0mGET / [36m304[0m 127.647 ms - -[0m
[0mGET / [36m304[0m 49.701 ms - -[0m
[0mGET / [32m200[0m 66.863 ms - 7265[0m
[0mPOST /likes/toggle/?id=61b9465db30960be1bea9fa9&type=Comment [32m200[0m 77.800 ms - 59[0m
[0mPOST /likes/toggle/?id=61b9465db30960be1bea9fa9&type=Comment [32m200[0m 39.549 ms - 58[0m
[0mPOST /likes/toggle/?id=61b9465db30960be1bea9fa9&type=Comment [32m200[0m 35.185 ms - 59[0m
[0mGET / [32m200[0m 112.155 ms - 7265[0m
[0mGET / [36m304[0m 65.626 ms - -[0m
[0mGET / [36m304[0m 77.157 ms - -[0m
[0mGET / [36m304[0m 125.305 ms - -[0m
[0mGET / [36m304[0m 64.072 ms - -[0m
[0mGET / [36m304[0m 96.678 ms - -[0m
[0mGET / [36m304[0m 110.370 ms - -[0m
[0mGET / [36m304[0m 115.290 ms - -[0m
[0mGET / [36m304[0m 57.324 ms - -[0m
[0mPOST /likes/toggle/?id=61b9465db30960be1bea9fa9&type=Comment [32m200[0m 47.775 ms - 58[0m
[0mPOST /likes/toggle/?id=61b9465db30960be1bea9fa9&type=Comment [32m200[0m 30.851 ms - 59[0m
[0mPOST /likes/toggle/?id=61b9465db30960be1bea9fa9&type=Comment [32m200[0m 31.912 ms - 58[0m
[0mPOST /likes/toggle/?id=61b9465db30960be1bea9fa9&type=Comment [32m200[0m 34.456 ms - 59[0m
[0mPOST /likes/toggle/?id=61b9465db30960be1bea9fa9&type=Comment [32m200[0m 29.625 ms - 58[0m
[0mPOST /likes/toggle/?id=61b9465db30960be1bea9fa9&type=Comment [32m200[0m 43.589 ms - 59[0m
[0mPOST /likes/toggle/?id=61b9465db30960be1bea9fa9&type=Comment [32m200[0m 18.391 ms - 58[0m
[0mPOST /likes/toggle/?id=61b9465db30960be1bea9fa9&type=Comment [32m200[0m 31.651 ms - 59[0m
[0mPOST /likes/toggle/?id=61b9465db30960be1bea9fa9&type=Comment [32m200[0m 32.955 ms - 58[0m
[0mGET / [32m200[0m 46.938 ms - 7265[0m
[0mGET / [36m304[0m 78.397 ms - -[0m
[0mPOST /likes/toggle/?id=61b9465db30960be1bea9fa9&type=Comment [32m200[0m 30.310 ms - 59[0m
[0mGET / [32m200[0m 75.599 ms - 7265[0m
[0mPOST /comments/create [32m200[0m 50.764 ms - 548[0m
[0mGET / [32m200[0m 86.933 ms - 8114[0m
[0mPOST /comments/create [32m200[0m 62.685 ms - 591[0m
[0mGET / [32m200[0m 113.641 ms - 8979[0m
[0mGET / [36m304[0m 80.189 ms - -[0m
[0mGET / [36m304[0m 160.801 ms - -[0m
[0mGET / [36m304[0m 135.746 ms - -[0m
[0mGET / [36m304[0m 88.736 ms - -[0m
[0mGET / [36m304[0m 108.612 ms - -[0m
[0mGET / [36m304[0m 125.477 ms - -[0m
[0mGET / [32m200[0m 60.614 ms - 5743[0m
[0mGET / [36m304[0m 46.934 ms - -[0m
[0mGET / [36m304[0m 57.298 ms - -[0m
[0mGET / [36m304[0m 55.467 ms - -[0m
[0mGET /users/sign-in [36m304[0m 16.175 ms - -[0m
[0mPOST /users/create-session [36m302[0m 12.872 ms - 46[0m
[0mGET / [32m200[0m 49.153 ms - 9228[0m
[0mPOST /posts/create [32m200[0m 69.327 ms - 300[0m
[0mGET / [32m200[0m 76.181 ms - 10372[0m
[0mGET / [36m304[0m 99.852 ms - -[0m
[0mPOST /comments/create [32m200[0m 67.303 ms - 520[0m
[0mPOST /comments/create [32m200[0m 61.167 ms - 547[0m
[0mGET / [32m200[0m 99.862 ms - 12070[0m
[0mGET / [36m304[0m 69.702 ms - -[0m
[0mGET / [36m304[0m 98.700 ms - -[0m
[0mGET / [36m304[0m 92.919 ms - -[0m
[0mGET / [36m304[0m 108.682 ms - -[0m
[0mPOST /posts/create [32m200[0m 28.943 ms - 300[0m
[0mGET / [32m200[0m 82.920 ms - 13463[0m
[0mGET /posts/destroy/61b95e3121401ed64087ab8b [36m302[0m 39.672 ms - 88[0m
[0mGET / [32m200[0m 80.317 ms - 12334[0m
[0mPOST /posts/create [32m200[0m 46.544 ms - 302[0m
[0mGET / [32m200[0m 80.586 ms - 13465[0m
[0mGET /posts/destroy/undefined [0m-[0m - ms - -[0m
[0mGET /posts/destroy/61b95e8e21401ed64087abab [36m302[0m 33.049 ms - 88[0m
[0mGET / [32m200[0m 78.910 ms - 12334[0m
[0mGET / [32m200[0m 95.907 ms - 12070[0m
[0mGET / [36m304[0m 103.153 ms - -[0m
[0mPOST /posts/create [32m200[0m 27.505 ms - 300[0m
[0mGET / [32m200[0m 76.026 ms - 13463[0m
[0mGET /posts/destroy/undefined [0m-[0m - ms - -[0m
[0mGET / [36m304[0m 101.476 ms - -[0m
[0mGET / [36m304[0m 102.562 ms - -[0m
[0mGET / [36m304[0m 92.389 ms - -[0m
[0mPOST /posts/create [32m200[0m 28.084 ms - 301[0m
[0mGET / [32m200[0m 142.191 ms - 14857[0m
[0mGET / [36m304[0m 155.859 ms - -[0m
[0mGET /posts/destroy/61b95f2921401ed64087ac13 [36m302[0m 78.784 ms - 88[0m
[0mGET / [32m200[0m 69.796 ms - 13727[0m
[0mGET /posts/destroy/61b95f0921401ed64087abe2 [36m302[0m 24.405 ms - 88[0m
[0mGET / [32m200[0m 63.626 ms - 12334[0m
[0mGET / [32m200[0m 88.048 ms - 12070[0m
[0mPOST /posts/create [32m200[0m 48.838 ms - 301[0m
[0mGET / [32m200[0m 261.403 ms - 13464[0m
[0mGET /posts/destroy/61b95f72af79a3b37f88e3ab [36m302[0m 58.739 ms - 88[0m
[0mGET / [32m200[0m 97.346 ms - 12334[0m
[0mPOST /posts/create [32m200[0m 38.229 ms - 302[0m
[0mGET / [32m200[0m 135.712 ms - 13465[0m
[0mGET /posts/destroy/61b95f89f4d15a53530af175 [36m302[0m 70.704 ms - 88[0m
[0mGET / [32m200[0m 91.178 ms - 12334[0m
[0mGET / [32m200[0m 85.739 ms - 12070[0m
[0mPOST /posts/create [32m200[0m 62.070 ms - 301[0m
[0mPOST /posts/create [32m200[0m 29.496 ms - 301[0m
[0mGET / [32m200[0m 213.992 ms - 14858[0m
[0mGET /posts/destroy/61b95fac5c629a3c9c3095f7 [36m302[0m 72.752 ms - 88[0m
[0mGET / [32m200[0m 67.627 ms - 13728[0m
[0mGET /posts/destroy/61b95fa85c629a3c9c3095f3 [36m302[0m 34.815 ms - 88[0m
[0mGET / [32m200[0m 78.845 ms - 12334[0m
[0mGET / [32m200[0m 78.482 ms - 12070[0m
[0mPOST /posts/create [32m200[0m 33.894 ms - 301[0m
[0mGET / [32m200[0m 139.647 ms - 13560[0m
[0mGET /posts/destroy/undefined [0m-[0m - ms - -[0m
[0mGET /posts/destroy/61b960062a78f7332f36e42f [36m302[0m 60.455 ms - 88[0m
[0mGET / [32m200[0m 68.569 ms - 12398[0m
[0mGET / [32m200[0m 119.897 ms - 12134[0m
[0mPOST /posts/create [32m200[0m 38.256 ms - 301[0m
[0mGET / [32m200[0m 104.884 ms - 13560[0m
[0mGET /posts/destroy/undefined [0m-[0m - ms - -[0m
[0mGET / [36m304[0m 132.733 ms - -[0m
[0mGET /posts/destroy/61b961f9303eac81de161b32 [36m302[0m 31.210 ms - 88[0m
[0mGET / [32m200[0m 63.164 ms - 12398[0m
[0mGET / [32m200[0m 89.695 ms - 12134[0m
[0mPOST /posts/create [32m200[0m 39.830 ms - 300[0m
[0mGET / [32m200[0m 246.492 ms - 13559[0m
[0mGET /posts/destroy/61b96265303eac81de161b69 [36m302[0m 60.889 ms - 88[0m
[0mGET / [32m200[0m 103.918 ms - 12398[0m
[0mGET / [32m200[0m 88.862 ms - 12134[0m
[0mPOST /posts/create [32m200[0m 38.015 ms - 303[0m
[0mPOST /comments/create [36m302[0m 53.794 ms - 46[0m
[0mGET / [32m200[0m 108.484 ms - 14652[0m
[0mGET /posts/destroy/undefined [0m-[0m - ms - -[0m
[0mGET / [32m200[0m 119.760 ms - 14411[0m
[0mGET / [36m304[0m 168.162 ms - -[0m
[0mGET /comments/destroy/61b962b8916252fa5c30f6e2 [32m200[0m 41.882 ms - 79[0m
[0mGET /posts/destroy/61b962a6916252fa5c30f6dc [36m302[0m 43.255 ms - 88[0m
[0mGET / [32m200[0m 92.468 ms - 12398[0m
[0mGET / [32m200[0m 111.298 ms - 12134[0m
[0mPOST /posts/create [32m200[0m 63.450 ms - 301[0m
[0mGET / [32m200[0m 145.668 ms - 13560[0m
[0mGET /posts/destroy/undefined [0m-[0m - ms - -[0m
[0mGET /posts/destroy/61b963131c5dab8665526f36 [36m302[0m 76.666 ms - 88[0m
[0mGET / [32m200[0m 72.019 ms - 12398[0m
[0mPOST /posts/create [32m200[0m 35.787 ms - 300[0m
[0mGET /posts/destroy/61b96358eb24cd76af14717a [32m200[0m 48.700 ms - 72[0m
[0mPOST /posts/create [32m200[0m 30.184 ms - 301[0m
[0mPOST /likes/toggle/?id=61b9635eeb24cd76af147184&type=Post [32m200[0m 43.556 ms - 59[0m
[0mPOST /likes/toggle/?id=61b9635eeb24cd76af147184&type=Post [32m200[0m 42.032 ms - 58[0m
[0mPOST /likes/toggle/?id=61b9635eeb24cd76af147184&type=Post [32m200[0m 44.337 ms - 59[0m
[0mPOST / [33m404[0m 26.487 ms - 140[0m
[0mPOST / [33m404[0m 17.921 ms - 140[0m
[0mGET /posts/destroy/61b9635eeb24cd76af147184 [32m200[0m 42.190 ms - 72[0m
[0mPOST /posts/create [32m200[0m 38.164 ms - 301[0m
[0mGET / [32m200[0m 126.907 ms - 13560[0m
[0mGET / [36m304[0m 154.473 ms - -[0m
[0mGET /posts/destroy/61b9636deb24cd76af1471a5 [36m302[0m 41.913 ms - 88[0m
[0mGET / [32m200[0m 115.466 ms - 12398[0m
[0mPOST /posts/create [32m200[0m 68.203 ms - 302[0m
[0mGET / [32m200[0m 126.965 ms - 13561[0m
[0mPOST /posts/create [32m200[0m 36.148 ms - 305[0m
[0mGET / [32m200[0m 106.570 ms - 14991[0m
[0mGET / [36m304[0m 108.013 ms - -[0m
[0mGET / [36m304[0m 103.778 ms - -[0m
[0mGET / [36m304[0m 96.502 ms - -[0m
[0mGET / [36m304[0m 80.402 ms - -[0m
[0mGET / [36m304[0m 84.698 ms - -[0m
[0mGET / [36m304[0m 99.310 ms - -[0m
[0mGET / [36m304[0m 88.498 ms - -[0m
[0mGET / [36m304[0m 103.688 ms - -[0m
[0mGET / [36m304[0m 86.680 ms - -[0m
[0mGET / [36m304[0m 126.240 ms - -[0m
[0mGET / [36m304[0m 116.524 ms - -[0m
[0mGET / [36m304[0m 82.538 ms - -[0m
[0mGET / [36m304[0m 78.581 ms - -[0m
[0mGET / [32m200[0m 393.766 ms - 9103[0m
[0mGET /users/sign-in [36m304[0m 49.731 ms - -[0m
[0mPOST /users/create-session [36m302[0m 9.179 ms - 46[0m
[0mGET / [32m200[0m 79.083 ms - 15240[0m
[0mGET / [32m200[0m 75.615 ms - 14991[0m
[0mGET / [36m304[0m 100.703 ms - -[0m
[0mGET / [36m304[0m 86.762 ms - -[0m
[0mGET / [36m304[0m 125.073 ms - -[0m
[0mGET / [36m304[0m 139.469 ms - -[0m
[0mPOST / [33m404[0m 25.566 ms - 140[0m
[0mPOST /likes/toggle/?id=61b965e654440e8375e05381&type=Post [32m200[0m 71.448 ms - 59[0m
[0mPOST /likes/toggle/?id=61b965e654440e8375e05381&type=Post [32m200[0m 35.528 ms - 58[0m
[0mPOST /likes/toggle/?id=61b965e654440e8375e05381&type=Post [32m200[0m 30.021 ms - 59[0m
[0mPOST /likes/toggle/?id=61b965e654440e8375e05381&type=Post [32m200[0m 30.990 ms - 58[0m
[0mPOST /likes/toggle/?id=61b965e654440e8375e05381&type=Post [32m200[0m 32.665 ms - 59[0m
[0mPOST /likes/toggle/?id=61b965e654440e8375e05381&type=Post [32m200[0m 28.576 ms - 58[0m
[0mPOST /likes/toggle/?id=61b965e654440e8375e05381&type=Post [32m200[0m 31.215 ms - 59[0m
[0mGET / [32m200[0m 105.860 ms - 14991[0m
[0mGET / [36m304[0m 93.686 ms - -[0m
[0mGET / [36m304[0m 112.441 ms - -[0m
[0mPOST / [33m404[0m 21.991 ms - 140[0m
[0mPOST /likes/toggle/?id=61b965e654440e8375e05381&type=Post [32m200[0m 47.232 ms - 58[0m
[0mPOST /likes/toggle/?id=61b965e654440e8375e05381&type=Post [32m200[0m 32.881 ms - 59[0m
[0mPOST /likes/toggle/?id=61b965e654440e8375e05381&type=Post [32m200[0m 28.277 ms - 58[0m
[0mPOST /likes/toggle/?id=61b965e654440e8375e05381&type=Post [32m200[0m 31.032 ms - 59[0m
[0mPOST /likes/toggle/?id=61b965e654440e8375e05381&type=Post [32m200[0m 27.667 ms - 58[0m
[0mGET / [32m200[0m 155.840 ms - 14991[0m
[0mPOST / [33m404[0m 18.566 ms - 140[0m
[0mPOST /likes/toggle/?id=61b9639c54440e8375e05372&type=Post [32m200[0m 45.275 ms - 59[0m
[0mPOST /likes/toggle/?id=61b9639c54440e8375e05372&type=Post [32m200[0m 34.521 ms - 58[0m
[0mGET / [36m304[0m 113.625 ms - -[0m
[0mGET / [36m304[0m 109.665 ms - -[0m
[0mGET / [36m304[0m 99.966 ms - -[0m
[0mGET / [36m304[0m 115.461 ms - -[0m
[0mGET / [32m200[0m 83.951 ms - 15131[0m
[0mGET / [36m304[0m 96.432 ms - -[0m
[0mPOST / [33m404[0m 18.311 ms - 140[0m
[0mPOST /likes/toggle/?id=61b965e654440e8375e05381&type=Post [32m200[0m 28.130 ms - 59[0m
[0mPOST /likes/toggle/?id=61b965e654440e8375e05381&type=Post [32m200[0m 30.791 ms - 58[0m
[0mGET / [36m304[0m 125.967 ms - -[0m
[0mGET / [36m304[0m 91.146 ms - -[0m
[0mGET / [36m304[0m 83.984 ms - -[0m
[0mGET / [36m304[0m 94.212 ms - -[0m
[0mGET /users/sign-out [36m302[0m 16.256 ms - 46[0m
[0mGET / [32m200[0m 52.819 ms - 9494[0m
[0mGET / [32m200[0m 79.963 ms - 9247[0m
[0mGET / [36m304[0m 62.274 ms - -[0m
[0mGET / [36m304[0m 101.133 ms - -[0m
[0mPOST / [33m404[0m 7.019 ms - 140[0m
[0mGET /users/sign-in [36m304[0m 13.407 ms - -[0m
[0mGET /users/sign-in [36m304[0m 12.470 ms - -[0m
[0mPOST /users/create-session [36m302[0m 7.181 ms - 46[0m
[0mGET / [32m200[0m 55.331 ms - 15380[0m
[0mGET / [32m200[0m 87.105 ms - 15131[0m
[0mGET / [32m200[0m 127.506 ms - 15148[0m
[0mGET / [36m304[0m 110.930 ms - -[0m
[0mGET / [36m304[0m 75.054 ms - -[0m
[0mGET / [36m304[0m 82.978 ms - -[0m
[0mGET / [36m304[0m 95.115 ms - -[0m
[0mGET / [36m304[0m 89.884 ms - -[0m
[0mGET / [36m304[0m 125.119 ms - -[0m
[0mGET / [36m304[0m 97.918 ms - -[0m
[0mGET / [36m304[0m 82.997 ms - -[0m
[0mGET / [36m304[0m 89.421 ms - -[0m
[0mGET / [36m304[0m 98.170 ms - -[0m
[0mGET / [36m304[0m 83.130 ms - -[0m
[0mGET / [36m304[0m 63.734 ms - -[0m
[0mGET / [32m200[0m 91.784 ms - 15148[0m
[0mGET / [32m200[0m 114.209 ms - 15148[0m
[0mGET / [32m200[0m 141.036 ms - 15148[0m
[0mGET / [36m304[0m 91.797 ms - -[0m
[0mGET / [32m200[0m 83.383 ms - 15162[0m
[0mGET / [36m304[0m 96.712 ms - -[0m
[0mGET / [36m304[0m 78.395 ms - -[0m
[0mGET / [36m304[0m 96.720 ms - -[0m
[0mGET / [36m304[0m 82.755 ms - -[0m
[0mGET / [36m304[0m 93.569 ms - -[0m
[0mGET / [36m304[0m 107.040 ms - -[0m
[0mGET / [36m304[0m 87.427 ms - -[0m
[0mGET / [36m304[0m 100.017 ms - -[0m
[0mGET / [36m304[0m 100.861 ms - -[0m
[0mGET / [36m304[0m 81.258 ms - -[0m
[0mGET / [36m304[0m 92.147 ms - -[0m
[0mGET / [36m304[0m 107.444 ms - -[0m
[0mGET / [36m304[0m 90.412 ms - -[0m
[0mGET / [36m304[0m 107.160 ms - -[0m
[0mGET / [36m304[0m 82.480 ms - -[0m
[0mGET / [36m304[0m 109.840 ms - -[0m
[0mGET / [36m304[0m 79.279 ms - -[0m
[0mGET / [36m304[0m 65.637 ms - -[0m
[0mGET / [36m304[0m 63.423 ms - -[0m
[0mGET / [36m304[0m 71.679 ms - -[0m
[0mGET / [36m304[0m 65.076 ms - -[0m
[0mGET / [36m304[0m 71.344 ms - -[0m
[0mGET / [36m304[0m 60.963 ms - -[0m
[0mPOST / [33m404[0m 11.295 ms - 140[0m
[0mPOST /likes/toggle/?id=61b965e654440e8375e05381&type=Post [32m200[0m 24.473 ms - 59[0m
[0mPOST /likes/toggle/?id=61b965e654440e8375e05381&type=Post [32m200[0m 26.719 ms - 58[0m
[0mGET / [36m304[0m 120.077 ms - -[0m
[0mGET / [36m304[0m 114.852 ms - -[0m
[0mGET / [36m304[0m 65.819 ms - -[0m
[0mGET / [36m304[0m 143.711 ms - -[0m
[0mGET / [36m304[0m 84.123 ms - -[0m
[0mGET / [36m304[0m 111.669 ms - -[0m
[0mGET / [36m304[0m 81.877 ms - -[0m
[0mGET / [36m304[0m 89.603 ms - -[0m
[0mGET / [36m304[0m 88.861 ms - -[0m
[0mGET / [36m304[0m 64.535 ms - -[0m
[0mGET / [36m304[0m 75.816 ms - -[0m
[0mGET / [36m304[0m 68.798 ms - -[0m
[0mGET / [36m304[0m 76.921 ms - -[0m
[0mGET / [36m304[0m 133.551 ms - -[0m
[0mGET / [36m304[0m 71.380 ms - -[0m
[0mGET / [36m304[0m 86.114 ms - -[0m
[0mGET / [36m304[0m 84.848 ms - -[0m
[0mGET / [36m304[0m 126.929 ms - -[0m
[0mGET / [36m304[0m 73.737 ms - -[0m
[0mGET / [36m304[0m 81.886 ms - -[0m
[0mGET / [36m304[0m 105.112 ms - -[0m
[0mGET / [36m304[0m 129.551 ms - -[0m
[0mGET / [36m304[0m 89.280 ms - -[0m
[0mGET / [36m304[0m 72.207 ms - -[0m
[0mGET / [36m304[0m 82.360 ms - -[0m
[0mGET / [36m304[0m 92.101 ms - -[0m
[0mGET / [36m304[0m 70.253 ms - -[0m
[0mGET / [36m304[0m 116.228 ms - -[0m
[0mGET / [36m304[0m 59.413 ms - -[0m
[0mGET / [36m304[0m 66.080 ms - -[0m
[0mGET / [36m304[0m 77.685 ms - -[0m
[0mGET / [36m304[0m 66.495 ms - -[0m
[0mGET / [36m304[0m 86.919 ms - -[0m
[0mGET / [32m200[0m 92.811 ms - 15186[0m
[0mGET / [36m304[0m 113.652 ms - -[0m
[0mGET / [32m200[0m 69.438 ms - 15179[0m
[0mPOST /posts/create [32m200[0m 29.440 ms - 324[0m
[0mPOST /posts/create [32m200[0m 23.103 ms - 367[0m
[0mGET / [32m200[0m 88.762 ms - 18190[0m
[0mGET / [36m304[0m 91.970 ms - -[0m
[0mGET / [36m304[0m 69.262 ms - -[0m
[0mGET / [36m304[0m 91.288 ms - -[0m
[0mPOST /comments/create [32m200[0m 79.584 ms - 587[0m
[0mGET / [32m200[0m 87.360 ms - 19039[0m
[0mGET / [36m304[0m 88.091 ms - -[0m
[0mGET / [36m304[0m 102.788 ms - -[0m
[0mGET / [36m304[0m 101.638 ms - -[0m
[0mGET / [36m304[0m 103.673 ms - -[0m
[0mGET / [36m304[0m 92.281 ms - -[0m
[0mGET / [32m200[0m 112.821 ms - 19201[0m
[0mGET / [36m304[0m 73.002 ms - -[0m
[0mGET / [36m304[0m 77.627 ms - -[0m
[0mGET / [36m304[0m 96.531 ms - -[0m
[0mGET / [36m304[0m 60.538 ms - -[0m
[0mPOST /likes/toggle/?id=61b9b81454440e8375e0593c&type=Comment [32m200[0m 30.865 ms - 59[0m
[0mPOST /likes/toggle/?id=61b9b81454440e8375e0593c&type=Comment [32m200[0m 27.543 ms - 58[0m
[0mGET / [36m304[0m 77.014 ms - -[0m
[0mGET / [36m304[0m 112.130 ms - -[0m
[0mPOST / [33m404[0m 17.058 ms - 140[0m
[0mPOST /likes/toggle/?id=61b9b72254440e8375e0590b&type=Post [32m200[0m 41.780 ms - 59[0m
[0mPOST /likes/toggle/?id=61b9b72254440e8375e0590b&type=Post [32m200[0m 36.611 ms - 58[0m
[0mPOST /likes/toggle/?id=61b9b72254440e8375e0590b&type=Post [32m200[0m 30.188 ms - 59[0m
[0mGET / [32m200[0m 102.434 ms - 19201[0m
[0mGET / [36m304[0m 115.810 ms - -[0m
[0mGET / [36m304[0m 85.410 ms - -[0m
[0mGET / [36m304[0m 91.749 ms - -[0m
[0mGET / [36m304[0m 125.592 ms - -[0m
[0mGET / [36m304[0m 93.018 ms - -[0m
[0mGET / [36m304[0m 91.386 ms - -[0m
[0mGET / [36m304[0m 91.524 ms - -[0m
[0mPOST / [33m404[0m 24.309 ms - 140[0m
[0mPOST /likes/toggle/?id=61b9b72254440e8375e0590b&type=Post [32m200[0m 59.371 ms - 58[0m
[0mPOST /likes/toggle/?id=61b9b72254440e8375e0590b&type=Post [32m200[0m 28.589 ms - 59[0m
[0mPOST /likes/toggle/?id=61b9b72254440e8375e0590b&type=Post [32m200[0m 28.785 ms - 58[0m
[0mGET / [32m200[0m 114.296 ms - 19201[0m
[0mGET / [36m304[0m 91.452 ms - -[0m
[0mGET / [36m304[0m 105.531 ms - -[0m
[0mGET / [36m304[0m 86.497 ms - -[0m
[0mGET / [36m304[0m 96.725 ms - -[0m
[0mGET / [36m304[0m 71.590 ms - -[0m
[0mGET / [36m304[0m 88.748 ms - -[0m
[0mGET / [36m304[0m 64.790 ms - -[0m
[0mGET / [36m304[0m 63.079 ms - -[0m
[0mGET / [36m304[0m 69.786 ms - -[0m
[0mGET / [36m304[0m 108.896 ms - -[0m
[0mGET / [36m304[0m 84.248 ms - -[0m
[0mGET / [36m304[0m 87.868 ms - -[0m
[0mGET / [36m304[0m 68.039 ms - -[0m
[0mGET / [36m304[0m 101.597 ms - -[0m
[0mGET / [36m304[0m 89.929 ms - -[0m
[0mGET / [36m304[0m 99.682 ms - -[0m
[0mGET / [36m304[0m 91.174 ms - -[0m
[0mGET / [36m304[0m 81.006 ms - -[0m
[0mGET / [36m304[0m 76.186 ms - -[0m
[0mGET / [36m304[0m 97.079 ms - -[0m
[0mGET / [36m304[0m 88.009 ms - -[0m
[0mGET / [36m304[0m 86.744 ms - -[0m
[0mGET / [36m304[0m 90.562 ms - -[0m
[0mGET / [36m304[0m 79.058 ms - -[0m
[0mGET / [36m304[0m 65.743 ms - -[0m
[0mGET / [36m304[0m 99.645 ms - -[0m
[0mGET / [36m304[0m 115.601 ms - -[0m
[0mPOST /likes/toggle/?id=61b9b81454440e8375e0593c&type=Comment [32m200[0m 30.815 ms - 59[0m
[0mGET / [32m200[0m 79.308 ms - 19201[0m
[0mGET / [36m304[0m 84.844 ms - -[0m
[0mGET / [36m304[0m 96.047 ms - -[0m
[0mGET / [32m200[0m 85.117 ms - 11625[0m
[0mGET /users/sign-in [32m200[0m 13.043 ms - 2542[0m
[0mPOST /users/create-session [36m302[0m 8.440 ms - 46[0m
[0mGET / [32m200[0m 52.100 ms - 19450[0m
[0mGET / [32m200[0m 72.760 ms - 19201[0m
[0mGET /users/sign-out [36m302[0m 14.150 ms - 46[0m
[0mGET / [32m200[0m 40.853 ms - 11872[0m
[0mGET / [32m200[0m 63.078 ms - 11625[0m
[0mGET / [36m304[0m 56.742 ms - -[0m
[0mGET /users/sign-in [36m304[0m 10.552 ms - -[0m
[0mPOST /users/create-session [36m302[0m 6.010 ms - 46[0m
[0mGET / [32m200[0m 49.974 ms - 19450[0m
[0mGET / [32m200[0m 93.509 ms - 19201[0m
[0mGET / [36m304[0m 87.233 ms - -[0m
[0mGET / [36m304[0m 150.970 ms - -[0m
[0mGET / [36m304[0m 85.752 ms - -[0m
[0mGET / [36m304[0m 69.378 ms - -[0m
[0mGET / [36m304[0m 120.757 ms - -[0m
[0mGET / [36m304[0m 166.360 ms - -[0m
[0mGET / [36m304[0m 223.658 ms - -[0m
[0mGET / [36m304[0m 76.239 ms - -[0m
[0mGET / [36m304[0m 87.993 ms - -[0m
[0mGET / [36m304[0m 83.841 ms - -[0m
[0mPOST /likes/toggle/?id=61b9b81454440e8375e0593c&type=Comment [32m200[0m 28.396 ms - 58[0m
[0mPOST /likes/toggle/?id=61b9b81454440e8375e0593c&type=Comment [32m200[0m 27.290 ms - 59[0m
[0mGET / [36m304[0m 74.172 ms - -[0m
[0mGET / [36m304[0m 86.022 ms - -[0m
[0mGET / [36m304[0m 78.556 ms - -[0m
[0mGET / [36m304[0m 104.268 ms - -[0m
[0mGET / [36m304[0m 110.951 ms - -[0m
[0mGET / [36m304[0m 95.338 ms - -[0m
[0mGET / [36m304[0m 67.646 ms - -[0m
[0mGET / [36m304[0m 115.633 ms - -[0m
[0mGET / [32m200[0m 90.705 ms - 18799[0m
[0mGET / [36m304[0m 93.612 ms - -[0m
[0mPOST /comments/create [0m-[0m - ms - -[0m
[0mPOST /comments/create [0m-[0m - ms - -[0m
[0mPOST /comments/create [0m-[0m - ms - -[0m
[0mGET / [32m200[0m 80.641 ms - 19285[0m
[0mGET / [36m304[0m 102.931 ms - -[0m
[0mGET / [36m304[0m 69.711 ms - -[0m
[0mPOST /likes/toggle/?id=61b9b81454440e8375e0593c&type=Comment [32m200[0m 25.902 ms - 58[0m
[0mGET / [32m200[0m 97.676 ms - 19285[0m
[0mGET / [36m304[0m 92.578 ms - -[0m
[0mGET / [36m304[0m 70.897 ms - -[0m
[0mGET / [36m304[0m 81.233 ms - -[0m
[0mGET / [36m304[0m 94.824 ms - -[0m
[0mGET / [36m304[0m 82.854 ms - -[0m
[0mGET / [36m304[0m 108.865 ms - -[0m
[0mGET / [36m304[0m 58.736 ms - -[0m
[0mGET / [36m304[0m 82.213 ms - -[0m
[0mGET / [36m304[0m 81.393 ms - -[0m
[0mGET / [36m304[0m 79.410 ms - -[0m
[0mGET / [36m304[0m 59.365 ms - -[0m
[0mGET / [36m304[0m 70.964 ms - -[0m
[0mGET / [36m304[0m 78.140 ms - -[0m
[0mGET / [36m304[0m 92.705 ms - -[0m
[0mGET / [36m304[0m 85.524 ms - -[0m
[0mGET / [36m304[0m 54.060 ms - -[0m
[0mGET / [36m304[0m 73.911 ms - -[0m
[0mGET / [36m304[0m 80.144 ms - -[0m
[0mGET / [36m304[0m 76.101 ms - -[0m
[0mGET / [36m304[0m 82.244 ms - -[0m
[0mGET / [36m304[0m 100.878 ms - -[0m
[0mGET / [36m304[0m 66.001 ms - -[0m
[0mGET / [36m304[0m 76.729 ms - -[0m
[0mGET / [36m304[0m 91.774 ms - -[0m
[0mPOST /comments/create [32m200[0m 92.014 ms - 652[0m
[0mGET / [32m200[0m 110.023 ms - 20172[0m
[0mGET / [36m304[0m 96.071 ms - -[0m
[0mGET / [36m304[0m 96.725 ms - -[0m
[0mGET / [32m200[0m 68.796 ms - 20256[0m
[0mGET / [36m304[0m 152.328 ms - -[0m
[0mGET / [36m304[0m 93.035 ms - -[0m
[0mGET / [32m200[0m 92.190 ms - 20514[0m
[0mGET / [36m304[0m 92.119 ms - -[0m
[0mGET / [36m304[0m 67.249 ms - -[0m
[0mGET / [36m304[0m 93.838 ms - -[0m
[0mGET / [36m304[0m 109.314 ms - -[0m
[0mGET / [36m304[0m 93.450 ms - -[0m
[0mGET / [36m304[0m 93.477 ms - -[0m
[0mGET / [36m304[0m 128.931 ms - -[0m
[0mGET / [36m304[0m 118.574 ms - -[0m
[0mGET / [36m304[0m 85.016 ms - -[0m
[0mGET / [36m304[0m 125.251 ms - -[0m
[0mGET / [36m304[0m 66.605 ms - -[0m
[0mGET / [36m304[0m 96.573 ms - -[0m
[0mGET / [36m304[0m 91.434 ms - -[0m
[0mPOST /likes/toggle/?id=61b9b81454440e8375e0593c&type=Comment [32m200[0m 33.864 ms - 59[0m
[0mGET / [32m200[0m 93.692 ms - 20514[0m
[0mGET / [36m304[0m 73.283 ms - -[0m
[0mGET / [36m304[0m 73.808 ms - -[0m
[0mGET / [36m304[0m 92.316 ms - -[0m
[0mGET / [36m304[0m 91.193 ms - -[0m
[0mGET / [36m304[0m 75.836 ms - -[0m
[0mGET / [32m200[0m 63.067 ms - 20724[0m
[0mGET / [36m304[0m 80.210 ms - -[0m
[0mGET / [36m304[0m 129.602 ms - -[0m
[0mGET / [36m304[0m 64.439 ms - -[0m
[0mGET / [36m304[0m 68.173 ms - -[0m
[0mGET / [36m304[0m 109.002 ms - -[0m
[0mGET / [36m304[0m 90.568 ms - -[0m
[0mGET / [36m304[0m 77.217 ms - -[0m
[0mGET / [36m304[0m 81.330 ms - -[0m
[0mGET / [32m200[0m 96.347 ms - 20521[0m
[0mGET / [36m304[0m 93.977 ms - -[0m
[0mGET / [32m200[0m 92.081 ms - 20367[0m
[0mGET / [32m200[0m 117.762 ms - 20514[0m
[0mGET / [32m200[0m 93.381 ms - 20367[0m
[0mGET / [36m304[0m 116.249 ms - -[0m
[0mGET / [36m304[0m 71.261 ms - -[0m
[0mPOST /likes/toggle/?id=61b9e73454440e8375e05e3c&type=Comment [32m200[0m 32.083 ms - 59[0m
[0mGET / [32m200[0m 99.770 ms - 20367[0m
[0mGET / [36m304[0m 85.642 ms - -[0m
[0mGET / [36m304[0m 91.979 ms - -[0m
[0mGET / [36m304[0m 80.545 ms - -[0m
[0mGET / [36m304[0m 85.207 ms - -[0m
[0mGET / [36m304[0m 95.476 ms - -[0m
[0mGET / [36m304[0m 100.557 ms - -[0m
[0mGET / [36m304[0m 95.107 ms - -[0m
[0mGET / [36m304[0m 104.706 ms - -[0m
[0mGET / [36m304[0m 91.684 ms - -[0m
[0mGET / [36m304[0m 95.690 ms - -[0m
[0mGET / [36m304[0m 114.601 ms - -[0m
[0mGET / [36m304[0m 90.758 ms - -[0m
[0mPOST / [33m404[0m 32.941 ms - 140[0m
[0mPOST /likes/toggle/?id=61b9b72254440e8375e0590b&type=Post [32m200[0m 51.830 ms - 59[0m
[0mGET / [32m200[0m 94.922 ms - 20367[0m
[0mGET / [36m304[0m 103.754 ms - -[0m
[0mGET / [36m304[0m 79.072 ms - -[0m
[0mGET / [36m304[0m 83.573 ms - -[0m
[0mGET / [36m304[0m 77.628 ms - -[0m
[0mGET / [36m304[0m 107.747 ms - -[0m
[0mGET / [36m304[0m 94.144 ms - -[0m
[0mGET / [36m304[0m 147.421 ms - -[0m
[0mGET / [36m304[0m 72.025 ms - -[0m
[0mGET / [36m304[0m 61.420 ms - -[0m
[0mGET / [36m304[0m 83.208 ms - -[0m
[0mGET / [36m304[0m 101.118 ms - -[0m
[0mGET / [36m304[0m 78.754 ms - -[0m
[0mGET / [36m304[0m 72.334 ms - -[0m
[0mGET / [36m304[0m 90.400 ms - -[0m
[0mGET / [36m304[0m 89.415 ms - -[0m
[0mGET / [36m304[0m 98.098 ms - -[0m
[0mGET / [31m500[0m 141.629 ms - 2256[0m
[0mGET / [31m500[0m 107.908 ms - 2256[0m
[0mGET / [31m500[0m 165.055 ms - 2256[0m
[0mGET / [31m500[0m 86.838 ms - 2256[0m
[0mGET / [32m200[0m 154.185 ms - 20409[0m
[0mPOST /posts/create [32m200[0m 35.487 ms - 305[0m
[0mGET / [32m200[0m 148.814 ms - 16101[0m
[0mGET /posts/destroy/61b9f224157c23f6c1827eb1 [36m302[0m 39.215 ms - 88[0m
[0mGET / [32m200[0m 81.258 ms - 14799[0m
[0mPOST /posts/create [32m200[0m 32.473 ms - 303[0m
[0mGET / [32m200[0m 223.061 ms - 21977[0m
[0mGET /posts/destroy/61b9f24a157c23f6c1827ed3 [36m302[0m 62.943 ms - 88[0m
[0mGET / [32m200[0m 112.142 ms - 20673[0m
[0mPOST /posts/create [32m200[0m 33.520 ms - 303[0m
[0mGET / [32m200[0m 194.209 ms - 21977[0m
[0mGET /posts/destroy/61b9f29a285da83eced35368 [36m302[0m 79.730 ms - 88[0m
[0mGET / [32m200[0m 85.352 ms - 20673[0m
[0mPOST /posts/create [32m200[0m 36.634 ms - 304[0m
[0mGET /posts/destroy/61b9f2f5d583b9c42775cb77 [32m200[0m 35.468 ms - 72[0m
[0mGET / [32m200[0m 125.595 ms - 20409[0m
[0mGET / [36m304[0m 193.648 ms - -[0m
[0mPOST /posts/create [32m200[0m 75.507 ms - 304[0m
[0mPOST /comments/create [36m302[0m 70.682 ms - 46[0m
[0mGET / [32m200[0m 131.725 ms - 23049[0m
[0mPOST /comments/create [32m200[0m 60.985 ms - 553[0m
[0mPOST /comments/create [32m200[0m 81.682 ms - 582[0m
[0mGET / [32m200[0m 257.202 ms - 24470[0m
[0mGET /posts/destroy/61b9f41c494822fcdc362cf8 [36m302[0m 61.525 ms - 88[0m
[0mGET / [32m200[0m 98.695 ms - 20673[0m
[0mPOST /posts/create [32m200[0m 71.586 ms - 304[0m
[0mPOST /comments/create [36m302[0m 80.245 ms - 46[0m
[0mGET / [32m200[0m 131.299 ms - 23048[0m
[0mPOST /comments/create [32m200[0m 58.486 ms - 552[0m
[0mPOST /comments/create [32m200[0m 61.765 ms - 580[0m
[0mGET / [32m200[0m 149.027 ms - 24466[0m
[0mGET / [36m304[0m 83.594 ms - -[0m
[0mGET / [36m304[0m 103.177 ms - -[0m
[0mGET / [36m304[0m 86.587 ms - -[0m
[0mGET /users/sign-out [36m302[0m 18.396 ms - 46[0m
[0mGET / [32m200[0m 86.274 ms - 15106[0m
[0mGET / [32m200[0m 133.818 ms - 14859[0m
[0mGET / [36m304[0m 137.183 ms - -[0m
[0mGET / [36m304[0m 65.411 ms - -[0m
[0mGET / [36m304[0m 86.247 ms - -[0m
[0mGET / [36m304[0m 85.404 ms - -[0m
[0mGET / [36m304[0m 68.112 ms - -[0m
[0mGET / [36m304[0m 68.838 ms - -[0m
[0mGET / [36m304[0m 63.831 ms - -[0m
[0mGET / [36m304[0m 68.543 ms - -[0m
[0mGET / [36m304[0m 68.655 ms - -[0m
[0mGET / [36m304[0m 70.309 ms - -[0m
[0mGET / [36m304[0m 69.530 ms - -[0m
[0mGET / [36m304[0m 62.519 ms - -[0m
[0mGET / [36m304[0m 67.077 ms - -[0m
[0mPOST / [33m404[0m 12.008 ms - 140[0m
[0mGET / [36m304[0m 82.436 ms - -[0m
[0mGET / [36m304[0m 97.257 ms - -[0m
[0mGET / [36m304[0m 103.928 ms - -[0m
[0mGET / [36m304[0m 114.627 ms - -[0m
[0mGET / [36m304[0m 115.121 ms - -[0m
[0mGET / [36m304[0m 87.358 ms - -[0m
[0mGET / [36m304[0m 89.100 ms - -[0m
[0mGET / [36m304[0m 62.913 ms - -[0m
[0mGET / [36m304[0m 70.654 ms - -[0m
[0mGET /users/sign-in [36m304[0m 21.607 ms - -[0m
[0mPOST /users/create-session [36m302[0m 12.634 ms - 46[0m
[0mGET / [32m200[0m 70.952 ms - 24715[0m
[0mGET / [32m200[0m 123.013 ms - 24466[0m
[0mGET / [36m304[0m 161.884 ms - -[0m
[0mGET /users/sign-out [36m302[0m 15.380 ms - 46[0m
[0mGET / [32m200[0m 70.345 ms - 15106[0m
[0mGET / [32m200[0m 120.299 ms - 14859[0m
[0mGET /users/profile/61a153c4201dbd566d87c863 [36m302[0m 5.679 ms - 72[0m
[0mGET /users/sign-in [36m304[0m 11.726 ms - -[0m
[0mGET /users/sign-in [36m304[0m 19.804 ms - -[0m
[0mGET /users/sign-in [36m304[0m 16.132 ms - -[0m
[0mGET /users/sign-in [36m304[0m 9.132 ms - -[0m
[0mGET / [36m304[0m 103.889 ms - -[0m
[0mGET /users/sign-in [36m304[0m 16.957 ms - -[0m
[0mPOST /users/create-session [36m302[0m 10.069 ms - 46[0m
[0mGET / [32m200[0m 78.202 ms - 24715[0m
[0mGET /users/profile/61a153c4201dbd566d87c863 [32m200[0m 62.414 ms - 2849[0m
[0mGET / [32m200[0m 111.252 ms - 24466[0m
[0mGET /users/profile/61a153c4201dbd566d87c863 [36m304[0m 37.177 ms - -[0m
[0mGET /users/sign-out [36m302[0m 9.950 ms - 46[0m
[0mGET / [32m200[0m 78.934 ms - 15106[0m
[0mGET /users/sign-in [36m304[0m 15.577 ms - -[0m
[0mPOST /users/create-session [36m302[0m 10.960 ms - 46[0m
[0mGET / [32m200[0m 72.432 ms - 22072[0m
[0mGET /users/profile/61a153d7201dbd566d87c868 [32m200[0m 24.980 ms - 2775[0m
[0mGET /users/profile/61a153d7201dbd566d87c868 [36m304[0m 29.533 ms - -[0m
[0mPOST /users/update/61a153d7201dbd566d87c868 [36m302[0m 35.553 ms - 164[0m
[0mGET /users/profile/61a153d7201dbd566d87c868 [36m304[0m 24.319 ms - -[0m
[0mPOST /users/update/61a153d7201dbd566d87c868 [36m302[0m 31.827 ms - 164[0m
[0mGET /users/profile/61a153d7201dbd566d87c868 [36m304[0m 13.455 ms - -[0m
[0mPOST /users/update/61a153d7201dbd566d87c868 [36m302[0m 39.362 ms - 164[0m
[0mGET /users/profile/61a153d7201dbd566d87c868 [32m200[0m 15.198 ms - 2828[0m
[0mGET /users/profile/61a153d7201dbd566d87c868 [36m304[0m 48.541 ms - -[0m
[0mGET /users/sign-out [36m302[0m 15.124 ms - 46[0m
[0mGET / [32m200[0m 62.493 ms - 15106[0m
[0mGET /users/sign-in [36m304[0m 22.697 ms - -[0m
[0mPOST /users/create-session [36m302[0m 7.806 ms - 46[0m
[0mGET / [32m200[0m 73.444 ms - 24715[0m
[0mGET /users/profile/61a153c4201dbd566d87c863 [36m304[0m 34.395 ms - -[0m
[0mGET /users/profile/61a153c4201dbd566d87c863 [36m304[0m 47.320 ms - -[0m
[0mGET /users/profile/61a153c4201dbd566d87c863 [36m304[0m 29.343 ms - -[0m
[0mGET /users/sign-out [36m302[0m 15.198 ms - 46[0m
[0mGET / [32m200[0m 85.513 ms - 15106[0m
[0mGET /users/sign-in [36m304[0m 18.802 ms - -[0m
[0mPOST /users/create-session [36m302[0m 9.226 ms - 46[0m
[0mGET / [32m200[0m 93.780 ms - 22072[0m
[0mGET /users/profile/61a153d7201dbd566d87c868 [36m304[0m 38.139 ms - -[0m
[0mGET /users/profile/61a153d7201dbd566d87c868 [32m200[0m 25.537 ms - 2845[0m
[0mGET /users/profile/61a153d7201dbd566d87c868 [36m304[0m 19.449 ms - -[0m
[0mGET /users/profile/61a153d7201dbd566d87c868 [36m304[0m 23.513 ms - -[0m
[0mGET /users/profile/61a153d7201dbd566d87c868 [32m200[0m 23.784 ms - 2869[0m
[0mGET /users/profile/61a153d7201dbd566d87c868 [36m304[0m 30.868 ms - -[0m
[0mGET /users/profile/61a153d7201dbd566d87c868 [36m304[0m 23.014 ms - -[0m
[0mGET /users/profile/61a153d7201dbd566d87c868 [36m304[0m 37.813 ms - -[0m
[0mGET /users/profile/61a153d7201dbd566d87c868 [36m304[0m 18.712 ms - -[0m
[0mGET /users/profile/61a153d7201dbd566d87c868 [36m304[0m 23.889 ms - -[0m
[0mGET /users/profile/61a153d7201dbd566d87c868 [36m304[0m 29.012 ms - -[0m
[0mGET /users/profile/61a153d7201dbd566d87c868 [36m304[0m 35.049 ms - -[0m
[0mGET /users/profile/61a153d7201dbd566d87c868 [36m304[0m 24.394 ms - -[0m
[0mGET /users/profile/61a153d7201dbd566d87c868 [36m304[0m 49.611 ms - -[0m
[0mGET /users/profile/61a153d7201dbd566d87c868 [36m304[0m 31.820 ms - -[0m
[0mGET /users/profile/61a153d7201dbd566d87c868 [36m304[0m 24.705 ms - -[0m
[0mGET /users/profile/61a153d7201dbd566d87c868 [36m304[0m 27.564 ms - -[0m
[0mGET /users/profile/61a153d7201dbd566d87c868 [36m304[0m 28.309 ms - -[0m
[0mGET /users/profile/61a153d7201dbd566d87c868 [36m304[0m 33.409 ms - -[0m
[0mGET /users/profile/61a153d7201dbd566d87c868 [36m304[0m 30.507 ms - -[0m
[0mGET /users/profile/61a153d7201dbd566d87c868 [36m304[0m 29.915 ms - -[0m
[0mGET /users/profile/61a153d7201dbd566d87c868 [36m304[0m 23.157 ms - -[0m
[0mGET /users/profile/61a153d7201dbd566d87c868 [36m304[0m 22.313 ms - -[0m
[0mGET /users/profile/61a153d7201dbd566d87c868 [36m304[0m 26.769 ms - -[0m
[0mGET /users/profile/61a153d7201dbd566d87c868 [36m304[0m 22.595 ms - -[0m
[0mGET /users/profile/61a153d7201dbd566d87c868 [36m304[0m 22.293 ms - -[0m
[0mGET /users/profile/61a153d7201dbd566d87c868 [36m304[0m 24.381 ms - -[0m
[0mGET /users/profile/61a153d7201dbd566d87c868 [36m304[0m 22.206 ms - -[0m
[0mGET /users/profile/61a153d7201dbd566d87c868 [36m304[0m 20.375 ms - -[0m
[0mGET /users/profile/61a153d7201dbd566d87c868 [36m304[0m 27.882 ms - -[0m
[0mGET /users/profile/61a153d7201dbd566d87c868 [36m304[0m 30.853 ms - -[0m
[0mGET /users/profile/61a153d7201dbd566d87c868 [36m304[0m 40.615 ms - -[0m
[0mGET /users/profile/61a153d7201dbd566d87c868 [36m304[0m 21.851 ms - -[0m
[0mGET /users/profile/61a153d7201dbd566d87c868 [36m304[0m 38.982 ms - -[0m
[0mGET /users/profile/61a153d7201dbd566d87c868 [36m304[0m 19.771 ms - -[0m
[0mGET /users/profile/61a153d7201dbd566d87c868 [36m304[0m 35.130 ms - -[0m
[0mGET /users/profile/61a153d7201dbd566d87c868 [36m304[0m 22.013 ms - -[0m
[0mGET /users/profile/61a153d7201dbd566d87c868 [36m304[0m 24.847 ms - -[0m
[0mGET /users/sign-out [36m302[0m 18.351 ms - 46[0m
[0mGET / [32m200[0m 73.095 ms - 15106[0m
[0mGET /users/sign-in [36m304[0m 22.550 ms - -[0m
[0mPOST /users/create-session [36m302[0m 7.363 ms - 46[0m
[0mGET / [32m200[0m 64.107 ms - 24715[0m
[0mGET /users/profile/61a153c4201dbd566d87c863 [32m200[0m 37.375 ms - 2890[0m
[0mGET /users/profile/61a153c4201dbd566d87c863 [32m200[0m 28.423 ms - 2932[0m
[0mGET /users/profile/61a153c4201dbd566d87c863 [32m200[0m 34.072 ms - 3019[0m
[0mGET /users/profile/61a153c4201dbd566d87c863 [32m200[0m 24.164 ms - 3096[0m
[0mGET /users/profile/61a153c4201dbd566d87c863 [36m304[0m 37.742 ms - -[0m
[0mGET /users/profile/61a153c4201dbd566d87c863 [36m304[0m 34.948 ms - -[0m
[0mGET /users/profile/61a153c4201dbd566d87c863 [32m200[0m 43.646 ms - 3110[0m
[0mGET /users/profile/61a153c4201dbd566d87c863 [36m304[0m 55.868 ms - -[0m
[0mGET /users/profile/61a153c4201dbd566d87c863 [36m304[0m 22.609 ms - -[0m
[0mGET /users/profile/61a153c4201dbd566d87c863 [36m304[0m 29.293 ms - -[0m
[0mGET /users/profile/61a153c4201dbd566d87c863 [36m304[0m 39.101 ms - -[0m
[0mGET /users/profile/61a153c4201dbd566d87c863 [36m304[0m 25.210 ms - -[0m
[0mGET /users/profile/61a153c4201dbd566d87c863 [36m302[0m 4.300 ms - 72[0m
[0mGET /users/sign-in [36m304[0m 19.676 ms - -[0m
[0mGET /users/sign-in [36m304[0m 8.021 ms - -[0m
[0mGET /users/sign-in [36m304[0m 9.292 ms - -[0m
[0mPOST /users/create-session [36m302[0m 17.147 ms - 46[0m
[0mGET / [36m304[0m 99.939 ms - -[0m
[0mGET /users/profile/61a153c4201dbd566d87c863 [32m200[0m 14.594 ms - 3110[0m
[0mGET /users/profile/61a153c4201dbd566d87c863 [36m304[0m 24.163 ms - -[0m
[0mGET /users/profile/61a153c4201dbd566d87c863 [36m304[0m 24.104 ms - -[0m
[0mGET /users/profile/61a153c4201dbd566d87c863 [36m304[0m 23.168 ms - -[0m
[0mGET /users/profile/61a153c4201dbd566d87c863 [36m304[0m 34.608 ms - -[0m
[0mGET /users/profile/61a153c4201dbd566d87c863 [36m304[0m 17.216 ms - -[0m
[0mGET /users/profile/61a153c4201dbd566d87c863 [36m304[0m 20.873 ms - -[0m
[0mGET /users/profile/61a153c4201dbd566d87c863 [36m304[0m 19.272 ms - -[0m
[0mGET /users/profile/61a153c4201dbd566d87c863 [36m304[0m 22.332 ms - -[0m
[0mGET /users/profile/61a153c4201dbd566d87c863 [36m304[0m 37.234 ms - -[0m
[0mGET /users/profile/61a153c4201dbd566d87c863 [32m200[0m 27.059 ms - 3159[0m
[0mGET /users/profile/61a153c4201dbd566d87c863 [36m304[0m 32.993 ms - -[0m
[0mGET /users/profile/61a153c4201dbd566d87c863 [36m304[0m 37.843 ms - -[0m
[0mGET /users/profile/61a153c4201dbd566d87c863 [36m304[0m 24.227 ms - -[0m
[0mGET /users/profile/61a153c4201dbd566d87c863 [36m304[0m 32.094 ms - -[0m
[0mGET /users/profile/61a153c4201dbd566d87c863 [36m304[0m 35.033 ms - -[0m
[0mGET /users/profile/61a153c4201dbd566d87c863 [36m304[0m 30.000 ms - -[0m
[0mGET /users/profile/61a153c4201dbd566d87c863 [36m304[0m 32.919 ms - -[0m
[0mGET /users/profile/61a153c4201dbd566d87c863 [36m304[0m 26.015 ms - -[0m
[0mGET /users/profile/61a153c4201dbd566d87c863 [36m304[0m 20.215 ms - -[0m
[0mGET /users/profile/61a153c4201dbd566d87c863 [36m304[0m 19.876 ms - -[0m
[0mGET /users/profile/61a153c4201dbd566d87c863 [36m304[0m 28.691 ms - -[0m
[0mGET /users/profile/61a153c4201dbd566d87c863 [36m304[0m 23.382 ms - -[0m
[0mGET /users/profile/61a153c4201dbd566d87c863 [32m200[0m 26.960 ms - 3130[0m
[0mGET /users/profile/61a153c4201dbd566d87c863 [36m304[0m 23.612 ms - -[0m
[0mGET /users/profile/61a153c4201dbd566d87c863 [36m304[0m 36.846 ms - -[0m
[0mGET /users/profile/61a153c4201dbd566d87c863 [36m304[0m 45.365 ms - -[0m
[0mGET /users/profile/61a153c4201dbd566d87c863 [36m304[0m 24.331 ms - -[0m
[0mGET /users/profile/61a153c4201dbd566d87c863 [36m304[0m 29.306 ms - -[0m
[0mGET /users/profile/61a153c4201dbd566d87c863 [36m304[0m 42.825 ms - -[0m
[0mGET /users/profile/61a153c4201dbd566d87c863 [36m304[0m 31.810 ms - -[0m
[0mGET /users/profile/61a153c4201dbd566d87c863 [36m304[0m 30.022 ms - -[0m
[0mGET /users/profile/61a153c4201dbd566d87c863 [36m304[0m 29.353 ms - -[0m
[0mGET /users/profile/61a153c4201dbd566d87c863 [36m304[0m 29.387 ms - -[0m
[0mGET /users/profile/61a153c4201dbd566d87c863 [36m304[0m 48.937 ms - -[0m
[0mGET /users/profile/61a153c4201dbd566d87c863 [36m304[0m 34.499 ms - -[0m
[0mGET /users/profile/61a153c4201dbd566d87c863 [36m304[0m 23.188 ms - -[0m
[0mGET /users/profile/61a153c4201dbd566d87c863 [36m304[0m 37.932 ms - -[0m
[0mGET /users/profile/61a153c4201dbd566d87c863 [36m304[0m 25.843 ms - -[0m
[0mGET /users/profile/61a153c4201dbd566d87c863 [36m304[0m 28.489 ms - -[0m
[0mGET /users/profile/61a153c4201dbd566d87c863 [36m304[0m 30.700 ms - -[0m
[0mGET /users/profile/61a153c4201dbd566d87c863 [32m200[0m 43.872 ms - 3186[0m
[0mGET /users/profile/61a153c4201dbd566d87c863 [36m304[0m 29.236 ms - -[0m
[0mGET /users/profile/61a153c4201dbd566d87c863 [36m304[0m 28.646 ms - -[0m
[0mGET /users/profile/61a153c4201dbd566d87c863 [36m304[0m 35.160 ms - -[0m
[0mGET /users/profile/61a153c4201dbd566d87c863 [36m304[0m 42.690 ms - -[0m
[0mGET /users/profile/61a153c4201dbd566d87c863 [36m304[0m 19.459 ms - -[0m
[0mGET /users/profile/61a153c4201dbd566d87c863 [36m304[0m 16.996 ms - -[0m
[0mGET /users/profile/61a153c4201dbd566d87c863 [36m304[0m 23.719 ms - -[0m
[0mPOST /users/update/61a153c4201dbd566d87c863 [36m302[0m 46.271 ms - 164[0m
[0mGET /users/profile/61a153c4201dbd566d87c863 [36m304[0m 14.200 ms - -[0m
[0mPOST /users/update/61a153c4201dbd566d87c863 [36m302[0m 34.265 ms - 164[0m
[0mGET /users/profile/61a153c4201dbd566d87c863 [36m304[0m 35.226 ms - -[0m
[0mPOST /users/update/61a153c4201dbd566d87c863 [36m302[0m 29.075 ms - 164[0m
[0mGET /users/profile/61a153c4201dbd566d87c863 [36m304[0m 16.588 ms - -[0m
[0mPOST /users/update/61a153c4201dbd566d87c863 [36m302[0m 40.893 ms - 164[0m
[0mGET /users/profile/61a153c4201dbd566d87c863 [32m200[0m 20.530 ms - 3186[0m
[0mPOST /users/update/61a153c4201dbd566d87c863 [36m302[0m 139.370 ms - 164[0m
[0mGET /users/profile/61a153c4201dbd566d87c863 [32m200[0m 22.009 ms - 3186[0m
[0mPOST /users/update/61a153c4201dbd566d87c863 [36m302[0m 30.085 ms - 164[0m
[0mGET /users/profile/61a153c4201dbd566d87c863 [36m304[0m 16.967 ms - -[0m
[0mGET /users/profile/61a153c4201dbd566d87c863 [32m200[0m 40.138 ms - 3194[0m
[0mGET /users/profile/61a153c4201dbd566d87c863 [36m304[0m 19.977 ms - -[0m
[0mGET /users/profile/61a153c4201dbd566d87c863 [36m304[0m 27.127 ms - -[0m
[0mGET /users/profile/61a153c4201dbd566d87c863 [36m304[0m 32.883 ms - -[0m
[0mGET /users/profile/61a153c4201dbd566d87c863 [36m304[0m 32.080 ms - -[0m
[0mGET /users/profile/61a153c4201dbd566d87c863 [36m304[0m 23.522 ms - -[0m
[0mGET /users/profile/61a153c4201dbd566d87c863 [36m304[0m 18.788 ms - -[0m
[0mGET /users/profile/61a153c4201dbd566d87c863 [36m304[0m 45.179 ms - -[0m
[0mGET /users/profile/61a153c4201dbd566d87c863 [36m304[0m 20.169 ms - -[0m
[0mGET /users/profile/61a153c4201dbd566d87c863 [36m304[0m 17.005 ms - -[0m
[0mGET /users/profile/61a153c4201dbd566d87c863 [36m304[0m 22.854 ms - -[0m
[0mGET /users/profile/61a153c4201dbd566d87c863 [36m304[0m 17.438 ms - -[0m
[0mGET /users/profile/61a153c4201dbd566d87c863 [36m304[0m 36.199 ms - -[0m
[0mGET /users/profile/61a153c4201dbd566d87c863 [36m304[0m 37.604 ms - -[0m
[0mGET /users/profile/61a153c4201dbd566d87c863 [36m304[0m 31.301 ms - -[0m
[0mGET /users/profile/61a153c4201dbd566d87c863 [32m200[0m 29.665 ms - 3223[0m
[0mGET /users/profile/61a153c4201dbd566d87c863 [36m304[0m 28.373 ms - -[0m
[0mGET /users/profile/61a153c4201dbd566d87c863 [32m200[0m 31.776 ms - 3207[0m
[0mGET /users/profile/61a153c4201dbd566d87c863 [36m304[0m 36.513 ms - -[0m
[0mGET /users/profile/61a153c4201dbd566d87c863 [32m200[0m 27.841 ms - 3203[0m
[0mGET /users/profile/61a153c4201dbd566d87c863 [36m304[0m 44.948 ms - -[0m
[0mGET /users/profile/61a153c4201dbd566d87c863 [36m304[0m 26.138 ms - -[0m
[0mGET /users/profile/61a153c4201dbd566d87c863 [36m304[0m 37.925 ms - -[0m
[0mGET /users/profile/61a153c4201dbd566d87c863 [36m304[0m 24.074 ms - -[0m
[0mGET /users/profile/61a153c4201dbd566d87c863 [36m304[0m 19.774 ms - -[0m
[0mGET /users/profile/61a153c4201dbd566d87c863 [32m200[0m 28.821 ms - 3198[0m
[0mGET /users/profile/61a153c4201dbd566d87c863 [36m304[0m 43.004 ms - -[0m
[0mGET /users/profile/61a153c4201dbd566d87c863 [36m304[0m 40.144 ms - -[0m
[0mGET /users/profile/61a153c4201dbd566d87c863 [36m304[0m 36.611 ms - -[0m
[0mGET /users/profile/61a153c4201dbd566d87c863 [36m304[0m 30.172 ms - -[0m
[0mGET /users/profile/61a153c4201dbd566d87c863 [36m304[0m 19.666 ms - -[0m
[0mGET /users/profile/61a153c4201dbd566d87c863 [36m304[0m 31.992 ms - -[0m
[0mGET /users/profile/61a153c4201dbd566d87c863 [36m304[0m 30.341 ms - -[0m
[0mGET /users/profile/61a153c4201dbd566d87c863 [36m304[0m 37.867 ms - -[0m
[0mGET /users/profile/61a153c4201dbd566d87c863 [36m304[0m 40.253 ms - -[0m
[0mGET /users/profile/61a153c4201dbd566d87c863 [36m304[0m 37.968 ms - -[0m
[0mGET /users/profile/61a153c4201dbd566d87c863 [36m304[0m 24.393 ms - -[0m
[0mGET /users/profile/61a153c4201dbd566d87c863 [36m304[0m 37.515 ms - -[0m
[0mGET / [32m200[0m 139.698 ms - 24466[0m
[0mGET /users/profile/61a153d7201dbd566d87c868 [32m200[0m 25.116 ms - 2807[0m
[0mGET /users/profile/61a153d7201dbd566d87c868 [36m304[0m 32.252 ms - -[0m
[0mGET /users/profile/61a153d7201dbd566d87c868 [32m200[0m 31.277 ms - 2673[0m
[0mGET /users/profile/61a153c4201dbd566d87c863 [32m200[0m 45.492 ms - 3207[0m
[0mGET /users/profile/61a153c4201dbd566d87c863 [36m304[0m 33.250 ms - -[0m
[0mGET /users/profile/61a153c4201dbd566d87c863 [36m304[0m 40.570 ms - -[0m
[0mGET /users/profile/61a153d7201dbd566d87c868 [36m304[0m 29.611 ms - -[0m
[0mGET /users/profile/61a153d7201dbd566d87c868 [32m200[0m 31.498 ms - 2690[0m
[0mGET /users/profile/61a153d7201dbd566d87c868 [32m200[0m 29.970 ms - 2788[0m
[0mGET /users/profile/61a153d7201dbd566d87c868 [32m200[0m 32.569 ms - 2772[0m
[0mGET /users/profile/61a153d7201dbd566d87c868 [36m304[0m 23.591 ms - -[0m
[0mGET /users/profile/61a153d7201dbd566d87c868 [32m200[0m 45.320 ms - 2819[0m
[0mGET /users/profile/61a153d7201dbd566d87c868 [36m304[0m 42.469 ms - -[0m
[0mGET /users/profile/61a153d7201dbd566d87c868 [36m304[0m 17.627 ms - -[0m
[0mGET /users/profile/61a153d7201dbd566d87c868 [36m304[0m 18.425 ms - -[0m
[0mGET /users/profile/61a153d7201dbd566d87c868 [36m304[0m 28.000 ms - -[0m
[0mGET /users/profile/61a153d7201dbd566d87c868 [32m200[0m 27.240 ms - 2847[0m
[0mGET /users/profile/61a153d7201dbd566d87c868 [36m304[0m 42.756 ms - -[0m
[0mGET /users/profile/61a153d7201dbd566d87c868 [36m304[0m 19.449 ms - -[0m
[0mGET /users/profile/61a153d7201dbd566d87c868 [32m200[0m 31.519 ms - 2858[0m
[0mGET /users/profile/61a153d7201dbd566d87c868 [36m304[0m 24.662 ms - -[0m
[0mGET /users/profile/61a153d7201dbd566d87c868 [36m304[0m 22.825 ms - -[0m
[0mGET /friendships/toggle/61a153d7201dbd566d87c868 [32m200[0m 41.344 ms - 62[0m
[0mGET /users/profile/61a153d7201dbd566d87c868 [32m200[0m 163.579 ms - 2855[0m
[0mGET /friendships/toggle/61a153d7201dbd566d87c868 [0m-[0m - ms - -[0m
[0mGET /friendships/toggle/61a153d7201dbd566d87c868 [32m200[0m 30.897 ms - 62[0m
[0mGET /friendships/toggle/61a153d7201dbd566d87c868 [32m200[0m 54.280 ms - 61[0m
[0mGET /friendships/toggle/61a153d7201dbd566d87c868 [32m200[0m 46.190 ms - 62[0m
[0mGET /friendships/toggle/61a153d7201dbd566d87c868 [32m200[0m 45.721 ms - 61[0m
[0mGET /friendships/toggle/61a153d7201dbd566d87c868 [32m200[0m 42.328 ms - 62[0m
[0mGET /friendships/toggle/61a153d7201dbd566d87c868 [32m200[0m 46.072 ms - 61[0m
[0mGET /users/profile/61a153d7201dbd566d87c868 [32m200[0m 48.542 ms - 2858[0m
[0mGET /users/profile/61a153d7201dbd566d87c868 [36m304[0m 48.649 ms - -[0m
[0mGET /users/profile/61a153d7201dbd566d87c868 [32m200[0m 39.287 ms - 2870[0m
[0mGET /users/profile/61a153d7201dbd566d87c868 [36m304[0m 37.444 ms - -[0m
[0mGET /users/profile/61a153d7201dbd566d87c868 [36m304[0m 51.004 ms - -[0m
[0mGET /users/profile/61a153d7201dbd566d87c868 [36m304[0m 37.489 ms - -[0m
[0mGET /users/profile/61a153d7201dbd566d87c868 [36m304[0m 28.755 ms - -[0m
[0mGET /users/profile/61a153d7201dbd566d87c868 [36m304[0m 26.252 ms - -[0m
[0mGET /users/profile/61a153d7201dbd566d87c868 [36m304[0m 35.635 ms - -[0m
[0mGET /users/profile/61a153d7201dbd566d87c868 [36m304[0m 36.544 ms - -[0m
[0mGET /users/profile/61a153d7201dbd566d87c868 [36m304[0m 34.292 ms - -[0m
[0mGET /users/profile/61a153d7201dbd566d87c868 [36m304[0m 36.178 ms - -[0m
[0mGET /users/profile/61a153d7201dbd566d87c868 [36m304[0m 34.460 ms - -[0m
[0mGET /users/profile/61a153d7201dbd566d87c868 [36m304[0m 27.940 ms - -[0m
[0mGET /users/profile/61a153d7201dbd566d87c868 [36m304[0m 25.378 ms - -[0m
[0mGET /users/profile/61a153d7201dbd566d87c868 [36m304[0m 33.156 ms - -[0m
[0mGET /users/profile/61a153d7201dbd566d87c868 [36m304[0m 23.527 ms - -[0m
[0mGET /users/profile/61a153d7201dbd566d87c868 [36m304[0m 39.134 ms - -[0m
[0mGET /users/profile/61a153d7201dbd566d87c868 [36m304[0m 24.984 ms - -[0m
[0mGET /users/profile/61a153d7201dbd566d87c868 [36m304[0m 29.992 ms - -[0m
[0mGET /users/profile/61a153d7201dbd566d87c868 [36m304[0m 37.691 ms - -[0m
[0mGET /users/profile/61a153d7201dbd566d87c868 [32m200[0m 31.447 ms - 2872[0m
[0mGET /users/profile/61a153d7201dbd566d87c868 [36m304[0m 58.031 ms - -[0m
[0mGET /users/profile/61a153d7201dbd566d87c868 [36m304[0m 45.062 ms - -[0m
[0mGET /users/profile/61a153d7201dbd566d87c868 [36m304[0m 28.948 ms - -[0m
[0mGET /users/profile/61a153d7201dbd566d87c868 [36m304[0m 24.290 ms - -[0m
[0mGET /users/profile/61a153d7201dbd566d87c868 [36m304[0m 30.114 ms - -[0m
[0mGET /users/profile/61a153d7201dbd566d87c868 [36m304[0m 22.655 ms - -[0m
[0mGET /users/profile/61a153d7201dbd566d87c868 [36m304[0m 33.702 ms - -[0m
[0mGET /users/profile/61a153d7201dbd566d87c868 [36m304[0m 56.257 ms - -[0m
[0mGET /users/profile/61a153d7201dbd566d87c868 [36m304[0m 28.476 ms - -[0m
[0mGET /users/profile/61a153d7201dbd566d87c868 [36m304[0m 24.741 ms - -[0m
[0mGET /users/profile/61a153d7201dbd566d87c868 [36m304[0m 23.976 ms - -[0m
[0mGET /users/profile/61a153d7201dbd566d87c868 [36m304[0m 49.507 ms - -[0m
[0mGET /users/profile/61a153d7201dbd566d87c868 [36m304[0m 54.257 ms - -[0m
[0mGET /users/profile/61a153d7201dbd566d87c868 [36m304[0m 20.970 ms - -[0m
[0mGET /users/profile/61a153d7201dbd566d87c868 [36m304[0m 27.110 ms - -[0m
[0mGET /users/profile/61a153d7201dbd566d87c868 [36m304[0m 36.057 ms - -[0m
[0mGET /users/profile/61a153d7201dbd566d87c868 [32m200[0m 41.157 ms - 2915[0m
[0mGET /users/profile/61a153d7201dbd566d87c868 [36m304[0m 32.396 ms - -[0m
[0mGET /users/profile/61a153d7201dbd566d87c868 [36m304[0m 28.963 ms - -[0m
[0mGET /users/profile/61a153d7201dbd566d87c868 [36m304[0m 30.552 ms - -[0m
[0mGET /users/profile/61a153d7201dbd566d87c868 [36m304[0m 51.713 ms - -[0m
[0mGET /users/profile/61a153d7201dbd566d87c868 [36m304[0m 20.760 ms - -[0m
[0mGET /users/profile/61a153d7201dbd566d87c868 [36m304[0m 21.227 ms - -[0m
[0mGET /users/profile/61a153d7201dbd566d87c868 [36m304[0m 21.404 ms - -[0m
[0mGET /users/profile/61a153d7201dbd566d87c868 [36m304[0m 26.463 ms - -[0m
[0mGET /users/profile/61a153d7201dbd566d87c868 [36m304[0m 52.540 ms - -[0m
[0mGET /users/profile/61a153d7201dbd566d87c868 [36m304[0m 31.758 ms - -[0m
[0mGET /users/profile/61a153d7201dbd566d87c868 [36m304[0m 23.193 ms - -[0m
[0mGET /users/profile/61a153d7201dbd566d87c868 [36m304[0m 26.887 ms - -[0m
[0mGET /users/profile/61a153d7201dbd566d87c868 [36m304[0m 24.913 ms - -[0m
[0mGET /users/profile/61a153d7201dbd566d87c868 [36m304[0m 25.888 ms - -[0m
[0mGET /users/profile/61a153d7201dbd566d87c868 [36m304[0m 31.311 ms - -[0m
[0mGET /users/profile/61a153c4201dbd566d87c863 [36m304[0m 42.102 ms - -[0m
[0mGET /users/profile/61a153d7201dbd566d87c868 [36m304[0m 26.834 ms - -[0m
[0mGET /users/profile/61a153d7201dbd566d87c868 [36m304[0m 23.867 ms - -[0m
[0mGET /users/profile/61a153d7201dbd566d87c868 [36m304[0m 17.965 ms - -[0m
[0mGET /users/profile/61a153d7201dbd566d87c868 [36m304[0m 31.290 ms - -[0m
[0mGET /users/profile/61a153d7201dbd566d87c868 [36m304[0m 26.665 ms - -[0m
[0mGET /users/profile/61a153d7201dbd566d87c868 [36m304[0m 22.603 ms - -[0m
[0mGET /users/profile/61a153d7201dbd566d87c868 [36m304[0m 32.021 ms - -[0m
[0mGET /users/profile/61a153d7201dbd566d87c868 [36m304[0m 24.259 ms - -[0m
[0mGET /users/profile/61a153d7201dbd566d87c868 [36m304[0m 26.544 ms - -[0m
[0mGET /users/profile/61a153d7201dbd566d87c868 [36m304[0m 28.609 ms - -[0m
[0mGET /users/profile/61a153d7201dbd566d87c868 [36m304[0m 28.414 ms - -[0m
[0mGET /users/profile/61a153d7201dbd566d87c868 [36m304[0m 38.444 ms - -[0m
[0mGET /users/profile/61a153d7201dbd566d87c868 [36m304[0m 25.837 ms - -[0m
[0mGET /users/profile/61a153d7201dbd566d87c868 [36m304[0m 28.543 ms - -[0m
[0mGET /users/profile/61a153d7201dbd566d87c868 [36m304[0m 34.758 ms - -[0m
[0mGET /users/profile/61a153d7201dbd566d87c868 [36m304[0m 39.780 ms - -[0m
[0mGET /users/profile/61a153d7201dbd566d87c868 [36m304[0m 24.543 ms - -[0m
[0mGET /users/profile/61a153d7201dbd566d87c868 [36m304[0m 48.710 ms - -[0m
[0mGET /users/profile/61a153d7201dbd566d87c868 [36m304[0m 22.430 ms - -[0m
[0mGET /users/profile/61a153d7201dbd566d87c868 [36m304[0m 34.040 ms - -[0m
[0mGET /users/profile/61a153d7201dbd566d87c868 [36m304[0m 19.809 ms - -[0m
[0mGET /users/profile/61a153d7201dbd566d87c868 [36m304[0m 29.183 ms - -[0m
[0mGET /users/profile/61a153d7201dbd566d87c868 [36m304[0m 37.249 ms - -[0m
[0mGET /users/profile/61a153d7201dbd566d87c868 [36m304[0m 30.967 ms - -[0m
[0mGET /users/profile/61a153d7201dbd566d87c868 [36m304[0m 22.727 ms - -[0m
[0mGET /users/profile/61a153d7201dbd566d87c868 [36m304[0m 46.905 ms - -[0m
[0mGET /users/profile/61a153d7201dbd566d87c868 [36m304[0m 22.401 ms - -[0m
[0mGET /users/profile/61a153d7201dbd566d87c868 [36m304[0m 26.257 ms - -[0m
[0mGET /users/profile/61a153d7201dbd566d87c868 [36m304[0m 25.866 ms - -[0m
[0mGET /users/profile/61a153d7201dbd566d87c868 [36m304[0m 23.527 ms - -[0m
[0mGET / [36m304[0m 185.010 ms - -[0m
[0mGET /users/profile/61a153d7201dbd566d87c868 [36m304[0m 55.387 ms - -[0m
[0mGET /users/profile/61a153d7201dbd566d87c868 [36m304[0m 42.840 ms - -[0m
[0mGET /users/profile/61a153d7201dbd566d87c868 [36m304[0m 24.843 ms - -[0m
[0mGET /users/profile/61a153d7201dbd566d87c868 [36m304[0m 24.773 ms - -[0m
[0mGET /users/profile/61a153d7201dbd566d87c868 [36m304[0m 35.367 ms - -[0m
[0mGET /users/profile/61a153d7201dbd566d87c868 [36m304[0m 32.964 ms - -[0m
[0mGET /friendships/toggle/61a153d7201dbd566d87c868 [32m200[0m 33.201 ms - 62[0m
[0mGET /users/profile/61a153d7201dbd566d87c868 [32m200[0m 38.636 ms - 2912[0m
[0mGET /users/profile/61a153d7201dbd566d87c868 [36m304[0m 44.432 ms - -[0m
[0mGET /users/profile/61a153c4201dbd566d87c863 [36m304[0m 39.112 ms - -[0m
[0mGET /users/profile/61a153d7201dbd566d87c868 [36m304[0m 45.807 ms - -[0m
[0mGET / [32m200[0m 83.704 ms - 14859[0m
[0mGET /users/sign-in [36m304[0m 17.561 ms - -[0m
[0mPOST /users/create-session [36m302[0m 38.713 ms - 46[0m
[0mGET / [32m200[0m 96.361 ms - 24029[0m
[0mGET /users/profile/61a153c4201dbd566d87c863 [31m500[0m 28.761 ms - 2269[0m
[0mGET /users/profile/61a153c4201dbd566d87c863 [31m500[0m 32.619 ms - 2269[0m
[0mGET /users/profile/61a153c4201dbd566d87c863 [31m500[0m 28.632 ms - 2269[0m
[0mGET /users/profile/61a153c4201dbd566d87c863 [31m500[0m 21.925 ms - 2269[0m
[0mGET /users/profile/61a153c4201dbd566d87c863 [31m500[0m 30.801 ms - 2269[0m
[0mGET /users/profile/61a153c4201dbd566d87c863 [31m500[0m 54.811 ms - 2269[0m
[0mGET /users/profile/61a153c4201dbd566d87c863 [31m500[0m 39.882 ms - 2269[0m
[0mGET /users/profile/61a153c4201dbd566d87c863 [31m500[0m 35.402 ms - 1815[0m
[0mGET /users/profile/61a153c4201dbd566d87c863 [31m500[0m 39.218 ms - 1815[0m
[0mGET /users/profile/61a153c4201dbd566d87c863 [31m500[0m 16.905 ms - 1815[0m
[0mGET /users/profile/61a153c4201dbd566d87c863 [31m500[0m 24.613 ms - 1815[0m
[0mGET /users/profile/61a153c4201dbd566d87c863 [31m500[0m 43.937 ms - 1815[0m
[0mGET /users/profile/61a153c4201dbd566d87c863 [31m500[0m 33.313 ms - 1815[0m
[0mGET /users/profile/61a153c4201dbd566d87c863 [32m200[0m 43.711 ms - 3283[0m
[0mGET /users/profile/61a153d7201dbd566d87c868 [32m200[0m 37.276 ms - 2988[0m
[0mGET /friendships/toggle/61a153d7201dbd566d87c868 [32m200[0m 54.069 ms - 61[0m
[0mGET /friendships/toggle/61a153d7201dbd566d87c868 [32m200[0m 34.825 ms - 62[0m
[0mGET /friendships/toggle/61a153d7201dbd566d87c868 [32m200[0m 49.798 ms - 61[0m
[0mGET /friendships/toggle/61a153d7201dbd566d87c868 [32m200[0m 16.488 ms - 62[0m
[0mGET / [32m200[0m 105.835 ms - 23780[0m
[0mGET /users/profile/61a153c4201dbd566d87c863 [32m200[0m 45.627 ms - 3207[0m
[0mGET /users/profile/61a153d7201dbd566d87c868 [32m200[0m 27.813 ms - 2912[0m
[0mGET /friendships/toggle/61a153d7201dbd566d87c868 [32m200[0m 46.504 ms - 61[0m
[0mGET /friendships/toggle/61a153d7201dbd566d87c868 [32m200[0m 37.631 ms - 62[0m
[0mGET /friendships/toggle/61a153d7201dbd566d87c868 [32m200[0m 45.262 ms - 61[0m
[0mGET /users/profile/61a153d7201dbd566d87c868 [32m200[0m 50.023 ms - 2915[0m
[0mGET / [32m200[0m 122.939 ms - 24466[0m
[0mGET /users/sign-out [36m302[0m 27.546 ms - 46[0m
[0mGET / [32m200[0m 89.635 ms - 15106[0m
[0mGET /users/sign-up [32m200[0m 19.745 ms - 2390[0m
[0mGET /users/sign-up [32m200[0m 13.449 ms - 2539[0m
[0mGET /users/sign-up [32m200[0m 8.402 ms - 2784[0m
[0mGET /users/sign-up [36m304[0m 12.519 ms - -[0m
[0mGET /users/sign-up [36m304[0m 8.557 ms - -[0m
[0mGET /users/sign-up [36m304[0m 7.239 ms - -[0m
[0mGET /users/sign-up [36m304[0m 10.323 ms - -[0m
[0mGET /users/sign-in [36m304[0m 21.221 ms - -[0m
[0mGET /users/sign-up [36m304[0m 9.914 ms - -[0m
[0mGET /users/sign-up [36m304[0m 21.874 ms - -[0m
[0mGET /users/sign-up [36m304[0m 10.221 ms - -[0m
[0mGET /users/sign-up [32m200[0m 23.744 ms - 2784[0m
[0mGET /users/sign-up [36m304[0m 23.846 ms - -[0m
[0mGET /users/sign-up [36m304[0m 14.223 ms - -[0m
[0mGET /users/sign-up [36m304[0m 19.111 ms - -[0m
[0mGET /users/sign-up [36m304[0m 8.914 ms - -[0m
[0mGET /users/sign-up [36m304[0m 6.675 ms - -[0m
[0mGET /users/sign-up [36m304[0m 9.271 ms - -[0m
[0mGET /users/sign-up [36m304[0m 8.617 ms - -[0m
[0mGET /users/sign-up [32m200[0m 21.199 ms - 2783[0m
[0mGET /users/sign-up [36m304[0m 19.973 ms - -[0m
[0mGET /users/sign-up [36m304[0m 20.093 ms - -[0m
[0mGET /users/sign-up [36m304[0m 7.379 ms - -[0m
[0mGET /users/sign-up [36m304[0m 15.172 ms - -[0m
[0mGET /users/sign-up [36m304[0m 11.207 ms - -[0m
[0mGET /users/sign-up [36m304[0m 10.386 ms - -[0m
[0mGET /users/sign-up [36m304[0m 8.538 ms - -[0m
[0mGET /users/sign-up [36m304[0m 10.116 ms - -[0m
