[0mGET / [36m304[0m 46.941 ms - -[0m
[0mGET / [36m304[0m 40.638 ms - -[0m
[0mGET /users/sign-in [32m200[0m 15.259 ms - 2269[0m
[0mGET / [36m304[0m 24.713 ms - -[0m
[0mGET / [36m304[0m 36.957 ms - -[0m
[0mGET / [36m304[0m 39.444 ms - -[0m
[0mGET / [32m200[0m 19.985 ms - 3317[0m
[0mGET / [36m304[0m 23.151 ms - -[0m
[0mGET / [36m304[0m 24.358 ms - -[0m
[0mGET / [36m304[0m 25.405 ms - -[0m
[0mGET / [36m304[0m 23.103 ms - -[0m
[0mGET / [36m304[0m 31.905 ms - -[0m
[0mGET / [36m304[0m 23.011 ms - -[0m
[0mGET / [36m304[0m 21.045 ms - -[0m
[0mGET / [36m304[0m 21.828 ms - -[0m
[0mGET / [36m304[0m 27.179 ms - -[0m
[0mGET / [36m304[0m 19.380 ms - -[0m
[0mGET / [36m304[0m 49.573 ms - -[0m
[0mGET / [36m304[0m 22.864 ms - -[0m
[0mGET / [36m304[0m 33.524 ms - -[0m
[0mGET / [36m304[0m 16.516 ms - -[0m
[0mGET / [36m304[0m 19.199 ms - -[0m
[0mGET / [36m304[0m 24.931 ms - -[0m
[0mGET / [36m304[0m 24.518 ms - -[0m
[0mGET / [36m304[0m 27.577 ms - -[0m
[0mGET / [36m304[0m 20.856 ms - -[0m
[0mGET / [36m304[0m 30.933 ms - -[0m
[0mGET / [36m304[0m 30.007 ms - -[0m
[0mGET / [36m304[0m 21.742 ms - -[0m
[0mGET / [36m304[0m 17.785 ms - -[0m
[0mGET / [36m304[0m 22.285 ms - -[0m
[0mGET / [36m304[0m 25.571 ms - -[0m
[0mGET / [36m304[0m 26.934 ms - -[0m
[0mGET / [36m304[0m 21.201 ms - -[0m
[0mGET / [36m304[0m 25.664 ms - -[0m
[0mGET / [36m304[0m 37.783 ms - -[0m
[0mGET / [36m304[0m 18.085 ms - -[0m
[0mGET / [36m304[0m 25.454 ms - -[0m
[0mGET / [36m304[0m 18.547 ms - -[0m
[0mGET / [36m304[0m 28.028 ms - -[0m
[0mGET / [32m200[0m 35.964 ms - 3335[0m
[0mGET / [36m304[0m 20.891 ms - -[0m
[0mGET / [36m304[0m 32.029 ms - -[0m
[0mGET / [36m304[0m 16.584 ms - -[0m
[0mGET / [36m304[0m 22.733 ms - -[0m
[0mGET / [36m304[0m 42.096 ms - -[0m
[0mGET / [36m304[0m 26.098 ms - -[0m
[0mGET / [36m304[0m 21.364 ms - -[0m
[0mGET / [36m304[0m 19.010 ms - -[0m
[0mGET / [36m304[0m 29.026 ms - -[0m
[0mGET / [36m304[0m 21.222 ms - -[0m
[0mGET /users/sign-in [32m200[0m 9.426 ms - 2313[0m
[0mGET / [36m304[0m 40.703 ms - -[0m
[0mGET / [36m304[0m 37.017 ms - -[0m
[0mGET / [36m304[0m 26.209 ms - -[0m
[0mGET / [36m304[0m 25.378 ms - -[0m
[0mGET / [32m200[0m 33.405 ms - 3349[0m
[0mGET / [32m200[0m 37.716 ms - 3352[0m
[0mGET / [36m304[0m 30.220 ms - -[0m
[0mGET / [36m304[0m 20.619 ms - -[0m
[0mGET / [36m304[0m 40.058 ms - -[0m
[0mGET / [36m304[0m 15.146 ms - -[0m
[0mGET / [36m304[0m 20.388 ms - -[0m
[0mGET / [36m304[0m 18.982 ms - -[0m
[0mGET / [36m304[0m 22.952 ms - -[0m
[0mGET / [36m304[0m 18.695 ms - -[0m
[0mGET / [36m304[0m 17.942 ms - -[0m
[0mGET / [36m304[0m 25.716 ms - -[0m
[0mGET / [36m304[0m 24.500 ms - -[0m
[0mGET / [36m304[0m 39.273 ms - -[0m
[0mGET / [36m304[0m 426.549 ms - -[0m
[0mGET / [36m304[0m 22.248 ms - -[0m
[0mGET / [36m304[0m 35.949 ms - -[0m
[0mGET /users/sign-in [32m200[0m 13.374 ms - 2330[0m
[0mGET / [36m304[0m 22.895 ms - -[0m
[0mGET / [36m304[0m 23.041 ms - -[0m
[0mGET / [36m304[0m 34.073 ms - -[0m
[0mGET / [36m304[0m 22.816 ms - -[0m
[0mGET / [36m304[0m 34.343 ms - -[0m
[0mGET / [36m304[0m 24.738 ms - -[0m
[0mGET / [36m304[0m 27.960 ms - -[0m
[0mGET / [36m304[0m 15.939 ms - -[0m
[0mGET / [36m304[0m 24.146 ms - -[0m
[0mGET / [36m304[0m 27.567 ms - -[0m
[0mGET / [36m304[0m 44.084 ms - -[0m
[0mGET / [36m304[0m 25.839 ms - -[0m
[0mGET / [36m304[0m 38.445 ms - -[0m
[0mGET / [36m304[0m 14.357 ms - -[0m
[0mGET / [36m304[0m 28.358 ms - -[0m
[0mGET / [36m304[0m 15.406 ms - -[0m
[0mGET / [36m304[0m 50.265 ms - -[0m
[0mGET / [36m304[0m 34.934 ms - -[0m
[0mGET / [36m304[0m 26.489 ms - -[0m
[0mGET / [36m304[0m 34.985 ms - -[0m
[0mGET / [36m304[0m 26.828 ms - -[0m
[0mGET / [36m304[0m 40.401 ms - -[0m
[0mGET / [36m304[0m 19.294 ms - -[0m
[0mGET / [32m200[0m 21.054 ms - 3394[0m
[0mGET / [36m304[0m 16.968 ms - -[0m
[0mGET / [36m304[0m 24.864 ms - -[0m
[0mGET / [36m304[0m 16.584 ms - -[0m
[0mGET / [36m304[0m 44.847 ms - -[0m
[0mGET / [32m200[0m 28.636 ms - 3395[0m
[0mGET / [36m304[0m 31.861 ms - -[0m
[0mGET / [36m304[0m 21.277 ms - -[0m
[0mGET / [36m304[0m 22.599 ms - -[0m
[0mGET / [36m304[0m 24.682 ms - -[0m
[0mGET / [36m304[0m 17.026 ms - -[0m
[0mGET / [36m304[0m 20.860 ms - -[0m
[0mGET / [36m304[0m 41.899 ms - -[0m
[0mGET / [36m304[0m 31.955 ms - -[0m
[0mGET / [36m304[0m 43.952 ms - -[0m
[0mGET / [36m304[0m 28.617 ms - -[0m
[0mGET / [36m304[0m 28.755 ms - -[0m
[0mGET / [36m304[0m 32.893 ms - -[0m
[0mGET / [36m304[0m 31.627 ms - -[0m
[0mGET / [36m304[0m 33.417 ms - -[0m
[0mGET / [36m304[0m 15.074 ms - -[0m
[0mGET / [36m304[0m 21.713 ms - -[0m
[0mGET / [36m304[0m 22.029 ms - -[0m
[0mGET / [36m304[0m 17.655 ms - -[0m
[0mGET / [36m304[0m 26.358 ms - -[0m
[0mGET / [36m304[0m 28.206 ms - -[0m
[0mGET / [36m304[0m 33.851 ms - -[0m
[0mGET / [36m304[0m 26.258 ms - -[0m
[0mGET / [36m304[0m 23.455 ms - -[0m
[0mGET / [36m304[0m 18.976 ms - -[0m
[0mGET / [36m304[0m 34.008 ms - -[0m
[0mGET / [36m304[0m 15.913 ms - -[0m
[0mGET / [36m304[0m 13.503 ms - -[0m
[0mGET / [36m304[0m 25.175 ms - -[0m
[0mGET / [36m304[0m 23.847 ms - -[0m
[0mGET / [36m304[0m 38.419 ms - -[0m
[0mGET / [36m304[0m 18.775 ms - -[0m
[0mGET / [36m304[0m 35.349 ms - -[0m
[0mGET / [36m304[0m 21.153 ms - -[0m
[0mGET / [36m304[0m 45.492 ms - -[0m
[0mGET / [36m304[0m 33.889 ms - -[0m
[0mGET / [36m304[0m 26.274 ms - -[0m
[0mGET / [36m304[0m 35.101 ms - -[0m
[0mGET / [36m304[0m 47.966 ms - -[0m
[0mGET / [36m304[0m 41.937 ms - -[0m
[0mGET / [36m304[0m 19.670 ms - -[0m
[0mGET / [36m304[0m 22.650 ms - -[0m
[0mGET / [36m304[0m 16.966 ms - -[0m
[0mGET / [36m304[0m 19.120 ms - -[0m
[0mGET / [36m304[0m 18.504 ms - -[0m
[0mGET / [36m304[0m 45.260 ms - -[0m
[0mGET / [36m304[0m 35.819 ms - -[0m
[0mGET / [36m304[0m 45.334 ms - -[0m
[0mGET / [36m304[0m 24.528 ms - -[0m
[0mGET / [36m304[0m 34.213 ms - -[0m
[0mGET / [36m304[0m 15.493 ms - -[0m
[0mGET / [36m304[0m 15.878 ms - -[0m
[0mGET / [36m304[0m 19.641 ms - -[0m
[0mGET / [36m304[0m 20.827 ms - -[0m
[0mGET / [36m304[0m 17.313 ms - -[0m
[0mGET / [36m304[0m 15.973 ms - -[0m
[0mGET / [36m304[0m 16.332 ms - -[0m
[0mGET / [36m304[0m 14.820 ms - -[0m
[0mGET / [36m304[0m 18.053 ms - -[0m
[0mGET / [36m304[0m 20.181 ms - -[0m
[0mGET / [36m304[0m 19.610 ms - -[0m
[0mGET / [36m304[0m 21.086 ms - -[0m
[0mGET / [36m304[0m 24.839 ms - -[0m
[0mGET / [36m304[0m 20.253 ms - -[0m
[0mGET / [36m304[0m 30.512 ms - -[0m
[0mGET / [36m304[0m 23.913 ms - -[0m
[0mGET / [36m304[0m 15.848 ms - -[0m
[0mGET / [36m304[0m 24.665 ms - -[0m
[0mGET / [36m304[0m 26.154 ms - -[0m
[0mGET / [36m304[0m 33.467 ms - -[0m
[0mGET / [36m304[0m 29.428 ms - -[0m
[0mGET / [36m304[0m 15.408 ms - -[0m
[0mGET / [36m304[0m 16.984 ms - -[0m
[0mGET / [36m304[0m 18.207 ms - -[0m
[0mGET / [36m304[0m 17.868 ms - -[0m
[0mGET / [36m304[0m 36.954 ms - -[0m
[0mGET / [36m304[0m 24.070 ms - -[0m
[0mGET / [36m304[0m 14.921 ms - -[0m
[0mGET / [36m304[0m 41.078 ms - -[0m
[0mGET / [36m304[0m 28.295 ms - -[0m
[0mGET / [36m304[0m 21.513 ms - -[0m
[0mGET / [36m304[0m 25.399 ms - -[0m
[0mGET / [36m304[0m 17.589 ms - -[0m
[0mGET / [36m304[0m 17.582 ms - -[0m
[0mGET / [36m304[0m 22.599 ms - -[0m
[0mGET / [36m304[0m 21.277 ms - -[0m
[0mGET / [36m304[0m 23.600 ms - -[0m
[0mGET / [36m304[0m 26.587 ms - -[0m
[0mGET / [36m304[0m 17.542 ms - -[0m
[0mGET / [36m304[0m 19.474 ms - -[0m
[0mGET / [36m304[0m 19.749 ms - -[0m
[0mGET / [36m304[0m 19.090 ms - -[0m
[0mGET / [36m304[0m 25.915 ms - -[0m
[0mGET / [36m304[0m 19.925 ms - -[0m
[0mGET / [36m304[0m 27.693 ms - -[0m
[0mGET / [36m304[0m 18.644 ms - -[0m
[0mGET / [36m304[0m 20.662 ms - -[0m
[0mGET / [36m304[0m 20.815 ms - -[0m
[0mGET / [36m304[0m 33.161 ms - -[0m
[0mGET / [36m304[0m 16.992 ms - -[0m
[0mGET / [36m304[0m 18.581 ms - -[0m
[0mGET / [36m304[0m 19.948 ms - -[0m
[0mGET / [36m304[0m 18.234 ms - -[0m
[0mGET / [36m304[0m 16.262 ms - -[0m
[0mGET / [36m304[0m 36.678 ms - -[0m
[0mGET / [36m304[0m 21.391 ms - -[0m
[0mGET / [36m304[0m 19.732 ms - -[0m
[0mGET / [36m304[0m 21.549 ms - -[0m
[0mGET / [36m304[0m 19.812 ms - -[0m
[0mGET / [36m304[0m 20.012 ms - -[0m
[0mGET / [36m304[0m 26.180 ms - -[0m
[0mGET / [36m304[0m 17.235 ms - -[0m
[0mGET / [36m304[0m 23.338 ms - -[0m
[0mGET / [36m304[0m 25.487 ms - -[0m
[0mGET / [36m304[0m 22.495 ms - -[0m
[0mGET / [36m304[0m 18.536 ms - -[0m
[0mGET / [36m304[0m 16.690 ms - -[0m
[0mGET / [36m304[0m 24.328 ms - -[0m
[0mGET /users/sign-in [36m304[0m 20.919 ms - -[0m
[0mGET / [36m304[0m 27.743 ms - -[0m
[0mGET / [36m304[0m 35.838 ms - -[0m
[0mGET / [36m304[0m 30.004 ms - -[0m
[0mGET / [36m304[0m 24.150 ms - -[0m
[0mGET / [36m304[0m 15.494 ms - -[0m
[0mGET / [36m304[0m 38.150 ms - -[0m
[0mGET / [36m304[0m 15.558 ms - -[0m
[0mGET / [36m304[0m 17.629 ms - -[0m
[0mGET /users/sign-in [36m304[0m 18.671 ms - -[0m
[0mGET /users/sign-in [36m304[0m 16.459 ms - -[0m
[0mGET /users/sign-in [32m200[0m 22.251 ms - 2343[0m
[0mGET /users/sign-in [36m304[0m 14.619 ms - -[0m
[0mGET /users/sign-in [36m304[0m 9.786 ms - -[0m
[0mGET /users/sign-in [36m304[0m 14.026 ms - -[0m
[0mGET /users/sign-in [36m304[0m 16.050 ms - -[0m
[0mGET /users/sign-in [36m304[0m 9.093 ms - -[0m
[0mGET /users/sign-in [32m200[0m 14.380 ms - 2396[0m
[0mGET /users/sign-in [36m304[0m 12.869 ms - -[0m
[0mGET /users/sign-in [36m304[0m 11.872 ms - -[0m
[0mGET /users/sign-in [36m304[0m 7.550 ms - -[0m
[0mGET /users/sign-in [36m304[0m 8.208 ms - -[0m
[0mGET /users/sign-in [36m304[0m 9.794 ms - -[0m
[0mGET /users/sign-in [36m304[0m 8.478 ms - -[0m
[0mGET /users/sign-in [36m304[0m 18.182 ms - -[0m
[0mGET /users/sign-in [36m304[0m 18.137 ms - -[0m
[0mGET /users/sign-in [36m304[0m 6.620 ms - -[0m
[0mGET /users/sign-in [36m304[0m 10.630 ms - -[0m
[0mGET /users/sign-in [36m304[0m 10.787 ms - -[0m
[0mGET /users/sign-in [36m304[0m 9.789 ms - -[0m
[0mGET /users/sign-in [36m304[0m 8.232 ms - -[0m
[0mGET /users/sign-in [36m304[0m 12.310 ms - -[0m
[0mGET /users/sign-in [36m304[0m 7.986 ms - -[0m
[0mGET /users/sign-in [36m304[0m 11.194 ms - -[0m
[0mGET /users/sign-in [36m304[0m 8.471 ms - -[0m
[0mGET /users/sign-in [36m304[0m 9.914 ms - -[0m
[0mGET /users/sign-in [32m200[0m 17.645 ms - 2391[0m
[0mGET /users/sign-in [32m200[0m 13.641 ms - 2431[0m
[0mGET /users/sign-in [36m304[0m 11.157 ms - -[0m
[0mGET /users/sign-in [36m304[0m 6.436 ms - -[0m
[0mGET /users/sign-in [36m304[0m 10.927 ms - -[0m
[0mGET /users/sign-in [36m304[0m 8.604 ms - -[0m
[0mGET /users/sign-in [32m200[0m 12.731 ms - 2474[0m
[0mGET /users/sign-in [36m304[0m 9.935 ms - -[0m
[0mGET /users/sign-in [32m200[0m 15.431 ms - 2481[0m
[0mGET /users/sign-in [36m304[0m 8.263 ms - -[0m
[0mGET /users/sign-in [36m304[0m 20.870 ms - -[0m
[0mGET /users/sign-in [32m200[0m 22.756 ms - 2488[0m
[0mGET /users/sign-in [32m200[0m 13.897 ms - 2495[0m
[0mGET /users/sign-in [36m304[0m 12.394 ms - -[0m
[0mGET /users/sign-in [36m304[0m 15.216 ms - -[0m
[0mGET /users/sign-in [36m304[0m 19.418 ms - -[0m
[0mGET /users/sign-in [36m304[0m 12.947 ms - -[0m
[0mGET /users/sign-in [36m304[0m 14.686 ms - -[0m
[0mGET /users/sign-in [32m200[0m 13.154 ms - 2541[0m
[0mGET /users/sign-in [36m304[0m 13.725 ms - -[0m
[0mGET /users/sign-in [36m304[0m 18.156 ms - -[0m
[0mGET /users/sign-in [36m304[0m 8.525 ms - -[0m
[0mGET /users/sign-in [36m304[0m 31.794 ms - -[0m
[0mGET /users/sign-in [36m304[0m 11.872 ms - -[0m
[0mGET /users/sign-in [36m304[0m 9.877 ms - -[0m
[0mGET /users/sign-in [36m304[0m 17.697 ms - -[0m
[0mGET /users/sign-in [36m304[0m 8.412 ms - -[0m
[0mGET /users/sign-in [36m304[0m 10.453 ms - -[0m
[0mGET /users/sign-in [36m304[0m 9.161 ms - -[0m
[0mGET /users/sign-in [36m304[0m 19.185 ms - -[0m
[0mGET /users/sign-in [36m304[0m 19.573 ms - -[0m
[0mGET /users/sign-in [36m304[0m 11.269 ms - -[0m
[0mGET /users/sign-in [36m304[0m 13.201 ms - -[0m
[0mGET /users/sign-in [36m304[0m 8.899 ms - -[0m
[0mGET /users/sign-in [36m304[0m 21.453 ms - -[0m
[0mGET /users/sign-in [36m304[0m 12.604 ms - -[0m
[0mGET /users/sign-in [36m304[0m 20.069 ms - -[0m
[0mGET /users/sign-in [36m304[0m 16.602 ms - -[0m
[0mGET /users/sign-in [36m304[0m 15.066 ms - -[0m
[0mGET /users/sign-in [36m304[0m 9.894 ms - -[0m
[0mGET /users/sign-in [36m304[0m 11.583 ms - -[0m
[0mGET /users/sign-in [36m304[0m 8.147 ms - -[0m
[0mGET /users/sign-in [36m304[0m 5.191 ms - -[0m
[0mGET /users/sign-in [36m304[0m 10.983 ms - -[0m
[0mGET /users/sign-in [36m304[0m 12.546 ms - -[0m
[0mGET /users/sign-in [36m304[0m 8.374 ms - -[0m
[0mGET /users/sign-in [36m304[0m 22.420 ms - -[0m
[0mGET /users/sign-in [36m304[0m 11.782 ms - -[0m
[0mGET /users/sign-in [36m304[0m 14.933 ms - -[0m
[0mGET /users/sign-in [36m304[0m 8.361 ms - -[0m
[0mGET /users/sign-in [36m304[0m 24.606 ms - -[0m
[0mGET /users/sign-in [36m304[0m 15.092 ms - -[0m
[0mGET /users/sign-in [36m304[0m 14.071 ms - -[0m
[0mGET /users/sign-in [36m304[0m 11.743 ms - -[0m
[0mGET /users/sign-in [36m304[0m 16.468 ms - -[0m
[0mGET /users/sign-in [36m304[0m 18.843 ms - -[0m
[0mGET /users/sign-in [36m304[0m 8.036 ms - -[0m
[0mGET /users/sign-in [36m304[0m 10.621 ms - -[0m
[0mGET /users/sign-in [36m304[0m 7.865 ms - -[0m
[0mGET /users/sign-in [36m304[0m 8.939 ms - -[0m
[0mGET /users/sign-in [36m304[0m 10.101 ms - -[0m
[0mGET /users/sign-in [36m304[0m 14.036 ms - -[0m
[0mGET /users/sign-in [36m304[0m 9.980 ms - -[0m
[0mGET /users/sign-in [36m304[0m 25.699 ms - -[0m
[0mGET /users/sign-in [36m304[0m 19.176 ms - -[0m
[0mGET /users/sign-in [36m304[0m 19.735 ms - -[0m
[0mGET /users/sign-in [36m304[0m 25.673 ms - -[0m
[0mGET /users/sign-in [36m304[0m 18.215 ms - -[0m
[0mGET /users/sign-in [36m304[0m 12.167 ms - -[0m
[0mGET /users/sign-in [36m304[0m 15.713 ms - -[0m
[0mGET /users/sign-in [36m304[0m 18.920 ms - -[0m
[0mGET /users/sign-in [36m304[0m 18.820 ms - -[0m
[0mGET /users/sign-in [36m304[0m 18.760 ms - -[0m
[0mGET /users/sign-in [36m304[0m 11.926 ms - -[0m
[0mGET /users/sign-in [36m304[0m 21.576 ms - -[0m
[0mGET /users/sign-in [36m304[0m 18.681 ms - -[0m
[0mGET /users/sign-in [36m304[0m 8.952 ms - -[0m
[0mGET /users/sign-in [36m304[0m 8.801 ms - -[0m
[0mGET /users/sign-in [36m304[0m 6.990 ms - -[0m
[0mGET /users/sign-in [36m304[0m 17.720 ms - -[0m
[0mGET /users/sign-in [36m304[0m 9.849 ms - -[0m
[0mGET /users/sign-in [36m304[0m 11.739 ms - -[0m
[0mGET /users/sign-in [36m304[0m 11.666 ms - -[0m
[0mGET /users/sign-in [36m304[0m 9.094 ms - -[0m
[0mGET /users/sign-in [36m304[0m 8.384 ms - -[0m
[0mGET /users/sign-in [36m304[0m 15.599 ms - -[0m
[0mGET /users/sign-in [36m304[0m 8.478 ms - -[0m
[0mGET /users/sign-in [36m304[0m 12.561 ms - -[0m
[0mGET /users/sign-in [36m304[0m 20.585 ms - -[0m
[0mGET /users/sign-in [36m304[0m 5.949 ms - -[0m
[0mGET /users/sign-in [36m304[0m 15.683 ms - -[0m
[0mGET /users/sign-in [36m304[0m 22.772 ms - -[0m
[0mGET /users/sign-in [36m304[0m 9.007 ms - -[0m
[0mGET /users/sign-in [36m304[0m 6.785 ms - -[0m
[0mGET /users/sign-in [36m304[0m 8.495 ms - -[0m
[0mGET /users/sign-in [36m304[0m 9.275 ms - -[0m
[0mGET /users/sign-in [36m304[0m 10.823 ms - -[0m
[0mGET /users/sign-in [36m304[0m 12.574 ms - -[0m
[0mGET /users/sign-in [36m304[0m 19.789 ms - -[0m
[0mGET /users/sign-in [36m304[0m 14.939 ms - -[0m
[0mGET /users/sign-in [36m304[0m 15.356 ms - -[0m
[0mGET /users/sign-in [36m304[0m 19.594 ms - -[0m
[0mGET /users/sign-in [36m304[0m 20.114 ms - -[0m
[0mGET /users/sign-in [36m304[0m 21.929 ms - -[0m
[0mGET /users/sign-in [36m304[0m 13.173 ms - -[0m
[0mGET /users/sign-in [36m304[0m 13.498 ms - -[0m
[0mGET /users/sign-in [36m304[0m 8.665 ms - -[0m
[0mGET /users/sign-in [36m304[0m 7.925 ms - -[0m
[0mGET /users/sign-in [32m200[0m 16.938 ms - 2591[0m
[0mGET /users/sign-in [36m304[0m 17.428 ms - -[0m
[0mGET /users/sign-in [36m304[0m 11.308 ms - -[0m
[0mGET /users/sign-in [32m200[0m 13.244 ms - 2542[0m
[0mGET /users/sign-in [36m304[0m 13.009 ms - -[0m
[0mGET /users/sign-in [36m304[0m 19.213 ms - -[0m
[0mGET /users/sign-in [36m304[0m 9.433 ms - -[0m
[0mGET /users/sign-in [36m304[0m 7.313 ms - -[0m
[0mGET /users/sign-in [36m304[0m 19.639 ms - -[0m
[0mGET /users/sign-in [36m304[0m 17.407 ms - -[0m
[0mGET /users/sign-in [36m304[0m 8.081 ms - -[0m
[0mGET /users/sign-in [36m304[0m 8.908 ms - -[0m
[0mGET /users/sign-in [36m304[0m 8.947 ms - -[0m
[0mGET /users/sign-in [36m304[0m 9.079 ms - -[0m
[0mGET /users/sign-in [36m304[0m 6.668 ms - -[0m
[0mGET /users/sign-in [36m304[0m 8.917 ms - -[0m
[0mGET /users/sign-in [36m304[0m 8.220 ms - -[0m
[0mGET /users/sign-in [36m304[0m 9.921 ms - -[0m
[0mGET /users/sign-in [36m304[0m 12.386 ms - -[0m
[0mGET /users/sign-in [36m304[0m 12.342 ms - -[0m
[0mGET /users/sign-in [32m200[0m 12.657 ms - 2546[0m
[0mGET /users/sign-in [32m200[0m 8.092 ms - 2569[0m
[0mGET /users/sign-in [36m304[0m 12.218 ms - -[0m
[0mGET /users/sign-in [36m304[0m 16.122 ms - -[0m
[0mGET /users/sign-in [36m304[0m 10.162 ms - -[0m
[0mGET /users/sign-in [36m304[0m 11.211 ms - -[0m
[0mGET /users/sign-in [36m304[0m 14.782 ms - -[0m
[0mGET /users/sign-in [36m304[0m 8.311 ms - -[0m
[0mGET /users/sign-in [36m304[0m 19.524 ms - -[0m
[0mGET /users/sign-in [36m304[0m 20.413 ms - -[0m
[0mGET /users/sign-in [36m304[0m 17.111 ms - -[0m
[0mGET /users/sign-in [36m304[0m 17.866 ms - -[0m
[0mGET /users/sign-in [36m304[0m 12.796 ms - -[0m
[0mGET /users/sign-in [36m304[0m 10.895 ms - -[0m
[0mGET /users/sign-in [36m304[0m 13.756 ms - -[0m
[0mGET /users/sign-in [36m304[0m 22.437 ms - -[0m
[0mGET /users/sign-in [36m304[0m 25.436 ms - -[0m
[0mGET /users/sign-in [36m304[0m 9.527 ms - -[0m
[0mGET /users/sign-in [36m304[0m 14.569 ms - -[0m
[0mGET /users/sign-in [36m304[0m 7.789 ms - -[0m
[0mGET /users/sign-in [36m304[0m 10.536 ms - -[0m
[0mGET /users/sign-in [36m304[0m 17.305 ms - -[0m
[0mGET /users/sign-in [36m304[0m 11.481 ms - -[0m
[0mGET /users/sign-in [36m304[0m 9.508 ms - -[0m
[0mGET /users/sign-in [36m304[0m 14.864 ms - -[0m
[0mGET /users/sign-in [36m304[0m 7.236 ms - -[0m
[0mGET /users/sign-in [36m304[0m 11.454 ms - -[0m
[0mGET /users/sign-in [36m304[0m 13.416 ms - -[0m
[0mGET /users/sign-in [36m304[0m 5.463 ms - -[0m
[0mGET /users/sign-in [36m304[0m 7.679 ms - -[0m
[0mGET /users/sign-in [36m304[0m 7.304 ms - -[0m
[0mGET /users/sign-in [36m304[0m 9.895 ms - -[0m
[0mGET /users/sign-in [36m304[0m 11.076 ms - -[0m
[0mGET /users/sign-in [36m304[0m 11.272 ms - -[0m
[0mGET /users/sign-in [36m304[0m 12.529 ms - -[0m
[0mGET /users/sign-in [36m304[0m 12.761 ms - -[0m
[0mGET /users/sign-in [36m304[0m 11.181 ms - -[0m
[0mGET /users/sign-in [36m304[0m 8.874 ms - -[0m
[0mGET /users/sign-in [36m304[0m 10.623 ms - -[0m
[0mGET /users/sign-in [36m304[0m 9.664 ms - -[0m
[0mGET /users/sign-in [36m304[0m 9.523 ms - -[0m
[0mGET /users/sign-in [36m304[0m 7.391 ms - -[0m
[0mGET /users/sign-in [36m304[0m 8.877 ms - -[0m
[0mGET /users/sign-in [36m304[0m 8.857 ms - -[0m
[0mGET /users/sign-in [36m304[0m 7.754 ms - -[0m
[0mGET /users/sign-in [36m304[0m 10.728 ms - -[0m
[0mGET /users/sign-in [32m200[0m 18.023 ms - 2570[0m
[0mGET /users/sign-in [36m304[0m 9.822 ms - -[0m
[0mGET /users/sign-in [36m304[0m 18.491 ms - -[0m
[0mGET /users/sign-in [36m304[0m 9.911 ms - -[0m
[0mGET /users/sign-in [36m304[0m 11.568 ms - -[0m
[0mGET /users/sign-in [36m304[0m 15.911 ms - -[0m
[0mGET /users/sign-in [36m304[0m 10.032 ms - -[0m
[0mGET /users/sign-in [36m304[0m 9.580 ms - -[0m
[0mGET /users/sign-in [36m304[0m 6.828 ms - -[0m
[0mGET /users/sign-in [36m304[0m 26.516 ms - -[0m
[0mGET /users/sign-in [36m304[0m 15.912 ms - -[0m
[0mGET /users/sign-in [36m304[0m 11.848 ms - -[0m
[0mGET /users/sign-in [36m304[0m 14.616 ms - -[0m
[0mPOST /users/create-session [36m302[0m 17.843 ms - 46[0m
[0mGET / [32m200[0m 36.899 ms - 4557[0m
[0mGET / [32m200[0m 42.785 ms - 4308[0m
[0mGET / [36m304[0m 30.926 ms - -[0m
[0mGET / [36m304[0m 37.779 ms - -[0m
[0mGET / [36m304[0m 41.263 ms - -[0m
[0mGET / [36m304[0m 54.348 ms - -[0m
[0mGET / [36m304[0m 33.598 ms - -[0m
[0mGET / [36m304[0m 30.905 ms - -[0m
[0mGET / [36m304[0m 21.646 ms - -[0m
[0mGET / [36m304[0m 36.224 ms - -[0m
[0mPOST /users/create-session [36m302[0m 12.180 ms - 46[0m
[0mGET / [32m200[0m 23.140 ms - 4557[0m
[0mGET / [32m200[0m 34.759 ms - 4308[0m
[0mGET /users/profile/61a153c4201dbd566d87c863 [32m200[0m 35.328 ms - 2877[0m
[0mGET /users/profile/61a153d7201dbd566d87c868 [32m200[0m 35.097 ms - 2759[0m
[0mGET /friendships/toggle/61a153d7201dbd566d87c868 [32m200[0m 174.585 ms - 61[0m
[0mGET / [32m200[0m 156.659 ms - 4989[0m
[0mGET / [32m200[0m 84.023 ms - 3395[0m
[0mGET /users/sign-in [36m304[0m 21.888 ms - -[0m
[0mGET /users/sign-in [36m304[0m 15.564 ms - -[0m
[0mPOST /users/create-session [36m302[0m 8.896 ms - 46[0m
[0mGET / [32m200[0m 31.478 ms - 5238[0m
[0mGET / [32m200[0m 32.468 ms - 4989[0m
[0mGET / [36m304[0m 42.904 ms - -[0m
[0mGET / [36m304[0m 117.932 ms - -[0m
[0mGET / [36m304[0m 45.283 ms - -[0m
[0mGET / [36m304[0m 40.927 ms - -[0m
[0mGET / [36m304[0m 44.001 ms - -[0m
[0mGET / [36m304[0m 765.086 ms - -[0m
[0mGET /favicon.ico [33m404[0m 25.631 ms - 150[0m
[0mGET / [36m304[0m 76.435 ms - -[0m
[0mGET / [36m304[0m 64.387 ms - -[0m
[0mGET / [36m304[0m 37.584 ms - -[0m
[0mGET / [36m304[0m 49.110 ms - -[0m
[0mGET / [32m200[0m 60.971 ms - 4944[0m
[0mGET / [36m304[0m 49.908 ms - -[0m
[0mGET / [36m304[0m 91.520 ms - -[0m
[0mGET / [36m304[0m 44.699 ms - -[0m
[0mGET / [36m304[0m 46.399 ms - -[0m
[0mGET / [36m304[0m 47.243 ms - -[0m
[0mGET / [36m304[0m 42.455 ms - -[0m
[0mGET / [36m304[0m 41.115 ms - -[0m
[0mGET / [36m304[0m 48.038 ms - -[0m
[0mGET / [36m304[0m 101.909 ms - -[0m
[0mGET / [36m304[0m 89.200 ms - -[0m
[0mGET / [36m304[0m 47.663 ms - -[0m
[0mGET / [36m304[0m 61.490 ms - -[0m
[0mGET / [36m304[0m 37.826 ms - -[0m
[0mGET / [36m304[0m 115.278 ms - -[0m
[0mGET / [36m304[0m 49.348 ms - -[0m
[0mGET / [36m304[0m 42.405 ms - -[0m
[0mGET / [36m304[0m 46.154 ms - -[0m
[0mGET / [36m304[0m 50.721 ms - -[0m
[0mGET / [36m304[0m 45.973 ms - -[0m
[0mGET / [36m304[0m 55.855 ms - -[0m
[0mGET / [36m304[0m 44.987 ms - -[0m
[0mGET / [36m304[0m 46.290 ms - -[0m
[0mGET / [36m304[0m 53.326 ms - -[0m
[0mGET / [36m304[0m 50.008 ms - -[0m
[0mGET / [36m304[0m 49.387 ms - -[0m
[0mGET / [36m304[0m 57.734 ms - -[0m
[0mGET / [36m304[0m 53.485 ms - -[0m
[0mGET / [36m304[0m 91.382 ms - -[0m
[0mGET / [36m304[0m 61.431 ms - -[0m
[0mGET / [36m304[0m 62.513 ms - -[0m
[0mGET / [36m304[0m 35.838 ms - -[0m
[0mGET / [36m304[0m 59.816 ms - -[0m
[0mGET / [36m304[0m 59.167 ms - -[0m
[0mGET / [36m304[0m 43.215 ms - -[0m
[0mGET / [36m304[0m 38.586 ms - -[0m
[0mGET / [36m304[0m 49.403 ms - -[0m
[0mGET / [36m304[0m 75.689 ms - -[0m
[0mGET / [36m304[0m 49.011 ms - -[0m
[0mGET / [36m304[0m 58.596 ms - -[0m
[0mGET / [36m304[0m 45.669 ms - -[0m
[0mGET / [36m304[0m 46.587 ms - -[0m
[0mGET / [36m304[0m 45.798 ms - -[0m
[0mGET / [36m304[0m 80.210 ms - -[0m
[0mGET / [36m304[0m 42.965 ms - -[0m
[0mGET / [36m304[0m 39.430 ms - -[0m
[0mGET / [36m304[0m 59.666 ms - -[0m
[0mGET / [36m304[0m 50.081 ms - -[0m
[0mGET / [36m304[0m 55.617 ms - -[0m
[0mGET / [36m304[0m 51.473 ms - -[0m
[0mGET / [36m304[0m 33.329 ms - -[0m
[0mGET / [36m304[0m 43.127 ms - -[0m
[0mGET / [36m304[0m 76.052 ms - -[0m
[0mGET / [36m304[0m 50.094 ms - -[0m
[0mGET / [36m304[0m 44.341 ms - -[0m
[0mGET / [36m304[0m 57.643 ms - -[0m
[0mGET / [36m304[0m 53.269 ms - -[0m
[0mGET / [36m304[0m 63.149 ms - -[0m
[0mGET / [36m304[0m 33.051 ms - -[0m
[0mGET /friendships/toggle/61a153d7201dbd566d87c868 [32m200[0m 38.810 ms - 62[0m
[0mGET / [32m200[0m 36.896 ms - 4263[0m
[0mGET /users/profile/61a153d7201dbd566d87c868 [32m200[0m 30.542 ms - 2714[0m
[0mGET /friendships/toggle/61a153d7201dbd566d87c868 [32m200[0m 29.655 ms - 61[0m
[0mGET / [32m200[0m 49.409 ms - 4944[0m
[0mGET / [36m304[0m 132.973 ms - -[0m
[0mGET / [36m304[0m 69.743 ms - -[0m
[0mGET / [36m304[0m 51.173 ms - -[0m
[0mGET / [36m304[0m 72.149 ms - -[0m
[0mGET / [36m304[0m 71.032 ms - -[0m
[0mGET / [36m304[0m 31.060 ms - -[0m
[0mGET / [36m304[0m 44.169 ms - -[0m
[0mGET / [36m304[0m 37.095 ms - -[0m
[0mGET / [36m304[0m 32.371 ms - -[0m
[0mGET /users/profile/61a153c4201dbd566d87c863 [36m302[0m 81.059 ms - 72[0m
[0mGET /users/sign-in [32m200[0m 14.813 ms - 2525[0m
[0mPOST /users/create-session [36m302[0m 77.861 ms - 46[0m
[0mGET / [32m200[0m 66.941 ms - 5193[0m
[0mGET /friendships/toggle/61a153d7201dbd566d87c868 [32m200[0m 52.789 ms - 62[0m
[0mGET /users/profile/61a153d7201dbd566d87c868 [36m304[0m 28.254 ms - -[0m
[0mGET / [32m200[0m 35.298 ms - 4263[0m
[0mGET / [36m304[0m 59.947 ms - -[0m
[0mGET /users/profile/61a153d7201dbd566d87c868 [36m304[0m 23.869 ms - -[0m
[0mGET /users/profile/61a153d7201dbd566d87c868 [32m200[0m 30.194 ms - 2801[0m
[0mGET /users/profile/61a153d7201dbd566d87c868 [36m304[0m 33.435 ms - -[0m
[0mGET / [36m304[0m 48.203 ms - -[0m
[0mGET /users/profile/61a153d7201dbd566d87c868 [36m304[0m 33.686 ms - -[0m
[0mGET /friendships/toggle/61a153d7201dbd566d87c868 [32m200[0m 41.872 ms - 61[0m
[0mGET /friendships/toggle/61a153d7201dbd566d87c868 [32m200[0m 36.514 ms - 62[0m
[0mGET /friendships/toggle/61a153d7201dbd566d87c868 [32m200[0m 37.318 ms - 61[0m
[0mGET /friendships/toggle/61a153d7201dbd566d87c868 [32m200[0m 41.860 ms - 62[0m
[0mGET /friendships/toggle/61a153d7201dbd566d87c868 [32m200[0m 46.535 ms - 61[0m
[0mGET /friendships/toggle/61a153d7201dbd566d87c868 [32m200[0m 42.856 ms - 62[0m
[0mGET /users/profile/61a153c4201dbd566d87c863 [32m200[0m 30.399 ms - 2832[0m
[0mGET /users/profile/61a153d7201dbd566d87c868 [36m304[0m 32.876 ms - -[0m
[0mGET /friendships/toggle/61a153d7201dbd566d87c868 [32m200[0m 46.637 ms - 61[0m
[0mGET / [32m200[0m 48.963 ms - 4903[0m
[0mGET /friendships/toggle/61a153d7201dbd566d87c868 [32m200[0m 22.123 ms - 62[0m
[0mGET / [32m200[0m 42.139 ms - 4263[0m
[0mGET /users/profile/61a153d7201dbd566d87c868 [36m304[0m 26.486 ms - -[0m
[0mGET /friendships/toggle/61a153d7201dbd566d87c868 [32m200[0m 43.120 ms - 61[0m
[0mGET / [32m200[0m 42.791 ms - 4903[0m
[0mGET / [36m304[0m 48.040 ms - -[0m
[0mGET / [36m304[0m 67.034 ms - -[0m
[0mGET / [36m304[0m 66.738 ms - -[0m
[0mGET /friendships/toggle/61a153d7201dbd566d87c868 [32m200[0m 36.389 ms - 62[0m
[0mGET /users/profile/61a153d7201dbd566d87c868 [32m200[0m 30.235 ms - 2714[0m
[0mGET /friendships/toggle/61a153d7201dbd566d87c868 [32m200[0m 42.136 ms - 61[0m
[0mGET / [36m304[0m 78.734 ms - -[0m
[0mGET / [36m304[0m 82.376 ms - -[0m
[0mGET / [36m304[0m 53.742 ms - -[0m
[0mGET /friendships/toggle/61a153d7201dbd566d87c868 [32m200[0m 42.451 ms - 62[0m
[0mGET / [32m200[0m 123.387 ms - 4263[0m
[0mGET /users/profile/61a153d7201dbd566d87c868 [36m304[0m 40.095 ms - -[0m
[0mGET /friendships/toggle/61a153d7201dbd566d87c868 [32m200[0m 51.835 ms - 61[0m
[0mGET /friendships/toggle/61a153d7201dbd566d87c868 [32m200[0m 45.521 ms - 62[0m
[0mGET /users/profile/61a153d7201dbd566d87c868 [36m304[0m 34.059 ms - -[0m
[0mGET /friendships/toggle/61a153d7201dbd566d87c868 [32m200[0m 31.856 ms - 61[0m
[0mGET / [32m200[0m 83.692 ms - 4944[0m
[0mGET / [36m304[0m 55.415 ms - -[0m
[0mGET /users/profile/61a153d7201dbd566d87c868 [32m200[0m 40.206 ms - 2719[0m
[0mGET /friendships/toggle/61a153d7201dbd566d87c868 [32m200[0m 23.233 ms - 62[0m
[0mGET / [32m200[0m 62.117 ms - 4263[0m
[0mGET / [36m304[0m 35.475 ms - -[0m
[0mGET / [36m304[0m 61.723 ms - -[0m
[0mGET / [36m304[0m 269.922 ms - -[0m
[0mGET /users/profile/61a153d7201dbd566d87c868 [32m200[0m 28.378 ms - 2714[0m
[0mGET /friendships/toggle/61a153d7201dbd566d87c868 [32m200[0m 56.360 ms - 61[0m
[0mGET / [32m200[0m 110.244 ms - 4944[0m
[0mGET /friendships/toggle/61a153d7201dbd566d87c868 [32m200[0m 49.192 ms - 62[0m
[0mGET / [32m200[0m 60.678 ms - 4263[0m
[0mGET / [36m304[0m 44.325 ms - -[0m
[0mGET / [36m304[0m 39.695 ms - -[0m
[0mGET / [36m304[0m 30.587 ms - -[0m
[0mGET / [36m304[0m 56.892 ms - -[0m
[0mGET /users/profile/61a153d7201dbd566d87c868 [36m304[0m 56.229 ms - -[0m
[0mGET /friendships/toggle/61a153d7201dbd566d87c868 [32m200[0m 57.056 ms - 61[0m
[0mGET / [32m200[0m 64.658 ms - 4944[0m
[0mGET / [36m304[0m 141.737 ms - -[0m
[0mGET /users/profile/61a153d7201dbd566d87c868 [32m200[0m 34.840 ms - 2719[0m
[0mGET /users/profile/61a153d7201dbd566d87c868 [36m304[0m 39.089 ms - -[0m
[0mGET /users/profile/61a153d7201dbd566d87c868 [36m304[0m 26.546 ms - -[0m
[0mGET / [36m304[0m 59.603 ms - -[0m
[0mGET / [32m200[0m 87.168 ms - 4931[0m
[0mGET /friendships/toggle/61a153d7201dbd566d87c868 [32m200[0m 43.514 ms - 62[0m
[0mGET /users/profile/61a153d7201dbd566d87c868 [32m200[0m 35.735 ms - 2714[0m
[0mGET /users/profile/61a153d7201dbd566d87c868 [32m200[0m 34.741 ms - 2714[0m
[0mGET /users/profile/61a153d7201dbd566d87c868 [32m200[0m 35.487 ms - 2706[0m
[0mGET /users/profile/61a153d7201dbd566d87c868 [36m304[0m 39.276 ms - -[0m
[0mGET / [32m200[0m 54.932 ms - 4263[0m
[0mGET / [36m304[0m 34.059 ms - -[0m
[0mGET /users/profile/61a153d7201dbd566d87c868 [36m304[0m 26.490 ms - -[0m
[0mGET /users/profile/61a153d7201dbd566d87c868 [36m304[0m 30.261 ms - -[0m
[0mGET /friendships/toggle/61a153d7201dbd566d87c868 [32m200[0m 59.079 ms - 61[0m
[0mGET / [32m200[0m 61.533 ms - 4931[0m
[0mGET / [36m304[0m 55.898 ms - -[0m
[0mGET / [36m304[0m 64.510 ms - -[0m
[0mGET / [36m304[0m 60.695 ms - -[0m
[0mGET / [36m304[0m 53.372 ms - -[0m
[0mGET / [36m304[0m 70.975 ms - -[0m
[0mGET / [36m304[0m 57.587 ms - -[0m
[0mGET / [36m304[0m 54.648 ms - -[0m
[0mGET / [36m304[0m 48.395 ms - -[0m
[0mGET / [36m304[0m 62.115 ms - -[0m
[0mGET / [36m304[0m 47.790 ms - -[0m
[0mGET / [36m304[0m 47.667 ms - -[0m
[0mGET / [36m304[0m 46.957 ms - -[0m
[0mGET / [36m304[0m 62.258 ms - -[0m
[0mGET / [36m304[0m 45.763 ms - -[0m
[0mGET / [36m304[0m 49.454 ms - -[0m
[0mGET / [36m304[0m 44.466 ms - -[0m
[0mGET / [36m304[0m 49.185 ms - -[0m
[0mGET / [36m304[0m 57.064 ms - -[0m
