[0mGET / [32m200[0m 34.787 ms - 3350[0m
[0mGET / [36m304[0m 22.229 ms - -[0m
[0mGET /users/sign-in [36m304[0m 14.104 ms - -[0m
[0mPOST /users/create-session [36m302[0m 14.010 ms - 46[0m
[0mGET / [32m200[0m 58.822 ms - 5180[0m
[0mGET /users/profile/61a153d7201dbd566d87c868 [32m200[0m 26.817 ms - 2707[0m
[0mGET / [32m200[0m 44.276 ms - 4985[0m
[0mGET / [32m200[0m 52.259 ms - 5022[0m
[0mGET / [36m304[0m 59.922 ms - -[0m
[0mPOST /posts/create [32m200[0m 150.316 ms - 333[0m
[0mPOST /comments/create [36m302[0m 217.745 ms - 46[0m
[0mGET / [32m200[0m 113.991 ms - 7132[0m
[0mPOST /likes/toggle/?id=61b2507747445359a1b8dee8&type=Comment [32m200[0m 185.800 ms - 59[0m
[0mPOST /likes/toggle/?id=61b2507747445359a1b8dee8&type=Comment [32m200[0m 33.014 ms - 58[0m
[0mGET / [32m200[0m 79.083 ms - 6966[0m
[0mGET / [36m304[0m 90.386 ms - -[0m
[0mGET / [36m304[0m 52.928 ms - -[0m
[0mGET / [36m304[0m 76.624 ms - -[0m
[0mGET / [36m304[0m 85.349 ms - -[0m
[0mGET / [36m304[0m 75.294 ms - -[0m
[0mGET / [36m304[0m 114.760 ms - -[0m
[0mGET / [32m200[0m 80.947 ms - 6939[0m
[0mGET /posts/destroy/61b2506047445359a1b8dee3 [36m302[0m 25.566 ms - 88[0m
[0mGET / [32m200[0m 31.355 ms - 5286[0m
[0mGET / [32m200[0m 51.236 ms - 5022[0m
[0mPOST /posts/create [32m200[0m 27.906 ms - 301[0m
[0mGET / [32m200[0m 59.792 ms - 6239[0m
[0mGET / [36m304[0m 71.745 ms - -[0m
[0mGET / [32m200[0m 50.910 ms - 6279[0m
[0mGET / [36m304[0m 58.066 ms - -[0m
[0mGET / [36m304[0m 49.089 ms - -[0m
[0mGET / [36m304[0m 80.899 ms - -[0m
[0mGET / [36m304[0m 89.402 ms - -[0m
[0mGET / [36m304[0m 60.306 ms - -[0m
[0mGET / [36m304[0m 52.592 ms - -[0m
[0mGET / [32m200[0m 42.568 ms - 6326[0m
[0mGET / [36m304[0m 64.913 ms - -[0m
[0mGET / [36m304[0m 75.129 ms - -[0m
[0mGET / [36m304[0m 92.059 ms - -[0m
[0mGET / [36m304[0m 38.781 ms - -[0m
[0mGET / [36m304[0m 61.203 ms - -[0m
[0mGET / [36m304[0m 59.341 ms - -[0m
[0mGET / [36m304[0m 90.005 ms - -[0m
[0mGET / [36m304[0m 81.572 ms - -[0m
[0mGET / [36m304[0m 46.091 ms - -[0m
[0mGET / [36m304[0m 53.844 ms - -[0m
[0mGET / [36m304[0m 52.195 ms - -[0m
[0mGET / [36m304[0m 54.771 ms - -[0m
[0mGET / [36m304[0m 64.586 ms - -[0m
[0mGET / [36m304[0m 57.016 ms - -[0m
[0mGET / [36m304[0m 60.620 ms - -[0m
[0mGET / [36m304[0m 63.486 ms - -[0m
[0mGET / [36m304[0m 53.166 ms - -[0m
[0mGET / [36m304[0m 38.178 ms - -[0m
[0mGET / [36m304[0m 96.420 ms - -[0m
[0mGET / [36m304[0m 55.267 ms - -[0m
[0mGET / [36m304[0m 74.179 ms - -[0m
[0mGET / [36m304[0m 35.282 ms - -[0m
[0mGET / [36m304[0m 58.770 ms - -[0m
[0mGET / [36m304[0m 88.098 ms - -[0m
[0mGET / [36m304[0m 57.983 ms - -[0m
[0mGET / [36m304[0m 70.756 ms - -[0m
[0mGET / [36m304[0m 43.865 ms - -[0m
[0mGET / [36m304[0m 70.200 ms - -[0m
[0mGET / [36m304[0m 65.372 ms - -[0m
[0mGET / [36m304[0m 60.650 ms - -[0m
[0mGET / [36m304[0m 84.383 ms - -[0m
[0mGET / [36m304[0m 51.464 ms - -[0m
[0mGET / [36m304[0m 62.224 ms - -[0m
[0mGET / [36m304[0m 58.840 ms - -[0m
[0mGET / [36m304[0m 56.607 ms - -[0m
[0mGET / [36m304[0m 75.040 ms - -[0m
[0mGET / [36m304[0m 47.592 ms - -[0m
[0mGET / [36m304[0m 36.293 ms - -[0m
[0mGET / [36m304[0m 69.981 ms - -[0m
[0mGET / [36m304[0m 65.217 ms - -[0m
[0mGET / [36m304[0m 62.076 ms - -[0m
[0mGET / [36m304[0m 45.533 ms - -[0m
[0mGET / [36m304[0m 39.499 ms - -[0m
[0mGET / [32m200[0m 55.943 ms - 6324[0m
[0mGET / [36m304[0m 90.151 ms - -[0m
[0mGET / [36m304[0m 55.652 ms - -[0m
[0mGET / [36m304[0m 40.809 ms - -[0m
[0mPOST /comments/create [32m200[0m 68.948 ms - 521[0m
[0mGET / [32m200[0m 89.323 ms - 6966[0m
[0mGET / [36m304[0m 71.446 ms - -[0m
[0mGET / [36m304[0m 51.497 ms - -[0m
[0mGET / [36m304[0m 44.773 ms - -[0m
[0mGET / [36m304[0m 59.527 ms - -[0m
[0mGET / [36m304[0m 68.133 ms - -[0m
[0mGET / [36m304[0m 46.260 ms - -[0m
[0mGET / [36m304[0m 69.377 ms - -[0m
[0mGET / [32m200[0m 61.475 ms - 4395[0m
[0mGET / [36m304[0m 40.153 ms - -[0m
[0mGET / [36m304[0m 49.684 ms - -[0m
[0mGET / [36m304[0m 48.469 ms - -[0m
[0mGET / [36m304[0m 40.946 ms - -[0m
[0mGET / [36m304[0m 60.721 ms - -[0m
[0mGET / [36m304[0m 32.417 ms - -[0m
[0mGET / [36m304[0m 53.011 ms - -[0m
[0mGET / [32m200[0m 49.573 ms - 4512[0m
[0mGET / [36m304[0m 47.168 ms - -[0m
[0mGET / [32m200[0m 57.344 ms - 4542[0m
[0mGET / [36m304[0m 68.944 ms - -[0m
[0mGET / [36m304[0m 55.233 ms - -[0m
[0mGET / [32m200[0m 41.228 ms - 4569[0m
[0mGET / [36m304[0m 40.878 ms - -[0m
[0mGET / [36m304[0m 39.225 ms - -[0m
[0mGET / [36m304[0m 42.849 ms - -[0m
[0mGET / [36m304[0m 30.125 ms - -[0m
[0mGET / [36m304[0m 32.332 ms - -[0m
[0mGET / [36m304[0m 34.650 ms - -[0m
[0mGET / [36m304[0m 29.856 ms - -[0m
[0mGET / [36m304[0m 37.741 ms - -[0m
[0mGET / [36m304[0m 29.859 ms - -[0m
[0mGET / [36m304[0m 32.333 ms - -[0m
[0mGET / [36m304[0m 30.602 ms - -[0m
[0mGET / [36m304[0m 36.041 ms - -[0m
[0mGET / [36m304[0m 34.366 ms - -[0m
[0mGET / [32m200[0m 47.225 ms - 4639[0m
[0mGET /users/sign-in [32m200[0m 28.355 ms - 2728[0m
[0mPOST /users/create-session [36m302[0m 11.661 ms - 46[0m
[0mGET / [32m200[0m 38.102 ms - 7441[0m
[0mPOST /likes/toggle/?id=61b2550d47445359a1b8df6c&type=Post [32m200[0m 35.723 ms - 59[0m
[0mPOST /likes/toggle/?id=61b2550d47445359a1b8df6c&type=Post [32m200[0m 30.831 ms - 58[0m
[0mPOST /likes/toggle/?id=61b2550d47445359a1b8df6c&type=Post [32m200[0m 31.304 ms - 59[0m
[0mPOST /likes/toggle/?id=61b2550d47445359a1b8df6c&type=Post [32m200[0m 29.489 ms - 58[0m
[0mGET / [32m200[0m 49.151 ms - 7192[0m
[0mPOST /likes/toggle/?id=61b2550d47445359a1b8df6c&type=Post [32m200[0m 33.215 ms - 59[0m
[0mGET / [32m200[0m 129.893 ms - 7192[0m
[0mGET /likes/toggle/?id=61b2550d47445359a1b8df6c&type=Post [33m404[0m 12.529 ms - 152[0m
[0mGET /likes/toggle/?id=61b2550d47445359a1b8df6c&type=Post [33m404[0m 14.063 ms - 152[0m
[0mGET / [36m304[0m 142.461 ms - -[0m
[0mPOST /likes/toggle/?id=61b2550d47445359a1b8df6c&type=Post [32m200[0m 41.679 ms - 58[0m
[0mPOST /likes/toggle/?id=61b2550d47445359a1b8df6c&type=Post [32m200[0m 96.848 ms - 59[0m
[0mPOST /likes/toggle/?id=61b2550d47445359a1b8df6c&type=Post [32m200[0m 28.172 ms - 58[0m
[0mPOST /likes/toggle/?id=61b2550d47445359a1b8df6c&type=Post [32m200[0m 22.504 ms - 59[0m
[0mGET / [32m200[0m 122.021 ms - 7192[0m
[0mGET / [36m304[0m 129.021 ms - -[0m
[0mPOST /likes/toggle/?id=61b2550d47445359a1b8df6c&type=Post [32m200[0m 33.419 ms - 58[0m
[0mPOST /likes/toggle/?id=61b2550d47445359a1b8df6c&type=Post [32m200[0m 53.364 ms - 59[0m
[0mPOST /likes/toggle/?id=61b2550d47445359a1b8df6c&type=Post [32m200[0m 39.272 ms - 58[0m
[0mGET / [32m200[0m 84.772 ms - 7192[0m
[0mGET / [32m200[0m 139.634 ms - 7055[0m
[0mGET / [32m200[0m 78.141 ms - 7019[0m
[0mGET / [36m304[0m 68.195 ms - -[0m
[0mGET / [36m304[0m 64.035 ms - -[0m
[0mGET /likes/toggle/?id=61b2550d47445359a1b8df6c&type=Post [33m404[0m 15.974 ms - 152[0m
[0mGET / [36m304[0m 95.640 ms - -[0m
[0mGET /likes/toggle/?id=61b2550d47445359a1b8df6c&type=Post [33m404[0m 14.209 ms - 152[0m
[0mGET / [36m304[0m 99.334 ms - -[0m
[0mPOST /likes/toggle/?id=61b2550d47445359a1b8df6c&type=Post [32m200[0m 55.398 ms - 59[0m
[0mPOST /likes/toggle/?id=61b2550d47445359a1b8df6c&type=Post [32m200[0m 42.114 ms - 58[0m
[0mPOST /likes/toggle/?id=61b2550d47445359a1b8df6c&type=Post [32m200[0m 39.255 ms - 59[0m
[0mGET / [32m200[0m 79.078 ms - 7024[0m
[0mPOST / [33m404[0m 28.999 ms - 140[0m
[0mPOST /likes/toggle/?id=61b2550d47445359a1b8df6c&type=Post [32m200[0m 36.415 ms - 58[0m
[0mPOST /likes/toggle/?id=61b2550d47445359a1b8df6c&type=Post [32m200[0m 42.973 ms - 59[0m
[0mPOST /likes/toggle/?id=61b2550d47445359a1b8df6c&type=Post [32m200[0m 19.896 ms - 58[0m
[0mPOST /likes/toggle/?id=61b2550d47445359a1b8df6c&type=Post [32m200[0m 35.211 ms - 59[0m
[0mGET / [36m304[0m 81.787 ms - -[0m
[0mGET / [36m304[0m 82.546 ms - -[0m
[0mGET / [36m304[0m 83.809 ms - -[0m
[0mPOST /likes/toggle/?id=61b2550d47445359a1b8df6c&type=Post [32m200[0m 15.871 ms - 58[0m
[0mPOST /likes/toggle/?id=61b2550d47445359a1b8df6c&type=Post [32m200[0m 37.656 ms - 59[0m
[0mPOST /likes/toggle/?id=61b2550d47445359a1b8df6c&type=Post [32m200[0m 45.117 ms - 58[0m
[0mPOST /likes/toggle/?id=61b2550d47445359a1b8df6c&type=Post [32m200[0m 39.723 ms - 59[0m
[0mPOST /likes/toggle/?id=61b2550d47445359a1b8df6c&type=Post [32m200[0m 32.923 ms - 58[0m
[0mPOST /likes/toggle/?id=61b2550d47445359a1b8df6c&type=Post [32m200[0m 39.919 ms - 59[0m
[0mGET / [36m304[0m 69.911 ms - -[0m
[0mGET / [36m304[0m 77.808 ms - -[0m
[0mGET / [36m304[0m 72.028 ms - -[0m
[0mPOST / [33m404[0m 23.823 ms - 140[0m
[0mPOST /likes/toggle/?id=61b2550d47445359a1b8df6c&type=Post [32m200[0m 45.004 ms - 58[0m
[0mPOST /likes/toggle/?id=61b2550d47445359a1b8df6c&type=Post [32m200[0m 38.029 ms - 59[0m
[0mGET / [36m304[0m 72.439 ms - -[0m
[0mGET / [36m304[0m 56.217 ms - -[0m
[0mGET / [36m304[0m 71.802 ms - -[0m
[0mGET / [36m304[0m 88.358 ms - -[0m
[0mGET / [36m304[0m 60.688 ms - -[0m
[0mGET / [36m304[0m 70.579 ms - -[0m
[0mGET / [36m304[0m 83.200 ms - -[0m
[0mGET / [36m304[0m 50.312 ms - -[0m
[0mGET / [36m304[0m 49.971 ms - -[0m
[0mGET / [36m304[0m 63.868 ms - -[0m
[0mGET / [32m200[0m 76.683 ms - 7010[0m
[0mGET / [36m304[0m 74.138 ms - -[0m
[0mGET / [36m304[0m 68.015 ms - -[0m
[0mGET / [36m304[0m 85.406 ms - -[0m
[0mGET / [36m304[0m 52.516 ms - -[0m
[0mGET / [32m200[0m 238.674 ms - 4453[0m
[0mGET /favicon.ico [33m404[0m 12.143 ms - 150[0m
[0mGET /users/sign-in [32m200[0m 41.600 ms - 2525[0m
[0mPOST /users/create-session [36m302[0m 98.463 ms - 46[0m
[0mGET / [32m200[0m 118.638 ms - 7259[0m
[0mPOST /likes/toggle/?id=61b2550d47445359a1b8df6c&type=Post [32m200[0m 65.019 ms - 58[0m
[0mPOST /likes/toggle/?id=61b2550d47445359a1b8df6c&type=Post [32m200[0m 55.876 ms - 59[0m
[0mPOST /likes/toggle/?id=61b2550d47445359a1b8df6c&type=Post [32m200[0m 46.466 ms - 58[0m
[0mPOST /likes/toggle/?id=61b2550d47445359a1b8df6c&type=Post [32m200[0m 41.395 ms - 59[0m
[0mGET / [32m200[0m 90.204 ms - 7008[0m
[0mGET / [36m304[0m 98.299 ms - -[0m
[0mGET / [36m304[0m 68.442 ms - -[0m
[0mGET / [36m304[0m 57.667 ms - -[0m
[0mGET / [36m304[0m 54.620 ms - -[0m
[0mGET / [36m304[0m 100.523 ms - -[0m
[0mGET /comments/destroy/61b259f947445359a1b8e139 [32m200[0m 144.173 ms - 79[0m
[0mGET / [32m200[0m 133.110 ms - 6366[0m
[0mGET / [36m304[0m 46.368 ms - -[0m
[0mGET / [36m304[0m 53.339 ms - -[0m
[0mPOST /comments/create [32m200[0m 193.257 ms - 547[0m
[0mGET / [32m200[0m 84.607 ms - 7007[0m
[0mGET / [36m304[0m 88.302 ms - -[0m
[0mGET / [36m304[0m 72.907 ms - -[0m
[0mGET / [36m304[0m 51.622 ms - -[0m
[0mGET / [36m304[0m 63.685 ms - -[0m
[0mGET / [36m304[0m 63.770 ms - -[0m
[0mGET / [36m304[0m 50.591 ms - -[0m
[0mGET / [36m304[0m 112.126 ms - -[0m
[0mGET / [36m304[0m 72.161 ms - -[0m
[0mGET / [36m304[0m 73.863 ms - -[0m
[0mGET / [32m200[0m 67.638 ms - 7027[0m
[0mGET / [36m304[0m 93.318 ms - -[0m
[0mGET / [36m304[0m 53.840 ms - -[0m
[0mGET / [32m200[0m 59.916 ms - 7034[0m
[0mGET / [36m304[0m 83.439 ms - -[0m
[0mGET / [36m304[0m 46.317 ms - -[0m
[0mGET / [36m304[0m 49.931 ms - -[0m
[0mGET / [36m304[0m 57.889 ms - -[0m
[0mGET / [36m304[0m 49.577 ms - -[0m
[0mPOST /comments/create [32m200[0m 62.075 ms - 575[0m
[0mGET / [32m200[0m 108.079 ms - 7683[0m
[0mGET / [36m304[0m 80.204 ms - -[0m
[0mGET / [36m304[0m 108.812 ms - -[0m
[0mGET / [36m304[0m 63.109 ms - -[0m
[0mPOST /posts/create [32m200[0m 78.705 ms - 301[0m
[0mPOST /comments/create [36m302[0m 33.337 ms - 46[0m
[0mGET / [32m200[0m 79.199 ms - 9937[0m
[0mGET /posts/destroy/61b87bb767d66a4b1a439e22 [36m302[0m 28.944 ms - 88[0m
[0mGET / [32m200[0m 47.746 ms - 7947[0m
[0mGET /comments/destroy/61b87b1a67d66a4b1a439def [32m200[0m 32.495 ms - 79[0m
[0mGET / [32m200[0m 109.990 ms - 7034[0m
[0mGET / [36m304[0m 79.888 ms - -[0m
[0mGET / [36m304[0m 67.808 ms - -[0m
[0mGET / [36m304[0m 65.251 ms - -[0m
[0mGET /comments/destroy/61b8793d67d66a4b1a439d15 [32m200[0m 30.560 ms - 79[0m
[0mGET / [32m200[0m 61.485 ms - 6386[0m
[0mGET / [36m304[0m 55.635 ms - -[0m
[0mPOST /comments/create [32m200[0m 58.007 ms - 547[0m
[0mGET /comments/destroy/61b87d3967d66a4b1a439e94 [32m200[0m 39.277 ms - 79[0m
[0mGET / [36m304[0m 104.074 ms - -[0m
[0mPOST /comments/create [32m200[0m 38.428 ms - 548[0m
[0mGET / [32m200[0m 84.428 ms - 7035[0m
[0mGET /comments/destroy/61b87d4367d66a4b1a439eab [32m200[0m 36.346 ms - 79[0m
[0mGET / [32m200[0m 70.465 ms - 6386[0m
[0mPOST /comments/create [32m200[0m 61.110 ms - 549[0m
[0mGET / [32m200[0m 68.666 ms - 7058[0m
[0mGET / [36m304[0m 66.743 ms - -[0m
[0mGET / [36m304[0m 72.678 ms - -[0m
[0mGET / [36m304[0m 67.083 ms - -[0m
[0mGET /comments/destroy/61b87d6b67d66a4b1a439ecd [32m200[0m 30.517 ms - 79[0m
[0mGET / [32m200[0m 63.469 ms - 6408[0m
[0mGET / [36m304[0m 72.174 ms - -[0m
[0mGET / [36m304[0m 95.706 ms - -[0m
[0mGET / [36m304[0m 68.994 ms - -[0m
[0mPOST /comments/create [32m200[0m 58.183 ms - 547[0m
[0mGET /comments/destroy/61b87e5e67d66a4b1a439f2b [32m200[0m 35.266 ms - 79[0m
[0mPOST /comments/create [32m200[0m 57.188 ms - 548[0m
[0mGET / [32m200[0m 91.014 ms - 7050[0m
[0mGET /comments/destroy/61b87e6367d66a4b1a439f39 [32m200[0m 30.074 ms - 79[0m
[0mGET / [32m200[0m 68.647 ms - 6408[0m
[0mPOST /comments/create [32m200[0m 55.098 ms - 548[0m
[0mGET / [32m200[0m 60.347 ms - 7050[0m
[0mGET / [36m304[0m 68.959 ms - -[0m
[0mGET / [36m304[0m 41.764 ms - -[0m
[0mGET / [36m304[0m 69.755 ms - -[0m
[0mGET /comments/destroy/61b87ef567d66a4b1a439f5b [32m200[0m 35.071 ms - 79[0m
[0mGET / [32m200[0m 68.108 ms - 6408[0m
[0mPOST /comments/create [32m200[0m 48.863 ms - 547[0m
[0mPOST /likes/toggle/?id=61b87f8067d66a4b1a439f9e&type=Comment [32m200[0m 40.909 ms - 59[0m
[0mPOST /likes/toggle/?id=61b87f8067d66a4b1a439f9e&type=Comment [32m200[0m 29.905 ms - 58[0m
[0mPOST /likes/toggle/?id=61b87f8067d66a4b1a439f9e&type=Comment [32m200[0m 28.757 ms - 59[0m
[0mPOST /likes/toggle/?id=61b87f8067d66a4b1a439f9e&type=Comment [32m200[0m 29.223 ms - 58[0m
[0mPOST /likes/toggle/?id=61b87f8067d66a4b1a439f9e&type=Comment [32m200[0m 34.552 ms - 59[0m
[0mPOST /likes/toggle/?id=61b87f8067d66a4b1a439f9e&type=Comment [32m200[0m 28.677 ms - 58[0m
[0mGET / [32m200[0m 67.927 ms - 7049[0m
[0mGET / [36m304[0m 162.573 ms - -[0m
[0mGET / [36m304[0m 163.261 ms - -[0m
[0mGET / [36m304[0m 129.237 ms - -[0m
[0mGET /comments/destroy/61b87f8067d66a4b1a439f9e [32m200[0m 50.747 ms - 79[0m
[0mGET / [32m200[0m 78.131 ms - 6408[0m
[0mPOST /comments/create [32m200[0m 74.260 ms - 548[0m
[0mGET / [32m200[0m 68.550 ms - 7050[0m
[0mGET / [36m304[0m 66.723 ms - -[0m
[0mGET / [32m200[0m 128.423 ms - 7052[0m
[0mGET / [36m304[0m 98.415 ms - -[0m
[0mGET / [36m304[0m 61.609 ms - -[0m
[0mPOST /likes/toggle/?id=61b87fe6a54a08e2f03ec866&type=Comment [32m200[0m 44.704 ms - 59[0m
[0mPOST /likes/toggle/?id=61b87fe6a54a08e2f03ec866&type=Comment [32m200[0m 37.887 ms - 58[0m
[0mGET / [36m304[0m 95.599 ms - -[0m
[0mPOST /comments/create [32m200[0m 43.127 ms - 574[0m
[0mGET / [32m200[0m 73.209 ms - 7695[0m
[0mGET / [36m304[0m 115.381 ms - -[0m
[0mGET / [36m304[0m 88.875 ms - -[0m
[0mPOST /comments/create [32m200[0m 37.992 ms - 601[0m
[0mGET / [32m200[0m 128.596 ms - 8338[0m
[0mGET / [36m304[0m 128.234 ms - -[0m
[0mGET / [36m304[0m 127.449 ms - -[0m
[0mGET / [36m304[0m 152.022 ms - -[0m
[0mGET / [36m304[0m 104.541 ms - -[0m
[0mGET / [36m304[0m 87.005 ms - -[0m
[0mGET / [36m304[0m 83.668 ms - -[0m
[0mGET / [36m304[0m 96.238 ms - -[0m
[0mGET / [36m304[0m 111.878 ms - -[0m
[0mGET / [36m304[0m 97.369 ms - -[0m
[0mGET / [36m304[0m 83.944 ms - -[0m
[0mGET /comments/destroy/61b87fe6a54a08e2f03ec866 [32m200[0m 76.078 ms - 79[0m
[0mGET /comments/destroy/61b8812ba54a08e2f03ec8bf [32m200[0m 41.457 ms - 79[0m
[0mGET /comments/destroy/61b88154a54a08e2f03ec8e8 [32m200[0m 53.779 ms - 79[0m
[0mGET / [32m200[0m 63.856 ms - 6408[0m
[0mGET / [36m304[0m 151.966 ms - -[0m
[0mPOST /comments/create [32m200[0m 75.117 ms - 547[0m
[0mGET / [32m200[0m 102.914 ms - 7051[0m
[0mGET / [36m304[0m 153.381 ms - -[0m
[0mGET / [36m304[0m 188.617 ms - -[0m
[0mGET / [32m200[0m 93.996 ms - 7059[0m
[0mGET / [36m304[0m 81.446 ms - -[0m
[0mGET / [36m304[0m 69.999 ms - -[0m
[0mGET / [36m304[0m 81.139 ms - -[0m
[0mGET / [36m304[0m 86.480 ms - -[0m
[0mGET / [36m304[0m 67.004 ms - -[0m
[0mGET / [32m200[0m 137.552 ms - 7056[0m
[0mPOST /likes/toggle/?id=61b2550d47445359a1b8df6c&type=Post [32m200[0m 69.770 ms - 58[0m
[0mPOST /likes/toggle/?id=61b2550d47445359a1b8df6c&type=Post [32m200[0m 51.776 ms - 59[0m
[0mGET / [36m304[0m 86.740 ms - -[0m
