[0mGET / [32m200[0m 104.939 ms - 6203[0m
[0mGET / [36m304[0m 44.399 ms - -[0m
[0mGET / [36m304[0m 77.519 ms - -[0m
[0mGET / [36m304[0m 45.391 ms - -[0m
[0mGET / [36m304[0m 50.603 ms - -[0m
[0mGET / [36m304[0m 41.556 ms - -[0m
[0mGET / [36m304[0m 46.545 ms - -[0m
[0mGET / [36m304[0m 41.444 ms - -[0m
[0mGET / [36m304[0m 32.035 ms - -[0m
[0mGET / [36m304[0m 78.459 ms - -[0m
[0mGET / [36m304[0m 38.464 ms - -[0m
[0mGET / [36m304[0m 41.131 ms - -[0m
[0mGET / [36m304[0m 37.679 ms - -[0m
[0mGET / [36m304[0m 68.329 ms - -[0m
[0mGET / [36m304[0m 58.683 ms - -[0m
[0mGET / [36m304[0m 28.487 ms - -[0m
[0mGET / [36m304[0m 56.783 ms - -[0m
[0mGET / [36m304[0m 76.616 ms - -[0m
[0mGET / [36m304[0m 40.265 ms - -[0m
[0mGET / [36m304[0m 60.761 ms - -[0m
[0mGET / [36m304[0m 39.492 ms - -[0m
[0mGET / [36m304[0m 47.448 ms - -[0m
[0mGET / [36m304[0m 33.607 ms - -[0m
[0mGET / [36m304[0m 36.880 ms - -[0m
[0mGET / [36m304[0m 25.626 ms - -[0m
[0mGET / [36m304[0m 46.634 ms - -[0m
[0mGET / [36m304[0m 25.569 ms - -[0m
[0mGET / [36m304[0m 23.463 ms - -[0m
[0mGET / [36m304[0m 32.989 ms - -[0m
[0mGET / [36m304[0m 71.117 ms - -[0m
[0mGET / [36m304[0m 56.181 ms - -[0m
[0mGET / [36m304[0m 29.899 ms - -[0m
[0mGET / [36m304[0m 29.102 ms - -[0m
[0mGET / [36m304[0m 124.311 ms - -[0m
[0mGET / [32m200[0m 157.105 ms - 6247[0m
[0mGET / [36m304[0m 59.368 ms - -[0m
[0mGET / [32m200[0m 153.018 ms - 6240[0m
[0mGET / [36m304[0m 53.686 ms - -[0m
[0mGET / [36m304[0m 48.700 ms - -[0m
[0mGET / [36m304[0m 43.861 ms - -[0m
[0mGET / [36m304[0m 54.070 ms - -[0m
[0mGET / [36m304[0m 53.472 ms - -[0m
[0mGET / [36m304[0m 63.318 ms - -[0m
[0mGET / [36m304[0m 31.942 ms - -[0m
[0mGET / [36m304[0m 30.292 ms - -[0m
[0mGET / [32m200[0m 101.142 ms - 6248[0m
[0mGET / [36m304[0m 43.501 ms - -[0m
[0mGET / [36m304[0m 74.472 ms - -[0m
[0mGET / [36m304[0m 218.658 ms - -[0m
[0mGET / [36m304[0m 56.751 ms - -[0m
[0mGET / [36m304[0m 47.213 ms - -[0m
[0mGET / [36m304[0m 32.931 ms - -[0m
[0mGET / [36m304[0m 42.935 ms - -[0m
[0mGET / [36m304[0m 33.258 ms - -[0m
[0mGET / [36m304[0m 64.140 ms - -[0m
[0mGET / [36m304[0m 34.300 ms - -[0m
[0mGET / [32m200[0m 130.916 ms - 6263[0m
[0mGET / [36m304[0m 81.437 ms - -[0m
[0mGET / [36m304[0m 32.410 ms - -[0m
[0mGET / [36m304[0m 32.005 ms - -[0m
[0mGET / [36m304[0m 45.112 ms - -[0m
[0mGET / [36m304[0m 34.765 ms - -[0m
[0mGET / [36m304[0m 33.045 ms - -[0m
[0mGET / [36m304[0m 41.137 ms - -[0m
[0mGET / [36m304[0m 32.675 ms - -[0m
[0mGET / [36m304[0m 113.370 ms - -[0m
[0mGET / [36m304[0m 36.032 ms - -[0m
[0mGET / [36m304[0m 121.061 ms - -[0m
[0mGET / [36m304[0m 82.330 ms - -[0m
[0mGET / [36m304[0m 47.123 ms - -[0m
[0mGET / [36m304[0m 33.668 ms - -[0m
[0mGET / [36m304[0m 67.050 ms - -[0m
[0mGET / [36m304[0m 70.230 ms - -[0m
[0mGET / [32m200[0m 102.517 ms - 6224[0m
[0mGET / [36m304[0m 52.399 ms - -[0m
[0mGET / [36m304[0m 36.287 ms - -[0m
[0mGET / [36m304[0m 29.020 ms - -[0m
[0mGET / [32m200[0m 103.650 ms - 6263[0m
[0mGET / [36m304[0m 159.116 ms - -[0m
[0mGET / [36m304[0m 127.892 ms - -[0m
[0mGET / [36m304[0m 180.894 ms - -[0m
[0mGET / [32m200[0m 144.718 ms - 6577[0m
[0mGET / [32m200[0m 136.407 ms - 6633[0m
[0mGET / [36m304[0m 75.317 ms - -[0m
[0mGET / [36m304[0m 51.758 ms - -[0m
[0mGET / [32m200[0m 132.785 ms - 6635[0m
[0mGET / [32m200[0m 110.852 ms - 6423[0m
[0mGET / [36m304[0m 81.209 ms - -[0m
[0mGET / [32m200[0m 107.022 ms - 6367[0m
[0mGET / [32m200[0m 138.716 ms - 6421[0m
[0mGET / [36m304[0m 57.898 ms - -[0m
[0mGET / [36m304[0m 44.803 ms - -[0m
[0mGET / [32m200[0m 113.349 ms - 6426[0m
[0mGET / [32m200[0m 133.100 ms - 6482[0m
[0mGET / [36m304[0m 48.641 ms - -[0m
[0mGET / [36m304[0m 43.835 ms - -[0m
[0mGET / [32m200[0m 116.058 ms - 6482[0m
[0mGET / [32m200[0m 54.316 ms - 4868[0m
[0mGET /users/sign-in [36m304[0m 12.247 ms - -[0m
[0mPOST /users/create-session [36m302[0m 14.803 ms - 46[0m
[0mGET / [32m200[0m 28.359 ms - 6731[0m
[0mGET / [32m200[0m 44.960 ms - 6482[0m
[0mGET /users/profile/61bb3ff2ac7016aa1fb1791a [32m200[0m 32.929 ms - 3090[0m
[0mGET /friendships/toggle/61bb3ff2ac7016aa1fb1791a [32m200[0m 81.195 ms - 61[0m
[0mGET / [32m200[0m 63.110 ms - 7168[0m
[0mGET / [36m304[0m 53.225 ms - -[0m
[0mGET / [36m304[0m 59.313 ms - -[0m
[0mGET / [36m304[0m 49.988 ms - -[0m
[0mGET / [36m304[0m 46.063 ms - -[0m
[0mGET / [36m304[0m 37.086 ms - -[0m
[0mGET / [36m304[0m 42.569 ms - -[0m
[0mGET / [36m304[0m 45.109 ms - -[0m
[0mGET / [36m304[0m 46.734 ms - -[0m
[0mGET / [36m304[0m 49.439 ms - -[0m
[0mGET / [36m304[0m 78.532 ms - -[0m
[0mGET / [36m304[0m 46.602 ms - -[0m
[0mGET / [36m304[0m 35.867 ms - -[0m
[0mGET / [36m304[0m 46.451 ms - -[0m
[0mPOST / [33m404[0m 24.080 ms - 140[0m
[0mPOST /likes/toggle/?id=61bb42558c31ae678d4eb9c9&type=Post [32m200[0m 50.008 ms - 59[0m
[0mPOST /likes/toggle/?id=61bb42558c31ae678d4eb9c9&type=Post [32m200[0m 38.070 ms - 58[0m
[0mGET / [36m304[0m 98.153 ms - -[0m
[0mGET / [36m304[0m 59.156 ms - -[0m
[0mGET / [36m304[0m 57.300 ms - -[0m
[0mGET / [36m304[0m 79.644 ms - -[0m
[0mGET / [36m304[0m 55.230 ms - -[0m
[0mGET / [36m304[0m 53.398 ms - -[0m
[0mPOST /posts/create [36m302[0m 16.643 ms - 88[0m
[0mGET / [32m200[0m 31.097 ms - 8975[0m
[0mPOST /posts/create [36m302[0m 28.154 ms - 88[0m
[0mGET / [32m200[0m 30.448 ms - 10541[0m
[0mPOST /posts/create [36m302[0m 28.032 ms - 88[0m
[0mGET / [32m200[0m 33.192 ms - 12107[0m
[0mGET / [32m200[0m 57.654 ms - 11865[0m
[0mPOST /posts/create [36m302[0m 8.495 ms - 88[0m
[0mGET / [32m200[0m 36.070 ms - 13675[0m
[0mGET / [32m200[0m 65.295 ms - 13433[0m
[0mGET / [36m304[0m 87.293 ms - -[0m
[0mGET / [36m304[0m 64.642 ms - -[0m
[0mGET / [36m304[0m 62.454 ms - -[0m
[0mPOST /posts/create [36m302[0m 21.507 ms - 88[0m
[0mGET / [32m200[0m 36.821 ms - 15240[0m
[0mGET /posts/destroy/61bba34538bf60b15b28550e [36m302[0m 35.237 ms - 88[0m
[0mGET / [32m200[0m 46.298 ms - 13697[0m
[0mGET /posts/destroy/61bba32438bf60b15b2854e3 [36m302[0m 34.247 ms - 88[0m
[0mGET / [32m200[0m 34.866 ms - 12129[0m
[0mGET /posts/destroy/61bba2cf38bf60b15b2854d0 [36m302[0m 35.717 ms - 88[0m
[0mGET / [32m200[0m 33.283 ms - 10563[0m
[0mGET /posts/destroy/61bba2c738bf60b15b2854c5 [36m302[0m 30.936 ms - 88[0m
[0mGET / [32m200[0m 37.170 ms - 8997[0m
[0mGET /posts/destroy/61bba2c438bf60b15b2854ba [36m302[0m 25.582 ms - 88[0m
[0mGET / [32m200[0m 33.924 ms - 7432[0m
[0mGET / [32m200[0m 57.964 ms - 7168[0m
[0mGET / [36m304[0m 47.666 ms - -[0m
[0mGET / [36m304[0m 46.362 ms - -[0m
[0mGET / [36m304[0m 43.748 ms - -[0m
[0mGET / [36m304[0m 47.242 ms - -[0m
[0mGET / [36m304[0m 50.989 ms - -[0m
[0mGET / [36m304[0m 39.419 ms - -[0m
[0mGET / [36m304[0m 43.258 ms - -[0m
[0mGET / [36m304[0m 47.035 ms - -[0m
[0mGET / [36m304[0m 49.679 ms - -[0m
[0mGET / [36m304[0m 61.763 ms - -[0m
[0mGET / [36m304[0m 51.390 ms - -[0m
[0mGET / [36m304[0m 45.766 ms - -[0m
[0mGET / [36m304[0m 75.177 ms - -[0m
[0mGET / [36m304[0m 40.166 ms - -[0m
[0mGET / [36m304[0m 66.217 ms - -[0m
[0mGET / [36m304[0m 43.013 ms - -[0m
[0mGET / [36m304[0m 50.609 ms - -[0m
[0mGET / [36m304[0m 36.465 ms - -[0m
[0mGET / [36m304[0m 70.320 ms - -[0m
[0mGET / [36m304[0m 25.543 ms - -[0m
[0mGET / [36m304[0m 38.130 ms - -[0m
[0mGET / [36m304[0m 46.951 ms - -[0m
[0mGET / [36m304[0m 66.806 ms - -[0m
[0mGET / [36m304[0m 66.403 ms - -[0m
[0mGET / [36m304[0m 50.026 ms - -[0m
[0mGET / [36m304[0m 42.523 ms - -[0m
[0mGET / [36m304[0m 45.931 ms - -[0m
[0mGET / [36m304[0m 73.122 ms - -[0m
[0mGET / [36m304[0m 68.422 ms - -[0m
[0mPOST /posts/create [36m302[0m 19.723 ms - 88[0m
[0mGET / [32m200[0m 31.222 ms - 8975[0m
[0mGET /posts/destroy/61bba64738bf60b15b28564f [36m302[0m 36.317 ms - 88[0m
[0mGET / [32m200[0m 35.364 ms - 7432[0m
[0mGET / [32m200[0m 83.082 ms - 7168[0m
[0mGET / [36m304[0m 66.091 ms - -[0m
[0mGET / [36m304[0m 36.850 ms - -[0m
[0mGET / [36m304[0m 33.594 ms - -[0m
[0mPOST /posts/create [36m302[0m 22.660 ms - 88[0m
[0mGET / [32m200[0m 29.690 ms - 8976[0m
[0mGET / [32m200[0m 83.744 ms - 8734[0m
[0mGET /posts/destroy/61bba68f38bf60b15b285688 [36m302[0m 29.370 ms - 88[0m
[0mGET / [32m200[0m 31.776 ms - 7432[0m
[0mGET /users/profile/61bb40d3ac7016aa1fb17929 [32m200[0m 31.886 ms - 3292[0m
[0mGET /users/profile/61bb40d3ac7016aa1fb17929 [36m304[0m 29.396 ms - -[0m
[0mGET /users/profile/61bb40d3ac7016aa1fb17929 [36m304[0m 48.190 ms - -[0m
[0mGET /users/profile/61bb40d3ac7016aa1fb17929 [36m304[0m 21.886 ms - -[0m
[0mGET / [32m200[0m 53.499 ms - 7168[0m
[0mGET / [36m304[0m 28.749 ms - -[0m
[0mGET / [36m304[0m 79.970 ms - -[0m
[0mGET /users/profile/61bb40d3ac7016aa1fb17929 [36m304[0m 18.730 ms - -[0m
[0mGET /users/profile/61bb40d3ac7016aa1fb17929 [36m304[0m 21.377 ms - -[0m
[0mGET / [36m304[0m 61.586 ms - -[0m
[0mGET / [36m304[0m 68.080 ms - -[0m
[0mGET /users/sign-out [36m302[0m 7.112 ms - 46[0m
[0mGET / [32m200[0m 13.644 ms - 5115[0m
[0mGET / [32m200[0m 24.613 ms - 4868[0m
[0mGET / [36m304[0m 16.996 ms - -[0m
[0mGET /users/sign-in [36m304[0m 9.102 ms - -[0m
[0mPOST /users/create-session [36m302[0m 9.597 ms - 46[0m
[0mGET / [32m200[0m 24.197 ms - 7417[0m
[0mPOST /posts/create [36m302[0m 21.563 ms - 88[0m
[0mGET / [32m200[0m 39.484 ms - 8975[0m
[0mGET /users/profile/61bb40d3ac7016aa1fb17929 [36m304[0m 30.186 ms - -[0m
[0mGET / [32m200[0m 51.477 ms - 8733[0m
[0mGET /posts/destroy/61bba70238bf60b15b2856fc [36m302[0m 27.433 ms - 88[0m
[0mGET / [32m200[0m 41.655 ms - 7432[0m
[0mGET / [32m200[0m 51.231 ms - 7168[0m
[0mGET /users/profile/61bb40d3ac7016aa1fb17929 [36m304[0m 19.876 ms - -[0m
[0mGET / [36m304[0m 42.043 ms - -[0m
[0mPOST /likes/toggle/?id=61bb42558c31ae678d4eb9c9&type=Post [32m200[0m 36.291 ms - 59[0m
[0mGET / [32m200[0m 81.061 ms - 7168[0m
[0mGET / [36m304[0m 60.586 ms - -[0m
[0mPOST /posts/create [36m302[0m 10.627 ms - 88[0m
[0mGET / [32m200[0m 45.205 ms - 8976[0m
[0mGET / [32m200[0m 75.733 ms - 8734[0m
[0mGET /posts/destroy/61bba77738bf60b15b28574e [36m302[0m 15.861 ms - 88[0m
[0mGET / [32m200[0m 25.912 ms - 7432[0m
[0mGET / [32m200[0m 226.792 ms - 7169[0m
[0mPOST /posts/create [36m302[0m 35.690 ms - 88[0m
[0mGET / [32m200[0m 36.639 ms - 8978[0m
[0mGET /posts/destroy/61bba7fd06bab2e36d5ae3b5 [36m302[0m 45.818 ms - 88[0m
[0mGET / [32m200[0m 45.480 ms - 7433[0m
[0mPOST /likes/toggle/?id=61bb42558c31ae678d4eb9c9&type=Post [32m200[0m 56.277 ms - 58[0m
[0mPOST /likes/toggle/?id=61bb42558c31ae678d4eb9c9&type=Post [32m200[0m 43.155 ms - 59[0m
[0mPOST /likes/toggle/?id=61bb42558c31ae678d4eb9c9&type=Post [32m200[0m 27.966 ms - 58[0m
[0mGET / [32m200[0m 66.960 ms - 7169[0m
[0mGET /friendships/toggle/61bb3ff2ac7016aa1fb1791a [32m200[0m 40.147 ms - 62[0m
[0mGET /users/profile/61bb3ff2ac7016aa1fb1791a [36m304[0m 21.073 ms - -[0m
[0mGET /friendships/toggle/61bb3ff2ac7016aa1fb1791a [32m200[0m 28.656 ms - 61[0m
[0mGET /friendships/toggle/61bb3ff2ac7016aa1fb1791a [32m200[0m 48.516 ms - 62[0m
[0mGET / [32m200[0m 37.598 ms - 6483[0m
[0mGET /users/profile/61bb3ff2ac7016aa1fb1791a [36m304[0m 21.897 ms - -[0m
[0mGET /friendships/toggle/61bb3ff2ac7016aa1fb1791a [32m200[0m 46.306 ms - 61[0m
[0mGET / [32m200[0m 49.394 ms - 7169[0m
[0mPOST /posts/create [36m302[0m 20.785 ms - 88[0m
[0mGET / [32m200[0m 34.321 ms - 8977[0m
[0mPOST /posts/create [36m302[0m 24.988 ms - 88[0m
[0mGET / [32m200[0m 34.129 ms - 10542[0m
[0mGET /posts/destroy/61bba87506bab2e36d5ae433 [36m302[0m 26.770 ms - 88[0m
[0mGET / [32m200[0m 35.416 ms - 8999[0m
[0mGET /posts/destroy/61bba87106bab2e36d5ae428 [36m302[0m 24.448 ms - 88[0m
[0mGET / [32m200[0m 57.308 ms - 7433[0m
[0mGET / [32m200[0m 162.812 ms - 7168[0m
[0mPOST /posts/create [36m302[0m 37.009 ms - 88[0m
[0mGET / [32m200[0m 53.868 ms - 8978[0m
[0mGET / [32m200[0m 400.350 ms - 8736[0m
[0mGET / [36m304[0m 185.256 ms - -[0m
[0mGET / [36m304[0m 70.480 ms - -[0m
[0mGET /posts/destroy/61bba8d7d5ffeb7c487a52be [36m302[0m 34.420 ms - 88[0m
[0mGET / [32m200[0m 39.913 ms - 7432[0m
[0mGET / [32m200[0m 157.694 ms - 7168[0m
[0mPOST /posts/create [36m302[0m 33.598 ms - 88[0m
[0mGET / [32m200[0m 34.150 ms - 8975[0m
[0mGET /posts/destroy/61bbaa4794e5e125b70df1c9 [36m302[0m 32.996 ms - 88[0m
[0mGET / [32m200[0m 39.604 ms - 7432[0m
[0mGET / [32m200[0m 62.414 ms - 7168[0m
[0mPOST /posts/create [36m302[0m 25.334 ms - 88[0m
[0mGET / [32m200[0m 48.533 ms - 8976[0m
[0mGET /posts/destroy/61bbaafd94e5e125b70df1ea [36m302[0m 28.511 ms - 88[0m
[0mGET / [32m200[0m 42.194 ms - 7432[0m
[0mGET / [32m200[0m 65.677 ms - 7168[0m
[0mPOST /posts/create [36m302[0m 26.519 ms - 88[0m
[0mGET / [32m200[0m 47.447 ms - 8975[0m
[0mPOST /posts/create [36m302[0m 17.961 ms - 88[0m
[0mGET / [32m200[0m 33.442 ms - 10543[0m
[0mGET /posts/destroy/61bbab0c94e5e125b70df216 [36m302[0m 31.673 ms - 88[0m
[0mGET / [32m200[0m 49.261 ms - 8997[0m
[0mGET /posts/destroy/61bbab0794e5e125b70df20b [36m302[0m 23.017 ms - 88[0m
[0mGET / [32m200[0m 38.244 ms - 7432[0m
[0mGET / [32m200[0m 49.203 ms - 7168[0m
[0mPOST /comments/create [36m302[0m 65.017 ms - 46[0m
[0mGET / [32m200[0m 66.847 ms - 8237[0m
[0mPOST /comments/create [36m302[0m 47.605 ms - 46[0m
[0mGET / [32m200[0m 92.596 ms - 9064[0m
[0mGET /comments/destroy/61bbab2f94e5e125b70df246 [36m302[0m 33.359 ms - 88[0m
[0mGET / [32m200[0m 50.784 ms - 8238[0m
[0mGET /comments/destroy/61bbab3594e5e125b70df259 [36m302[0m 26.177 ms - 88[0m
[0mGET / [32m200[0m 48.315 ms - 7411[0m
[0mGET / [32m200[0m 58.854 ms - 7168[0m
[0mGET / [36m304[0m 32.269 ms - -[0m
::1 - - [16/Dec/2021:21:12:08 +0000] "GET / HTTP/1.1" 200 3968 "http://localhost:8000/" "Mozilla/5.0 (Windows NT 10.0; Win64; x64) AppleWebKit/537.36 (KHTML, like Gecko) Chrome/96.0.4664.110 Safari/537.36"
::1 - - [16/Dec/2021:21:12:11 +0000] "GET /users/sign-in HTTP/1.1" 200 2744 "http://localhost:8000/" "Mozilla/5.0 (Windows NT 10.0; Win64; x64) AppleWebKit/537.36 (KHTML, like Gecko) Chrome/96.0.4664.110 Safari/537.36"
::1 - - [16/Dec/2021:21:12:15 +0000] "POST /users/create-session HTTP/1.1" 302 46 "http://localhost:8000/users/sign-in" "Mozilla/5.0 (Windows NT 10.0; Win64; x64) AppleWebKit/537.36 (KHTML, like Gecko) Chrome/96.0.4664.110 Safari/537.36"
::1 - - [16/Dec/2021:21:12:15 +0000] "GET / HTTP/1.1" 200 5278 "http://localhost:8000/users/sign-in" "Mozilla/5.0 (Windows NT 10.0; Win64; x64) AppleWebKit/537.36 (KHTML, like Gecko) Chrome/96.0.4664.110 Safari/537.36"
::1 - - [16/Dec/2021:21:12:19 +0000] "POST /posts/create HTTP/1.1" 302 88 "http://localhost:8000/" "Mozilla/5.0 (Windows NT 10.0; Win64; x64) AppleWebKit/537.36 (KHTML, like Gecko) Chrome/96.0.4664.110 Safari/537.36"
::1 - - [16/Dec/2021:21:12:19 +0000] "GET / HTTP/1.1" 200 6845 "http://localhost:8000/" "Mozilla/5.0 (Windows NT 10.0; Win64; x64) AppleWebKit/537.36 (KHTML, like Gecko) Chrome/96.0.4664.110 Safari/537.36"
::1 - - [16/Dec/2021:21:12:21 +0000] "GET /posts/destroy/61bbabb39770c2441299da32 HTTP/1.1" 302 88 "http://localhost:8000/" "Mozilla/5.0 (Windows NT 10.0; Win64; x64) AppleWebKit/537.36 (KHTML, like Gecko) Chrome/96.0.4664.110 Safari/537.36"
::1 - - [16/Dec/2021:21:12:21 +0000] "GET / HTTP/1.1" 200 5293 "http://localhost:8000/" "Mozilla/5.0 (Windows NT 10.0; Win64; x64) AppleWebKit/537.36 (KHTML, like Gecko) Chrome/96.0.4664.110 Safari/537.36"
::1 - - [16/Dec/2021:21:12:25 +0000] "POST /posts/create HTTP/1.1" 302 88 "http://localhost:8000/" "Mozilla/5.0 (Windows NT 10.0; Win64; x64) AppleWebKit/537.36 (KHTML, like Gecko) Chrome/96.0.4664.110 Safari/537.36"
::1 - - [16/Dec/2021:21:12:25 +0000] "GET / HTTP/1.1" 200 6846 "http://localhost:8000/" "Mozilla/5.0 (Windows NT 10.0; Win64; x64) AppleWebKit/537.36 (KHTML, like Gecko) Chrome/96.0.4664.110 Safari/537.36"
::1 - - [16/Dec/2021:21:12:29 +0000] "POST /comments/create HTTP/1.1" 302 46 "http://localhost:8000/" "Mozilla/5.0 (Windows NT 10.0; Win64; x64) AppleWebKit/537.36 (KHTML, like Gecko) Chrome/96.0.4664.110 Safari/537.36"
::1 - - [16/Dec/2021:21:12:29 +0000] "GET / HTTP/1.1" 200 7679 "http://localhost:8000/" "Mozilla/5.0 (Windows NT 10.0; Win64; x64) AppleWebKit/537.36 (KHTML, like Gecko) Chrome/96.0.4664.110 Safari/537.36"
::1 - - [16/Dec/2021:21:12:31 +0000] "GET / HTTP/1.1" 200 7438 "http://localhost:8000/" "Mozilla/5.0 (Windows NT 10.0; Win64; x64) AppleWebKit/537.36 (KHTML, like Gecko) Chrome/96.0.4664.110 Safari/537.36"
::1 - - [16/Dec/2021:21:12:32 +0000] "GET / HTTP/1.1" 304 - "http://localhost:8000/" "Mozilla/5.0 (Windows NT 10.0; Win64; x64) AppleWebKit/537.36 (KHTML, like Gecko) Chrome/96.0.4664.110 Safari/537.36"
::1 - - [16/Dec/2021:21:12:32 +0000] "GET / HTTP/1.1" 304 - "http://localhost:8000/" "Mozilla/5.0 (Windows NT 10.0; Win64; x64) AppleWebKit/537.36 (KHTML, like Gecko) Chrome/96.0.4664.110 Safari/537.36"
::1 - - [16/Dec/2021:21:12:34 +0000] "GET /posts/destroy/61bbabb99770c2441299da44 HTTP/1.1" 302 88 "http://localhost:8000/" "Mozilla/5.0 (Windows NT 10.0; Win64; x64) AppleWebKit/537.36 (KHTML, like Gecko) Chrome/96.0.4664.110 Safari/537.36"
::1 - - [16/Dec/2021:21:12:34 +0000] "GET / HTTP/1.1" 200 5293 "http://localhost:8000/" "Mozilla/5.0 (Windows NT 10.0; Win64; x64) AppleWebKit/537.36 (KHTML, like Gecko) Chrome/96.0.4664.110 Safari/537.36"
::1 - - [16/Dec/2021:21:12:35 +0000] "GET / HTTP/1.1" 200 5029 "http://localhost:8000/" "Mozilla/5.0 (Windows NT 10.0; Win64; x64) AppleWebKit/537.36 (KHTML, like Gecko) Chrome/96.0.4664.110 Safari/537.36"
::1 - - [16/Dec/2021:21:12:35 +0000] "GET / HTTP/1.1" 304 - "http://localhost:8000/" "Mozilla/5.0 (Windows NT 10.0; Win64; x64) AppleWebKit/537.36 (KHTML, like Gecko) Chrome/96.0.4664.110 Safari/537.36"
::1 - - [16/Dec/2021:21:12:36 +0000] "GET / HTTP/1.1" 304 - "http://localhost:8000/" "Mozilla/5.0 (Windows NT 10.0; Win64; x64) AppleWebKit/537.36 (KHTML, like Gecko) Chrome/96.0.4664.110 Safari/537.36"
::1 - - [16/Dec/2021:21:14:04 +0000] "GET / HTTP/1.1" 200 5029 "http://localhost:8000/" "Mozilla/5.0 (Windows NT 10.0; Win64; x64) AppleWebKit/537.36 (KHTML, like Gecko) Chrome/96.0.4664.110 Safari/537.36"
::1 - - [16/Dec/2021:21:14:05 +0000] "GET / HTTP/1.1" 304 - "http://localhost:8000/" "Mozilla/5.0 (Windows NT 10.0; Win64; x64) AppleWebKit/537.36 (KHTML, like Gecko) Chrome/96.0.4664.110 Safari/537.36"
::1 - - [16/Dec/2021:21:14:05 +0000] "GET / HTTP/1.1" 304 - "http://localhost:8000/" "Mozilla/5.0 (Windows NT 10.0; Win64; x64) AppleWebKit/537.36 (KHTML, like Gecko) Chrome/96.0.4664.110 Safari/537.36"
::1 - - [16/Dec/2021:21:14:05 +0000] "GET / HTTP/1.1" 304 - "http://localhost:8000/" "Mozilla/5.0 (Windows NT 10.0; Win64; x64) AppleWebKit/537.36 (KHTML, like Gecko) Chrome/96.0.4664.110 Safari/537.36"
::1 - - [16/Dec/2021:21:14:12 +0000] "GET / HTTP/1.1" 304 - "http://localhost:8000/" "Mozilla/5.0 (Windows NT 10.0; Win64; x64) AppleWebKit/537.36 (KHTML, like Gecko) Chrome/96.0.4664.110 Safari/537.36"
::1 - - [16/Dec/2021:21:14:14 +0000] "POST /posts/create HTTP/1.1" 302 88 "http://localhost:8000/" "Mozilla/5.0 (Windows NT 10.0; Win64; x64) AppleWebKit/537.36 (KHTML, like Gecko) Chrome/96.0.4664.110 Safari/537.36"
::1 - - [16/Dec/2021:21:14:14 +0000] "GET / HTTP/1.1" 200 6842 "http://localhost:8000/" "Mozilla/5.0 (Windows NT 10.0; Win64; x64) AppleWebKit/537.36 (KHTML, like Gecko) Chrome/96.0.4664.110 Safari/537.36"
::1 - - [16/Dec/2021:21:14:17 +0000] "GET /posts/destroy/61bbac262d88750ec00cc089 HTTP/1.1" 302 88 "http://localhost:8000/" "Mozilla/5.0 (Windows NT 10.0; Win64; x64) AppleWebKit/537.36 (KHTML, like Gecko) Chrome/96.0.4664.110 Safari/537.36"
::1 - - [16/Dec/2021:21:14:17 +0000] "GET / HTTP/1.1" 200 5293 "http://localhost:8000/" "Mozilla/5.0 (Windows NT 10.0; Win64; x64) AppleWebKit/537.36 (KHTML, like Gecko) Chrome/96.0.4664.110 Safari/537.36"
::1 - - [16/Dec/2021:21:14:19 +0000] "GET / HTTP/1.1" 200 5029 "http://localhost:8000/" "Mozilla/5.0 (Windows NT 10.0; Win64; x64) AppleWebKit/537.36 (KHTML, like Gecko) Chrome/96.0.4664.110 Safari/537.36"
::1 - - [16/Dec/2021:21:14:21 +0000] "GET / HTTP/1.1" 304 - "http://localhost:8000/" "Mozilla/5.0 (Windows NT 10.0; Win64; x64) AppleWebKit/537.36 (KHTML, like Gecko) Chrome/96.0.4664.110 Safari/537.36"
::1 - - [16/Dec/2021:21:14:21 +0000] "GET / HTTP/1.1" 304 - "http://localhost:8000/" "Mozilla/5.0 (Windows NT 10.0; Win64; x64) AppleWebKit/537.36 (KHTML, like Gecko) Chrome/96.0.4664.110 Safari/537.36"
::1 - - [16/Dec/2021:21:16:08 +0000] "GET / HTTP/1.1" 304 - "-" "Mozilla/5.0 (Windows NT 10.0; Win64; x64) AppleWebKit/537.36 (KHTML, like Gecko) Chrome/96.0.4664.110 Safari/537.36"
::1 - - [16/Dec/2021:21:16:27 +0000] "GET / HTTP/1.1" 304 - "-" "Mozilla/5.0 (Windows NT 10.0; Win64; x64) AppleWebKit/537.36 (KHTML, like Gecko) Chrome/96.0.4664.110 Safari/537.36"
::1 - - [16/Dec/2021:21:16:51 +0000] "GET /users/sign-out HTTP/1.1" 302 46 "http://localhost:8000/" "Mozilla/5.0 (Windows NT 10.0; Win64; x64) AppleWebKit/537.36 (KHTML, like Gecko) Chrome/96.0.4664.110 Safari/537.36"
::1 - - [16/Dec/2021:21:16:51 +0000] "GET / HTTP/1.1" 200 4215 "http://localhost:8000/" "Mozilla/5.0 (Windows NT 10.0; Win64; x64) AppleWebKit/537.36 (KHTML, like Gecko) Chrome/96.0.4664.110 Safari/537.36"
::1 - - [16/Dec/2021:21:17:01 +0000] "GET / HTTP/1.1" 200 3968 "http://localhost:8000/" "Mozilla/5.0 (Windows NT 10.0; Win64; x64) AppleWebKit/537.36 (KHTML, like Gecko) Chrome/96.0.4664.110 Safari/537.36"
::1 - - [16/Dec/2021:21:17:29 +0000] "GET / HTTP/1.1" 304 - "http://localhost:8000/" "Mozilla/5.0 (Windows NT 10.0; Win64; x64) AppleWebKit/537.36 (KHTML, like Gecko) Chrome/96.0.4664.110 Safari/537.36"
::1 - - [16/Dec/2021:21:17:30 +0000] "GET / HTTP/1.1" 304 - "http://localhost:8000/" "Mozilla/5.0 (Windows NT 10.0; Win64; x64) AppleWebKit/537.36 (KHTML, like Gecko) Chrome/96.0.4664.110 Safari/537.36"
::1 - - [16/Dec/2021:21:17:30 +0000] "GET / HTTP/1.1" 304 - "http://localhost:8000/" "Mozilla/5.0 (Windows NT 10.0; Win64; x64) AppleWebKit/537.36 (KHTML, like Gecko) Chrome/96.0.4664.110 Safari/537.36"
::1 - - [16/Dec/2021:21:17:31 +0000] "GET / HTTP/1.1" 304 - "http://localhost:8000/" "Mozilla/5.0 (Windows NT 10.0; Win64; x64) AppleWebKit/537.36 (KHTML, like Gecko) Chrome/96.0.4664.110 Safari/537.36"
[0mGET / [32m200[0m 86.320 ms - 4868[0m
[0mGET /users/sign-in [32m200[0m 19.201 ms - 2678[0m
[0mPOST /users/create-session [36m302[0m 15.382 ms - 46[0m
[0mGET / [32m200[0m 41.709 ms - 7417[0m
[0mGET / [32m200[0m 59.743 ms - 7168[0m
[0mGET /users/sign-out [36m302[0m 14.552 ms - 46[0m
[0mGET / [32m200[0m 19.193 ms - 5115[0m
[0mGET /users/sign-in [36m304[0m 12.019 ms - -[0m
[0mPOST /users/create-session [36m302[0m 13.330 ms - 46[0m
[0mGET / [32m200[0m 32.535 ms - 7560[0m
[0mGET / [32m200[0m 43.672 ms - 7311[0m
[0mGET / [36m304[0m 41.096 ms - -[0m
[0mGET / [36m304[0m 51.008 ms - -[0m
[0mGET / [36m304[0m 53.777 ms - -[0m
[0mGET / [36m304[0m 39.199 ms - -[0m
[0mGET / [36m304[0m 47.450 ms - -[0m
[0mGET / [36m304[0m 37.157 ms - -[0m
[0mGET /posts/destroy/61bb42558c31ae678d4eb9c9 [36m302[0m 35.847 ms - 88[0m
[0mGET / [32m200[0m 26.596 ms - 6014[0m
[0mGET / [32m200[0m 55.486 ms - 5750[0m
[0mGET / [36m304[0m 26.838 ms - -[0m
[0mGET / [36m304[0m 69.241 ms - -[0m
[0mGET / [36m304[0m 46.412 ms - -[0m
[0mGET / [36m304[0m 37.775 ms - -[0m
[0mGET / [32m200[0m 27.169 ms - 3994[0m
[0mGET /favicon.ico [33m404[0m 4.605 ms - 150[0m
[0mGET /users/sign-in [32m200[0m 21.166 ms - 2678[0m
[0mPOST /users/create-session [36m302[0m 15.701 ms - 46[0m
[0mGET / [32m200[0m 40.200 ms - 5998[0m
[0mGET / [36m304[0m 47.998 ms - -[0m
[0mGET / [32m200[0m 20.619 ms - 3994[0m
[0mGET / [32m200[0m 112.341 ms - 4196[0m
[0mGET /assetPath('js/home_post_comments.js') [33m404[0m 28.762 ms - 184[0m
[0mGET /assetPath('js/home_posts.js') [33m404[0m 188.672 ms - 176[0m
[0mGET /assetPath('js/home_post_comments.js') [33m404[0m 6.903 ms - 184[0m
[0mGET /assetPath('js/home_posts.js') [33m404[0m 6.037 ms - 176[0m
[0mGET /users/sign-in [36m304[0m 17.855 ms - -[0m
[0mPOST /users/create-session [36m302[0m 47.275 ms - 46[0m
[0mGET / [32m200[0m 64.596 ms - 6200[0m
[0mGET /assetPath('js/home_post_comments.js') [33m404[0m 16.592 ms - 184[0m
[0mGET /assetPath('js/home_posts.js') [33m404[0m 25.577 ms - 176[0m
[0mGET /assetPath('js/home_post_comments.js') [33m404[0m 9.175 ms - 184[0m
[0mGET /assetPath('js/home_posts.js') [33m404[0m 8.694 ms - 176[0m
[0mPOST /posts/create [36m302[0m 35.292 ms - 88[0m
[0mGET / [32m200[0m 192.317 ms - 7758[0m
[0mGET /assetPath('js/home_post_comments.js') [33m404[0m 11.165 ms - 184[0m
[0mGET /assetPath('js/home_posts.js') [33m404[0m 16.554 ms - 176[0m
[0mGET /assetPath('js/home_post_comments.js') [33m404[0m 11.709 ms - 184[0m
[0mGET /assetPath('js/home_posts.js') [33m404[0m 9.824 ms - 176[0m
[0mPOST /posts/create [36m302[0m 21.220 ms - 88[0m
[0mGET / [32m200[0m 49.454 ms - 9323[0m
[0mGET /assetPath('js/home_post_comments.js') [33m404[0m 20.752 ms - 184[0m
[0mGET /assetPath('js/home_posts.js') [33m404[0m 40.643 ms - 176[0m
[0mGET /assetPath('js/home_post_comments.js') [33m404[0m 13.223 ms - 184[0m
[0mGET /assetPath('js/home_posts.js') [33m404[0m 10.090 ms - 176[0m
[0mGET /posts/destroy/61bc5fa5e3fc8263b0dd44ca [36m302[0m 30.087 ms - 88[0m
[0mGET / [32m200[0m 42.565 ms - 7780[0m
[0mGET /assetPath('js/home_post_comments.js') [33m404[0m 27.372 ms - 184[0m
[0mGET /assetPath('js/home_posts.js') [33m404[0m 30.357 ms - 176[0m
[0mGET /assetPath('js/home_post_comments.js') [33m404[0m 12.159 ms - 184[0m
[0mGET /assetPath('js/home_posts.js') [33m404[0m 11.154 ms - 176[0m
[0mGET /posts/destroy/61bc5fa2e3fc8263b0dd44bb [36m302[0m 19.924 ms - 88[0m
[0mGET / [32m200[0m 36.838 ms - 6215[0m
[0mGET /assetPath('js/home_post_comments.js') [33m404[0m 38.349 ms - 184[0m
[0mGET /assetPath('js/home_posts.js') [33m404[0m 27.012 ms - 176[0m
[0mGET /assetPath('js/home_post_comments.js') [33m404[0m 5.333 ms - 184[0m
[0mGET /assetPath('js/home_posts.js') [33m404[0m 9.706 ms - 176[0m
[0mGET / [32m200[0m 48.906 ms - 5951[0m
[0mGET /assetPath('js/home_post_comments.js') [33m404[0m 39.378 ms - 184[0m
[0mGET /assetPath('js/home_posts.js') [33m404[0m 35.827 ms - 176[0m
[0mGET /assetPath('js/home_post_comments.js') [33m404[0m 13.613 ms - 184[0m
[0mGET /assetPath('js/home_posts.js') [33m404[0m 7.092 ms - 176[0m
[0mGET / [36m304[0m 158.273 ms - -[0m
[0mGET /assetPath('js/home_post_comments.js') [33m404[0m 44.460 ms - 184[0m
[0mGET /assetPath('js/home_posts.js') [33m404[0m 118.244 ms - 176[0m
[0mGET /assetPath('js/home_post_comments.js') [33m404[0m 13.072 ms - 184[0m
[0mGET /assetPath('js/home_posts.js') [33m404[0m 11.786 ms - 176[0m
[0mPOST /posts/create [36m302[0m 50.544 ms - 88[0m
[0mGET / [32m200[0m 70.717 ms - 7758[0m
[0mGET /assetPath('js/home_post_comments.js') [33m404[0m 16.571 ms - 184[0m
[0mGET /assetPath('js/home_posts.js') [33m404[0m 19.340 ms - 176[0m
[0mGET /assetPath('js/home_post_comments.js') [33m404[0m 11.672 ms - 184[0m
[0mGET /assetPath('js/home_posts.js') [33m404[0m 7.234 ms - 176[0m
[0mGET /posts/destroy/61bc6028392d592af7ce7e80 [36m302[0m 63.241 ms - 88[0m
[0mGET / [32m200[0m 76.460 ms - 6210[0m
[0mGET /assetPath('js/home_comments.js') [33m404[0m 40.292 ms - 179[0m
[0mGET /assetPath('js/home_posts.js') [33m404[0m 149.752 ms - 176[0m
[0mGET /assetPath('js/home_comments.js') [33m404[0m 11.285 ms - 179[0m
[0mGET /assetPath('js/home_posts.js') [33m404[0m 10.518 ms - 176[0m
[0mGET / [32m200[0m 58.221 ms - 5946[0m
[0mGET /assetPath('js/home_comments.js') [33m404[0m 53.555 ms - 179[0m
[0mGET /assetPath('js/home_posts.js') [33m404[0m 37.918 ms - 176[0m
[0mGET /assetPath('js/home_comments.js') [33m404[0m 17.152 ms - 179[0m
[0mGET /assetPath('js/home_posts.js') [33m404[0m 7.592 ms - 176[0m
[0mPOST /posts/create [36m302[0m 23.590 ms - 88[0m
[0mGET / [32m200[0m 43.490 ms - 7753[0m
[0mGET /assetPath('js/home_comments.js') [33m404[0m 36.258 ms - 179[0m
[0mGET /assetPath('js/home_posts.js') [33m404[0m 36.945 ms - 176[0m
[0mGET /assetPath('js/home_comments.js') [33m404[0m 12.095 ms - 179[0m
[0mGET /assetPath('js/home_posts.js') [33m404[0m 9.363 ms - 176[0m
[0mGET /posts/destroy/61bc606b4635d166f7bafb76 [36m302[0m 37.976 ms - 88[0m
[0mGET / [32m200[0m 55.887 ms - 6210[0m
[0mGET /assetPath('js/home_comments.js') [33m404[0m 17.276 ms - 179[0m
[0mGET /assetPath('js/home_posts.js') [33m404[0m 22.619 ms - 176[0m
[0mGET /assetPath('js/home_comments.js') [33m404[0m 7.436 ms - 179[0m
[0mGET /assetPath('js/home_posts.js') [33m404[0m 11.368 ms - 176[0m
[0mGET / [32m200[0m 119.815 ms - 5922[0m
[0mPOST /posts/create [32m200[0m 38.412 ms - 300[0m
[0mGET / [32m200[0m 73.914 ms - 7487[0m
[0mGET / [36m304[0m 67.955 ms - -[0m
[0mPOST /comments/create [32m200[0m 94.553 ms - 520[0m
[0mGET / [32m200[0m 80.573 ms - 8315[0m
[0mPOST /comments/create [32m200[0m 43.524 ms - 547[0m
[0mPOST /comments/create [32m200[0m 41.902 ms - 573[0m
[0mGET /comments/destroy/61bc60c3528d19cb866fa626 [32m200[0m 81.788 ms - 79[0m
[0mGET /comments/destroy/61bc60bf528d19cb866fa61e [32m200[0m 35.150 ms - 79[0m
[0mGET /comments/destroy/61bc60b4528d19cb866fa60b [32m200[0m 29.684 ms - 79[0m
[0mGET / [32m200[0m 71.978 ms - 7487[0m
[0mGET /posts/destroy/61bc60a9528d19cb866fa5f6 [36m302[0m 41.989 ms - 88[0m
[0mGET / [32m200[0m 44.052 ms - 6186[0m
[0mPOST /posts/create [32m200[0m 19.677 ms - 300[0m
[0mPOST /posts/create [32m200[0m 19.662 ms - 300[0m
[0mGET / [32m200[0m 61.256 ms - 9052[0m
[0mGET /posts/destroy/61bc60e0528d19cb866fa655 [36m302[0m 28.680 ms - 88[0m
[0mGET / [32m200[0m 62.173 ms - 7751[0m
[0mGET /posts/destroy/61bc60d8528d19cb866fa651 [36m302[0m 24.720 ms - 88[0m
[0mGET / [32m200[0m 54.274 ms - 6186[0m
[0mPOST /posts/create [32m200[0m 30.187 ms - 301[0m
[0mGET / [32m200[0m 44.793 ms - 7488[0m
[0mGET / [36m304[0m 65.309 ms - -[0m
[0mGET / [36m304[0m 58.969 ms - -[0m
[0mPOST /comments/create [32m200[0m 39.495 ms - 521[0m
[0mGET / [32m200[0m 98.097 ms - 8316[0m
[0mGET / [36m304[0m 88.682 ms - -[0m
[0mPOST /comments/create [32m200[0m 39.306 ms - 548[0m
[0mPOST /comments/create [32m200[0m 38.989 ms - 575[0m
[0mGET / [32m200[0m 114.445 ms - 9972[0m
[0mGET / [36m304[0m 80.175 ms - -[0m
[0mGET /posts/destroy/61bc60ea528d19cb866fa67c [36m302[0m 34.896 ms - 88[0m
[0mGET / [32m200[0m 47.259 ms - 6186[0m
[0mGET / [32m200[0m 90.568 ms - 5922[0m
[0mPOST /posts/create [32m200[0m 29.055 ms - 302[0m
[0mGET / [32m200[0m 105.846 ms - 7489[0m
[0mPOST /posts/create [32m200[0m 27.741 ms - 302[0m
[0mPOST /posts/create [32m200[0m 26.504 ms - 301[0m
[0mPOST /comments/create [36m302[0m 43.458 ms - 46[0m
[0mGET / [32m200[0m 54.988 ms - 11693[0m
[0mPOST /comments/create [36m302[0m 33.916 ms - 46[0m
[0mGET / [32m200[0m 69.864 ms - 12521[0m
[0mGET / [32m200[0m 67.541 ms - 12280[0m
[0mPOST /comments/create [32m200[0m 41.024 ms - 548[0m
[0mGET /posts/destroy/61bc6209528d19cb866fa6fd [36m302[0m 34.672 ms - 88[0m
[0mGET / [32m200[0m 46.963 ms - 10148[0m
[0mGET /posts/destroy/61bc6204528d19cb866fa6f9 [36m302[0m 32.195 ms - 88[0m
[0mGET / [32m200[0m 53.137 ms - 8581[0m
[0mGET /posts/destroy/61bc61fe528d19cb866fa6ed [36m302[0m 30.549 ms - 88[0m
[0mGET / [32m200[0m 36.740 ms - 6186[0m
[0mGET / [32m200[0m 75.671 ms - 5922[0m
[0mGET / [36m304[0m 112.222 ms - -[0m
[0mPOST /posts/create [32m200[0m 86.207 ms - 302[0m
[0mGET / [32m200[0m 99.349 ms - 7489[0m
[0mGET /posts/destroy/61bc63a6f8b2ef95b825f4f5 [32m200[0m 25.802 ms - 72[0m
[0mPOST /posts/create [32m200[0m 40.862 ms - 301[0m
[0mGET / [32m200[0m 73.328 ms - 7488[0m
[0mPOST /posts/create [32m200[0m 36.676 ms - 301[0m
[0mGET / [32m200[0m 82.196 ms - 9054[0m
[0mPOST /posts/create [32m200[0m 41.421 ms - 302[0m
[0mGET / [32m200[0m 79.806 ms - 10621[0m
[0mGET / [36m304[0m 111.441 ms - -[0m
[0mGET /posts/destroy/61bc63f3f8b2ef95b825f51f [32m200[0m 40.278 ms - 72[0m
[0mGET /posts/destroy/61bc63ecf8b2ef95b825f513 [36m302[0m 36.473 ms - 88[0m
[0mGET / [0m-[0m - ms - -[0m
[0mGET /posts/destroy/61bc63ecf8b2ef95b825f513 [0m-[0m - ms - -[0m
[0mGET /posts/destroy/61bc63ecf8b2ef95b825f513 [0m-[0m - ms - -[0m
[0mGET /posts/destroy/61bc63ecf8b2ef95b825f513 [0m-[0m - ms - -[0m
[0mGET /posts/destroy/61bc63ecf8b2ef95b825f513 [0m-[0m - ms - -[0m
[0mGET /posts/destroy/61bc63ecf8b2ef95b825f513 [0m-[0m - ms - -[0m
[0mGET /posts/destroy/61bc63ecf8b2ef95b825f513 [0m-[0m - ms - -[0m
[0mGET /posts/destroy/61bc63ecf8b2ef95b825f513 [0m-[0m - ms - -[0m
[0mGET / [32m200[0m 68.094 ms - 7488[0m
[0mGET /posts/destroy/61bc63e3f8b2ef95b825f507 [32m200[0m 37.215 ms - 72[0m
[0mPOST /posts/create [32m200[0m 20.169 ms - 300[0m
[0mGET / [32m200[0m 71.416 ms - 7487[0m
[0mPOST /comments/create [32m200[0m 116.005 ms - 519[0m
[0mGET /comments/destroy/61bc6415f8b2ef95b825f570 [32m200[0m 47.507 ms - 79[0m
[0mPOST /comments/create [32m200[0m 77.855 ms - 519[0m
[0mGET / [32m200[0m 114.709 ms - 8314[0m
[0mPOST /comments/create [32m200[0m 92.774 ms - 547[0m
[0mGET /comments/destroy/61bc6420f8b2ef95b825f591 [32m200[0m 35.535 ms - 79[0m
[0mGET /comments/destroy/61bc641af8b2ef95b825f57e [32m200[0m 44.096 ms - 79[0m
[0mGET / [32m200[0m 55.032 ms - 7487[0m
[0mGET / [36m304[0m 69.070 ms - -[0m
[0mPOST /posts/create [32m200[0m 32.396 ms - 301[0m
[0mGET /posts/destroy/61bc640ff8b2ef95b825f563 [32m200[0m 34.699 ms - 72[0m
[0mGET / [32m200[0m 64.355 ms - 7488[0m
[0mGET /posts/destroy/undefined [0m-[0m - ms - -[0m
[0mGET /posts/destroy/61bc642bf8b2ef95b825f5b2 [32m200[0m 58.855 ms - 72[0m
[0mPOST /posts/create [32m200[0m 29.090 ms - 301[0m
[0mGET / [32m200[0m 89.810 ms - 7488[0m
[0mGET /posts/destroy/61bc6441f8b2ef95b825f5cb [32m200[0m 35.527 ms - 72[0m
[0mGET / [32m200[0m 123.852 ms - 5922[0m
[0mPOST /posts/create [32m200[0m 47.533 ms - 302[0m
[0mGET / [32m200[0m 94.021 ms - 7489[0m
[0mPOST /posts/create [32m200[0m 46.562 ms - 300[0m
[0mGET /posts/destroy/61bc646f2eea608b9f167b68 [32m200[0m 62.108 ms - 72[0m
[0mGET / [32m200[0m 87.443 ms - 7487[0m
[0mGET /posts/destroy/undefined [0m-[0m - ms - -[0m
[0mGET /posts/destroy/61bc64742eea608b9f167b74 [32m200[0m 41.004 ms - 72[0m
[0mPOST /posts/create [32m200[0m 35.354 ms - 301[0m
[0mGET / [32m200[0m 129.393 ms - 7488[0m
[0mGET / [36m304[0m 122.783 ms - -[0m
[0mGET /posts/destroy/61bc64852eea608b9f167b8d [32m200[0m 68.600 ms - 72[0m
[0mGET / [32m200[0m 79.815 ms - 5922[0m
[0mGET / [36m304[0m 48.278 ms - -[0m
[0mGET / [36m304[0m 37.347 ms - -[0m
[0mPOST /posts/create [32m200[0m 40.974 ms - 301[0m
[0mGET / [32m200[0m 61.041 ms - 7488[0m
[0mGET /posts/destroy/61bc6613cb1d42767d4eec7f [32m200[0m 39.725 ms - 72[0m
[0mPOST /posts/create [32m200[0m 33.240 ms - 301[0m
[0mPOST /comments/create [36m302[0m 87.318 ms - 46[0m
[0mGET / [32m200[0m 104.287 ms - 8557[0m
[0mPOST /comments/create [32m200[0m 75.604 ms - 548[0m
[0mGET / [32m200[0m 91.837 ms - 9144[0m
[0mGET /posts/destroy/61bc661ecb1d42767d4eec91 [32m200[0m 47.602 ms - 72[0m
[0mPOST /posts/create [32m200[0m 14.539 ms - 301[0m
[0mPOST /comments/create [36m302[0m 40.648 ms - 46[0m
[0mGET / [32m200[0m 67.990 ms - 8557[0m
[0mPOST /comments/create [32m200[0m 63.737 ms - 548[0m
[0mPOST /comments/create [32m200[0m 71.040 ms - 575[0m
[0mGET /comments/destroy/61bc6646cb1d42767d4eece0 [32m200[0m 57.208 ms - 79[0m
[0mGET /comments/destroy/61bc663ecb1d42767d4eecd8 [32m200[0m 57.058 ms - 79[0m
[0mGET /comments/destroy/61bc6638cb1d42767d4eecc5 [32m200[0m 44.583 ms - 79[0m
[0mGET /posts/destroy/61bc6630cb1d42767d4eecc0 [32m200[0m 33.542 ms - 72[0m
[0mGET / [32m200[0m 55.933 ms - 5922[0m
[0mGET / [36m304[0m 129.208 ms - -[0m
[0mPOST /posts/create [32m200[0m 76.597 ms - 301[0m
[0mGET / [32m200[0m 91.618 ms - 7488[0m
[0mGET /posts/destroy/61bc66ca6a366889a1abb835 [32m200[0m 54.951 ms - 72[0m
[0mPOST /posts/create [32m200[0m 33.011 ms - 301[0m
[0mPOST /comments/create [36m302[0m 66.646 ms - 46[0m
[0mGET / [32m200[0m 104.085 ms - 8556[0m
[0mGET /comments/destroy/61bc66db6a366889a1abb84c [36m302[0m 55.988 ms - 88[0m
[0mGET / [32m200[0m 47.121 ms - 7731[0m
[0mPOST /comments/create [36m302[0m 47.193 ms - 46[0m
[0mGET / [32m200[0m 81.020 ms - 8558[0m
[0mPOST /comments/create [36m302[0m 42.180 ms - 46[0m
[0mGET / [32m200[0m 75.730 ms - 9386[0m
[0mGET / [32m200[0m 159.594 ms - 9145[0m
[0mGET /posts/destroy/61bc66d46a366889a1abb847 [32m200[0m 30.563 ms - 72[0m
[0mPOST /posts/create [32m200[0m 75.669 ms - 302[0m
[0mPOST /comments/create [36m302[0m 63.539 ms - 46[0m
[0mGET / [32m200[0m 106.756 ms - 8558[0m
[0mGET /comments/destroy/61bc674eaf2bdb2d80b1a69a [32m200[0m 60.823 ms - 79[0m
[0mPOST /comments/create [36m302[0m 42.145 ms - 46[0m
[0mGET / [32m200[0m 55.887 ms - 8561[0m
[0mPOST /comments/create [36m302[0m 58.431 ms - 46[0m
[0mGET / [32m200[0m 93.211 ms - 9388[0m
[0mGET /comments/destroy/61bc6755af2bdb2d80b1a6b2 [32m200[0m 54.418 ms - 79[0m
[0mGET /comments/destroy/61bc6759af2bdb2d80b1a6c5 [32m200[0m 45.915 ms - 79[0m
[0mGET / [32m200[0m 128.082 ms - 7489[0m
[0mGET /posts/destroy/61bc6748af2bdb2d80b1a695 [36m302[0m 50.488 ms - 88[0m
[0mGET / [32m200[0m 39.944 ms - 6186[0m
[0mGET / [32m200[0m 74.949 ms - 5922[0m
[0mPOST /posts/create [36m302[0m 24.370 ms - 88[0m
[0mGET / [32m200[0m 35.392 ms - 7732[0m
[0mGET / [32m200[0m 125.030 ms - 7490[0m
[0mGET /posts/destroy/61bc67a07d592f0cfc0a2ff5 [32m200[0m 37.588 ms - 72[0m
[0mPOST /posts/create [32m200[0m 80.637 ms - 303[0m
[0mPOST /comments/create [36m302[0m 87.667 ms - 46[0m
[0mGET / [32m200[0m 93.570 ms - 8561[0m
[0mGET /comments/destroy/61bc67c10c6d3c5e1ab10b38 [32m200[0m 37.437 ms - 79[0m
[0mGET / [32m200[0m 75.873 ms - 7490[0m
[0mGET / [36m304[0m 101.984 ms - -[0m
[0mPOST /comments/create [36m302[0m 54.603 ms - 46[0m
[0mGET / [32m200[0m 85.669 ms - 8561[0m
[0mPOST /likes/toggle/?id=61bc682f0c6d3c5e1ab10b60&type=Comment [32m200[0m 48.148 ms - 59[0m
[0mPOST /likes/toggle/?id=61bc682f0c6d3c5e1ab10b60&type=Comment [32m200[0m 44.735 ms - 58[0m
[0mPOST /likes/toggle/?id=61bc682f0c6d3c5e1ab10b60&type=Comment [32m200[0m 32.958 ms - 59[0m
[0mPOST /likes/toggle/?id=61bc682f0c6d3c5e1ab10b60&type=Comment [32m200[0m 41.452 ms - 58[0m
[0mGET / [32m200[0m 93.349 ms - 8320[0m
[0mPOST /comments/create [36m302[0m 37.117 ms - 46[0m
[0mGET / [32m200[0m 61.562 ms - 9391[0m
[0mPOST /comments/create [36m302[0m 35.220 ms - 46[0m
[0mGET / [32m200[0m 76.182 ms - 10218[0m
[0mGET /comments/destroy/61bc682f0c6d3c5e1ab10b60 [32m200[0m 41.810 ms - 79[0m
[0mGET /comments/destroy/61bc683a0c6d3c5e1ab10b99 [32m200[0m 27.139 ms - 79[0m
[0mGET /comments/destroy/61bc683e0c6d3c5e1ab10bab [32m200[0m 44.767 ms - 79[0m
[0mGET / [32m200[0m 69.955 ms - 7490[0m
[0mGET / [36m304[0m 89.890 ms - -[0m
[0mGET / [36m304[0m 73.083 ms - -[0m
[0mGET /posts/destroy/61bc67bd0c6d3c5e1ab10b33 [32m200[0m 41.471 ms - 72[0m
[0mPOST /posts/create [32m200[0m 30.741 ms - 302[0m
[0mPOST /comments/create [36m302[0m 41.471 ms - 46[0m
[0mGET / [32m200[0m 61.482 ms - 8558[0m
[0mGET / [32m200[0m 124.664 ms - 8317[0m
[0mGET /posts/destroy/61bc68910c6d3c5e1ab10be9 [32m200[0m 83.398 ms - 72[0m
[0mPOST /posts/create [32m200[0m 50.301 ms - 302[0m
[0mPOST /comments/create [36m302[0m 62.127 ms - 46[0m
[0mGET / [32m200[0m 75.606 ms - 8558[0m
[0mGET /comments/destroy/61bc69528142b15961571f2e [32m200[0m 58.011 ms - 79[0m
[0mGET / [32m200[0m 132.415 ms - 7489[0m
[0mPOST /comments/create [32m200[0m 103.535 ms - 522[0m
[0mGET /comments/destroy/61bc6afae5018cee49111192 [32m200[0m 71.908 ms - 79[0m
[0mGET /posts/destroy/61bc694e8142b15961571f29 [32m200[0m 44.395 ms - 72[0m
[0mPOST /posts/create [32m200[0m 42.460 ms - 300[0m
[0mPOST /comments/create [36m302[0m 48.215 ms - 46[0m
[0mGET / [32m200[0m 76.595 ms - 8555[0m
[0mGET /comments/destroy/61bc6b0be5018cee491111aa [32m200[0m 24.752 ms - 79[0m
[0mGET / [32m200[0m 85.642 ms - 7487[0m
[0mGET / [36m304[0m 55.642 ms - -[0m
[0mGET / [36m304[0m 55.126 ms - -[0m
[0mGET / [36m304[0m 60.379 ms - -[0m
[0mGET / [36m304[0m 51.786 ms - -[0m
[0mGET / [36m304[0m 60.489 ms - -[0m
[0mGET / [36m304[0m 122.944 ms - -[0m
[0mPOST /comments/create [36m302[0m 70.579 ms - 46[0m
[0mGET / [32m200[0m 99.475 ms - 8555[0m
[0mGET /comments/destroy/61bc6c062ed3f4032a749ed8 [32m200[0m 37.119 ms - 79[0m
[0mPOST /comments/create [36m302[0m 50.613 ms - 46[0m
[0mGET / [32m200[0m 62.300 ms - 8558[0m
[0mGET /comments/destroy/61bc6c0c2ed3f4032a749ef0 [32m200[0m 55.850 ms - 79[0m
[0mGET / [32m200[0m 75.627 ms - 7487[0m
[0mGET / [36m304[0m 111.788 ms - -[0m
[0mPOST /comments/create [36m302[0m 70.099 ms - 46[0m
[0mGET / [32m200[0m 111.691 ms - 8555[0m
[0mPOST /comments/create [36m302[0m 59.885 ms - 46[0m
[0mGET / [32m200[0m 102.762 ms - 9382[0m
[0mGET /comments/destroy/61bc6e9ae70701276077bbbb [32m200[0m 66.437 ms - 79[0m
[0mGET /comments/destroy/61bc6e9de70701276077bbce [32m200[0m 42.023 ms - 79[0m
[0mGET / [32m200[0m 76.193 ms - 7487[0m
[0mPOST /comments/create [36m302[0m 42.236 ms - 46[0m
[0mGET / [32m200[0m 64.159 ms - 8555[0m
[0mPOST /comments/create [36m302[0m 55.570 ms - 46[0m
[0mGET / [32m200[0m 101.681 ms - 9383[0m
[0mGET /comments/destroy/61bc6ea5e70701276077bbf2 [32m200[0m 32.597 ms - 79[0m
[0mGET /comments/destroy/61bc6eace70701276077bc05 [32m200[0m 41.886 ms - 79[0m
[0mGET / [32m200[0m 65.417 ms - 7487[0m
[0mGET / [36m304[0m 119.215 ms - -[0m
[0mGET /posts/destroy/61bc6b06e5018cee491111a5 [32m200[0m 67.841 ms - 72[0m
[0mPOST /posts/create [32m200[0m 53.558 ms - 301[0m
[0mPOST /comments/create [36m302[0m 87.270 ms - 46[0m
[0mGET / [32m200[0m 102.262 ms - 8557[0m
[0mPOST /comments/create [36m302[0m 47.293 ms - 46[0m
[0mGET / [32m200[0m 74.502 ms - 9384[0m
[0mGET /comments/destroy/61bc6fea17e89f2cde4a0c99 [32m200[0m 42.492 ms - 79[0m
[0mGET /comments/destroy/61bc6fed17e89f2cde4a0cac [32m200[0m 50.703 ms - 79[0m
[0mGET / [32m200[0m 62.625 ms - 7488[0m
[0mGET / [36m304[0m 120.480 ms - -[0m
[0mGET /posts/destroy/61bc6fe317e89f2cde4a0c94 [32m200[0m 62.058 ms - 72[0m
[0mPOST /posts/create [32m200[0m 74.807 ms - 301[0m
[0mPOST /comments/create [36m302[0m 58.344 ms - 46[0m
[0mGET / [32m200[0m 125.907 ms - 8557[0m
[0mGET / [32m200[0m 118.984 ms - 8316[0m
[0mGET /posts/destroy/61bc705ef51bd87ce7085d60 [32m200[0m 66.289 ms - 72[0m
[0mPOST /posts/create [32m200[0m 58.574 ms - 301[0m
[0mPOST /comments/create [36m302[0m 91.465 ms - 46[0m
[0mGET / [32m200[0m 127.126 ms - 8556[0m
[0mGET / [32m200[0m 135.575 ms - 8315[0m
[0mPOST /comments/create [36m302[0m 75.283 ms - 46[0m
[0mGET / [32m200[0m 106.354 ms - 9385[0m
[0mPOST /comments/create [36m302[0m 64.543 ms - 46[0m
[0mGET / [32m200[0m 98.931 ms - 10212[0m
[0mGET /comments/destroy/61bc70e421bf7aec53cecb05 [32m200[0m 61.154 ms - 79[0m
[0mGET /comments/destroy/61bc717093677569f325ef87 [32m200[0m 41.900 ms - 79[0m
[0mGET /comments/destroy/61bc717e93677569f325ef99 [32m200[0m 41.908 ms - 79[0m
[0mGET / [32m200[0m 124.617 ms - 7488[0m
[0mGET / [36m304[0m 68.263 ms - -[0m
[0mGET /posts/destroy/61bc70df21bf7aec53cecb00 [32m200[0m 63.930 ms - 72[0m
[0mGET / [32m200[0m 63.711 ms - 5922[0m
[0mPOST /posts/create [32m200[0m 43.691 ms - 302[0m
[0mGET / [32m200[0m 81.618 ms - 7489[0m
[0mPOST /comments/create [36m302[0m 60.286 ms - 46[0m
[0mGET / [32m200[0m 107.586 ms - 8558[0m
[0mGET / [32m200[0m 125.989 ms - 8317[0m
[0mGET /comments/destroy/61bc71e492b83401c1ee952a [32m200[0m 43.509 ms - 79[0m
[0mPOST /comments/create [36m302[0m 67.512 ms - 46[0m
[0mGET / [32m200[0m 132.970 ms - 8557[0m
[0mPOST /comments/create [36m302[0m 39.928 ms - 46[0m
[0mGET / [32m200[0m 58.553 ms - 9384[0m
[0mGET /comments/destroy/61bc723ff9aecef92fcfe456 [32m200[0m 49.977 ms - 79[0m
[0mGET /comments/destroy/61bc7247f9aecef92fcfe469 [32m200[0m 39.242 ms - 79[0m
[0mGET / [32m200[0m 116.158 ms - 7489[0m
[0mPOST /comments/create [32m200[0m 132.170 ms - 521[0m
[0mPOST /comments/create [32m200[0m 77.746 ms - 548[0m
[0mGET /posts/destroy/61bc71dc92b83401c1ee951d [32m200[0m 53.867 ms - 72[0m
[0mPOST /posts/create [32m200[0m 33.935 ms - 300[0m
[0mPOST /comments/create [36m302[0m 47.497 ms - 46[0m
[0mGET / [32m200[0m 76.902 ms - 8555[0m
[0mPOST /comments/create [32m200[0m 72.788 ms - 546[0m
[0mPOST /posts/create [32m200[0m 37.697 ms - 300[0m
[0mPOST /comments/create [36m302[0m 32.833 ms - 46[0m
[0mGET / [32m200[0m 87.161 ms - 11775[0m
[0mGET /posts/destroy/61bc760da4387c4597063cff [32m200[0m 38.511 ms - 72[0m
[0mGET /posts/destroy/61bc75fea4387c4597063ce0 [32m200[0m 42.858 ms - 72[0m
[0mGET / [32m200[0m 68.991 ms - 5922[0m
[0mGET / [36m304[0m 54.340 ms - -[0m
[0mGET / [36m304[0m 36.416 ms - -[0m
[0mGET / [36m304[0m 45.398 ms - -[0m
[0mPOST /posts/create [32m200[0m 20.576 ms - 300[0m
[0mGET / [32m200[0m 62.688 ms - 7487[0m
[0mPOST /comments/create [32m200[0m 67.600 ms - 519[0m
[0mGET / [32m200[0m 72.919 ms - 8314[0m
[0mGET / [36m304[0m 92.809 ms - -[0m
[0mGET / [36m304[0m 72.132 ms - -[0m
[0mGET /posts/destroy/61bc763aa4387c4597063d3e [32m200[0m 38.990 ms - 72[0m
[0mPOST /posts/create [32m200[0m 31.636 ms - 300[0m
[0mPOST /comments/create [36m302[0m 36.838 ms - 46[0m
[0mGET / [32m200[0m 71.451 ms - 8555[0m
[0mGET /posts/destroy/61bc7653a4387c4597063d77 [32m200[0m 27.317 ms - 72[0m
[0mPOST /posts/create [32m200[0m 27.598 ms - 301[0m
[0mPOST /comments/create [36m302[0m 32.330 ms - 46[0m
[0mGET / [32m200[0m 64.373 ms - 8558[0m
[0mGET /comments/destroy/61bc7666a4387c4597063d99 [32m200[0m 66.074 ms - 79[0m
[0mGET / [32m200[0m 52.604 ms - 7488[0m
[0mGET /posts/destroy/61bc7662a4387c4597063d94 [32m200[0m 37.354 ms - 72[0m
[0mPOST /posts/create [32m200[0m 32.622 ms - 302[0m
[0mPOST /comments/create [36m302[0m 38.975 ms - 46[0m
[0mGET / [32m200[0m 63.101 ms - 8560[0m
[0mGET /posts/destroy/61bc7672a4387c4597063dbe [32m200[0m 42.904 ms - 72[0m
[0mGET / [32m200[0m 56.233 ms - 5922[0m
[0mPOST /posts/create [32m200[0m 29.845 ms - 302[0m
[0mGET /posts/destroy/61bc7683a4387c4597063de2 [32m200[0m 38.009 ms - 72[0m
[0mPOST /posts/create [32m200[0m 31.095 ms - 302[0m
[0mGET / [32m200[0m 71.492 ms - 7489[0m
[0mPOST /comments/create [32m200[0m 40.420 ms - 524[0m
[0mGET /comments/destroy/61bc768da4387c4597063df9 [32m200[0m 33.761 ms - 79[0m
[0mPOST /comments/create [32m200[0m 71.823 ms - 524[0m
[0mPOST /comments/create [32m200[0m 50.930 ms - 551[0m
[0mGET /posts/destroy/61bc7688a4387c4597063dec [32m200[0m 49.163 ms - 72[0m
[0mGET / [32m200[0m 65.475 ms - 5922[0m
[0mGET / [36m304[0m 95.216 ms - -[0m
[0mGET / [36m304[0m 34.148 ms - -[0m
[0mGET / [36m304[0m 47.567 ms - -[0m
[0mGET / [36m304[0m 40.575 ms - -[0m
[0mPOST /posts/create [32m200[0m 29.737 ms - 301[0m
[0mGET / [32m200[0m 72.093 ms - 7488[0m
[0mPOST /comments/create [32m200[0m 68.288 ms - 521[0m
[0mPOST /comments/create [32m200[0m 56.686 ms - 550[0m
[0mGET / [32m200[0m 80.316 ms - 9146[0m
[0mPOST /comments/create [32m200[0m 59.843 ms - 576[0m
[0mGET /comments/destroy/61bc7780a4387c4597063e68 [32m200[0m 41.966 ms - 79[0m
[0mGET /comments/destroy/61bc776fa4387c4597063e4d [32m200[0m 44.853 ms - 79[0m
[0mGET /comments/destroy/61bc777aa4387c4597063e56 [32m200[0m 39.195 ms - 79[0m
[0mGET / [32m200[0m 63.856 ms - 7488[0m
[0mPOST /comments/create [32m200[0m 63.162 ms - 522[0m
[0mPOST /comments/create [32m200[0m 56.115 ms - 549[0m
[0mGET /posts/destroy/61bc773aa4387c4597063e40 [32m200[0m 38.900 ms - 72[0m
[0mGET / [32m200[0m 51.771 ms - 5922[0m
[0mGET / [36m304[0m 111.961 ms - -[0m
[0mPOST /posts/create [32m200[0m 81.183 ms - 301[0m
[0mGET / [32m200[0m 71.682 ms - 7488[0m
[0mGET /posts/destroy/61bc77c51d713fdb2b8a6fe1 [32m200[0m 55.803 ms - 72[0m
[0mGET / [32m200[0m 143.942 ms - 5922[0m
[0mPOST /posts/create [32m200[0m 80.189 ms - 300[0m
[0mGET / [32m200[0m 93.867 ms - 7487[0m
[0mGET /posts/destroy/61bc77fa0bbfd60fc10e88d2 [32m200[0m 25.897 ms - 72[0m
[0mPOST /posts/create [32m200[0m 33.742 ms - 302[0m
[0mPOST /comments/create [36m302[0m 64.068 ms - 46[0m
[0mGET / [32m200[0m 100.113 ms - 8558[0m
[0mPOST /comments/create [32m200[0m 79.072 ms - 550[0m
[0mGET /comments/destroy/61bc78120bbfd60fc10e88fc [32m200[0m 66.468 ms - 79[0m
[0mGET /comments/destroy/61bc78090bbfd60fc10e88e9 [32m200[0m 44.290 ms - 79[0m
[0mGET / [32m200[0m 85.822 ms - 7489[0m
[0mPOST /comments/create [32m200[0m 74.844 ms - 521[0m
[0mGET / [32m200[0m 129.301 ms - 8316[0m
[0mGET /comments/destroy/61bc781b0bbfd60fc10e8916 [32m200[0m 78.836 ms - 79[0m
[0mPOST /comments/create [32m200[0m 144.613 ms - 521[0m
[0mPOST /comments/create [32m200[0m 88.625 ms - 548[0m
[0mPOST /comments/create [32m200[0m 34.515 ms - 575[0m
[0mGET /posts/destroy/61bc78060bbfd60fc10e88e4 [32m200[0m 39.652 ms - 72[0m
[0mGET / [32m200[0m 361.919 ms - 5922[0m
[0mPOST /posts/create [32m200[0m 73.270 ms - 300[0m
[0mGET / [32m200[0m 99.359 ms - 7487[0m
[0mPOST /comments/create [32m200[0m 121.375 ms - 519[0m
[0mPOST /comments/create [32m200[0m 72.639 ms - 547[0m
[0mGET / [32m200[0m 99.820 ms - 9142[0m
[0mPOST /comments/create [32m200[0m 67.839 ms - 575[0m
[0mGET /comments/destroy/%3C%=comment._id%%3E [33m400[0m 25.583 ms - 1341[0m
[0mGET /comments/destroy/%3C%=comment._id%%3E [33m400[0m 17.538 ms - 1341[0m
[0mGET /comments/destroy/61bc8929b36bebc45a772f71 [32m200[0m 63.997 ms - 79[0m
[0mGET /comments/destroy/61bc8938b36bebc45a772f7a [32m200[0m 25.375 ms - 79[0m
[0mGET /comments/destroy/%3C%=comment._id%%3E [33m400[0m 22.223 ms - 1341[0m
[0mGET /comments/destroy/%3C%=comment._id%%3E [33m400[0m 20.054 ms - 1341[0m
[0mGET /comments/destroy/%3C%=comment._id%%3E [33m400[0m 16.907 ms - 1341[0m
[0mGET /comments/destroy/%3C%=comment._id%%3E [33m400[0m 20.963 ms - 1341[0m
[0mGET /comments/destroy/%3C%=comment._id%%3E [33m400[0m 15.727 ms - 1341[0m
[0mGET /comments/destroy/%3C%=comment._id%%3E [33m400[0m 13.161 ms - 1341[0m
[0mGET /comments/destroy/%3C%=comment._id%%3E [33m400[0m 23.360 ms - 1341[0m
[0mGET /comments/destroy/%3C%=comment._id%%3E [33m400[0m 16.868 ms - 1341[0m
[0mGET /comments/destroy/%3C%=comment._id%%3E [33m400[0m 15.640 ms - 1341[0m
[0mGET /comments/destroy/%3C%=comment._id%%3E [33m400[0m 41.136 ms - 1341[0m
[0mGET / [32m200[0m 96.741 ms - 8316[0m
[0mGET / [36m304[0m 118.931 ms - -[0m
[0mGET /comments/destroy/61bc8940b36bebc45a772f8c [32m200[0m 40.170 ms - 79[0m
[0mPOST /comments/create [32m200[0m 50.895 ms - 520[0m
[0mGET /comments/destroy/%3C%=comment._id%%3E [33m400[0m 13.515 ms - 1341[0m
[0mGET / [32m200[0m 60.045 ms - 8315[0m
[0mGET /comments/destroy/61bc8958b36bebc45a772fc3 [32m200[0m 44.434 ms - 79[0m
[0mPOST /comments/create [32m200[0m 43.965 ms - 520[0m
[0mGET /comments/destroy/%3C%=comment._id%%3E [33m400[0m 15.652 ms - 1341[0m
[0mGET / [32m200[0m 188.323 ms - 8315[0m
[0mGET /posts/destroy/61bc8920b36bebc45a772f64 [32m200[0m 60.877 ms - 72[0m
[0mGET / [32m200[0m 75.182 ms - 5922[0m
[0mGET / [36m304[0m 40.894 ms - -[0m
[0mPOST /posts/create [32m200[0m 71.943 ms - 301[0m
[0mGET /posts/destroy/61bc89cdbf722567476a7658 [32m200[0m 52.945 ms - 72[0m
[0mGET / [36m304[0m 60.405 ms - -[0m
[0mPOST /posts/create [32m200[0m 44.355 ms - 302[0m
[0mGET / [32m200[0m 90.532 ms - 7489[0m
[0mPOST /comments/create [32m200[0m 70.184 ms - 521[0m
[0mGET /comments/destroy/undefined [36m302[0m 36.747 ms - 44[0m
[0mGET / [32m200[0m 82.377 ms - 8556[0m
[0mGET /comments/destroy/undefined [36m302[0m 42.320 ms - 44[0m
[0mGET / [36m304[0m 56.649 ms - -[0m
[0mGET / [32m200[0m 142.694 ms - 8316[0m
[0mGET /comments/destroy/61bc89ddbf722567476a7676 [32m200[0m 81.950 ms - 79[0m
[0mGET / [32m200[0m 58.444 ms - 7489[0m
[0mPOST /comments/create [32m200[0m 87.313 ms - 522[0m
[0mGET / [32m200[0m 127.036 ms - 8317[0m
[0mGET /comments/destroy/61bc8a41a45e795e4fb7b05c [32m200[0m 75.432 ms - 79[0m
[0mPOST /comments/create [32m200[0m 94.930 ms - 522[0m
[0mGET /comments/destroy/61bc8a7662ddccf3e35eae91 [32m200[0m 44.240 ms - 79[0m
[0mGET / [32m200[0m 67.139 ms - 7489[0m
[0mGET / [36m304[0m 52.269 ms - -[0m
[0mGET /posts/destroy/61bc89d4bf722567476a7669 [32m200[0m 40.750 ms - 72[0m
[0mGET / [32m200[0m 66.942 ms - 5922[0m
[0mPOST /posts/create [32m200[0m 38.228 ms - 301[0m
[0mGET /posts/destroy/61bc8a8362ddccf3e35eaebb [32m200[0m 47.619 ms - 72[0m
[0mGET / [36m304[0m 47.124 ms - -[0m
[0mPOST /posts/create [32m200[0m 31.357 ms - 301[0m
[0mGET / [32m200[0m 72.179 ms - 7488[0m
[0mPOST /comments/create [32m200[0m 97.542 ms - 520[0m
[0mGET /comments/destroy/61bc8a9162ddccf3e35eaed9 [32m200[0m 45.880 ms - 79[0m
[0mPOST /comments/create [32m200[0m 35.791 ms - 520[0m
[0mGET / [32m200[0m 73.978 ms - 8315[0m
[0mGET /comments/destroy/61bc8a9762ddccf3e35eaee7 [32m200[0m 35.116 ms - 79[0m
[0mGET / [32m200[0m 96.497 ms - 7488[0m
[0mPOST /comments/create [32m200[0m 63.149 ms - 520[0m
[0mGET / [32m200[0m 67.258 ms - 8315[0m
[0mGET / [36m304[0m 81.158 ms - -[0m
[0mGET / [36m304[0m 156.074 ms - -[0m
[0mPOST /comments/create [32m200[0m 132.218 ms - 548[0m
[0mPOST /comments/create [32m200[0m 75.163 ms - 575[0m
[0mGET /comments/destroy/61bc8b5f171fe8cdfc24a550 [32m200[0m 72.193 ms - 79[0m
[0mGET /comments/destroy/61bc8b5b171fe8cdfc24a548 [32m200[0m 43.318 ms - 79[0m
[0mGET /comments/destroy/61bc8aa062ddccf3e35eaf07 [32m200[0m 42.751 ms - 79[0m
[0mGET / [32m200[0m 97.023 ms - 7488[0m
[0mGET / [36m304[0m 46.954 ms - -[0m
[0mGET / [36m304[0m 50.565 ms - -[0m
[0mGET / [36m304[0m 48.882 ms - -[0m
[0mPOST /comments/create [32m200[0m 78.022 ms - 520[0m
[0mGET / [32m200[0m 118.285 ms - 8315[0m
[0mPOST /comments/create [32m200[0m 56.100 ms - 549[0m
[0mGET /comments/destroy/61bc8b75171fe8cdfc24a59a [32m200[0m 33.643 ms - 79[0m
[0mGET /comments/destroy/61bc8b6b171fe8cdfc24a587 [32m200[0m 47.715 ms - 79[0m
[0mGET / [32m200[0m 71.677 ms - 7488[0m
[0mGET / [36m304[0m 106.676 ms - -[0m
[0mPOST /comments/create [32m200[0m 57.426 ms - 521[0m
[0mGET / [32m200[0m 69.199 ms - 8316[0m
[0mPOST /posts/create [32m200[0m 43.685 ms - 301[0m
[0mPOST /comments/create [36m302[0m 56.213 ms - 46[0m
[0mGET / [32m200[0m 68.863 ms - 10951[0m
[0mPOST /comments/create [32m200[0m 62.567 ms - 548[0m
[0mGET /comments/destroy/61bc8bc7171fe8cdfc24a5e6 [36m302[0m 20.822 ms - 88[0m
[0mGET / [32m200[0m 64.382 ms - 10953[0m
[0mGET /comments/destroy/61bc8bc2171fe8cdfc24a5d3 [32m200[0m 50.766 ms - 79[0m
[0mPOST /comments/create [32m200[0m 69.065 ms - 520[0m
[0mPOST /comments/create [32m200[0m 71.371 ms - 549[0m
[0mGET /comments/destroy/61bc8bd5171fe8cdfc24a60b [36m302[0m 34.637 ms - 88[0m
[0mGET / [32m200[0m 55.950 ms - 10952[0m
[0mGET /comments/destroy/61bc8bd2171fe8cdfc24a602 [32m200[0m 29.239 ms - 79[0m
[0mPOST /comments/create [32m200[0m 58.390 ms - 520[0m
[0mPOST /comments/create [32m200[0m 58.904 ms - 548[0m
[0mGET /comments/destroy/61bc8be3171fe8cdfc24a630 [36m302[0m 35.614 ms - 88[0m
[0mGET / [32m200[0m 60.216 ms - 10952[0m
[0mGET /comments/destroy/61bc8be0171fe8cdfc24a627 [32m200[0m 41.657 ms - 79[0m
[0mPOST /comments/create [32m200[0m 63.442 ms - 522[0m
[0mPOST /comments/create [32m200[0m 60.845 ms - 549[0m
[0mGET /comments/destroy/61bc8bf1171fe8cdfc24a655 [36m302[0m 20.356 ms - 88[0m
[0mGET / [32m200[0m 56.770 ms - 10954[0m
[0mGET /comments/destroy/61bc8bee171fe8cdfc24a64c [32m200[0m 42.483 ms - 79[0m
[0mGET /comments/destroy/61bc8b89171fe8cdfc24a5bc [32m200[0m 30.104 ms - 79[0m
[0mPOST /comments/create [36m302[0m 36.757 ms - 46[0m
[0mGET / [32m200[0m 57.293 ms - 10123[0m
[0mGET /comments/destroy/61bc8c5e171fe8cdfc24a676 [32m200[0m 33.784 ms - 79[0m
[0mPOST /comments/create [36m302[0m 45.943 ms - 46[0m
[0mGET / [32m200[0m 55.550 ms - 10123[0m
[0mPOST /posts/create [32m200[0m 27.651 ms - 301[0m
[0mPOST /comments/create [36m302[0m 33.970 ms - 46[0m
[0mGET / [32m200[0m 58.920 ms - 12517[0m
[0mPOST /comments/create [32m200[0m 51.046 ms - 548[0m
[0mGET /comments/destroy/61bc8cba171fe8cdfc24a6a5 [32m200[0m 31.534 ms - 79[0m
[0mGET /comments/destroy/61bc8cbe171fe8cdfc24a6b8 [36m302[0m 31.153 ms - 88[0m
[0mGET / [32m200[0m 61.008 ms - 11691[0m
[0mPOST /comments/create [32m200[0m 58.956 ms - 524[0m
[0mPOST /comments/create [32m200[0m 65.892 ms - 551[0m
[0mPOST /comments/create [32m200[0m 106.593 ms - 578[0m
[0mGET /comments/destroy/61bc8ccc171fe8cdfc24a6d4 [36m302[0m 43.354 ms - 88[0m
[0mGET / [32m200[0m 78.158 ms - 13353[0m
[0mGET /comments/destroy/61bc8cd0171fe8cdfc24a6e5 [32m200[0m 31.190 ms - 79[0m
[0mGET /comments/destroy/61bc8ccf171fe8cdfc24a6dd [32m200[0m 31.414 ms - 79[0m
[0mPOST /comments/create [32m200[0m 58.683 ms - 522[0m
[0mPOST /comments/create [32m200[0m 57.132 ms - 549[0m
[0mPOST /comments/create [32m200[0m 71.843 ms - 576[0m
[0mGET / [32m200[0m 98.044 ms - 13935[0m
[0mGET /comments/destroy/61bc8ce7171fe8cdfc24a717 [32m200[0m 32.627 ms - 79[0m
[0mGET /comments/destroy/61bc8ce7171fe8cdfc24a70f [32m200[0m 34.407 ms - 79[0m
[0mGET /comments/destroy/61bc8ce4171fe8cdfc24a706 [32m200[0m 30.464 ms - 79[0m
[0mGET / [32m200[0m 76.166 ms - 11448[0m
[0mPOST /comments/create [32m200[0m 46.306 ms - 521[0m
[0mPOST /comments/create [32m200[0m 63.117 ms - 549[0m
[0mPOST /comments/create [32m200[0m 42.065 ms - 576[0m
[0mGET /comments/destroy/61bc8d18171fe8cdfc24a753 [36m302[0m 30.187 ms - 88[0m
[0mGET / [32m200[0m 62.974 ms - 13347[0m
[0mGET /comments/destroy/61bc8d0e171fe8cdfc24a742 [32m200[0m 46.165 ms - 79[0m
[0mGET /comments/destroy/61bc8d16171fe8cdfc24a74b [32m200[0m 35.199 ms - 79[0m
[0mPOST /comments/create [32m200[0m 56.945 ms - 521[0m
[0mGET /comments/destroy/61bc8d20171fe8cdfc24a774 [36m302[0m 23.415 ms - 88[0m
[0mGET / [32m200[0m 105.685 ms - 11691[0m
[0mGET / [32m200[0m 106.635 ms - 11448[0m
[0mGET / [36m304[0m 148.578 ms - -[0m
[0mGET / [36m304[0m 170.884 ms - -[0m
[0mGET /posts/destroy/61bc8cb6171fe8cdfc24a6a0 [32m200[0m 61.289 ms - 72[0m
[0mGET /posts/destroy/61bc8bbf171fe8cdfc24a5ce [36m302[0m 58.377 ms - 88[0m
[0mGET / [32m200[0m 66.122 ms - 8580[0m
[0mGET /posts/destroy/61bc8a8b62ddccf3e35eaecc [32m200[0m 58.263 ms - 72[0m
[0mPOST /posts/create [32m200[0m 65.385 ms - 303[0m
[0mGET / [32m200[0m 90.205 ms - 7490[0m
[0mGET /posts/destroy/61bc8e7fb240569a53eff1c3 [32m200[0m 36.950 ms - 72[0m
[0mPOST /posts/create [32m200[0m 33.460 ms - 303[0m
[0mPOST /comments/create [36m302[0m 54.533 ms - 46[0m
[0mGET / [32m200[0m 102.096 ms - 8561[0m
[0mGET /comments/destroy/61bc8e91b240569a53eff1da [36m302[0m 39.391 ms - 88[0m
[0mGET / [32m200[0m 71.629 ms - 7733[0m
[0mGET / [32m200[0m 156.475 ms - 7490[0m
[0mGET /posts/destroy/61bc8e89b240569a53eff1d5 [32m200[0m 51.059 ms - 72[0m
[0mGET / [32m200[0m 66.400 ms - 5922[0m
[0mPOST /posts/create [32m200[0m 72.411 ms - 301[0m
[0mGET / [32m200[0m 72.688 ms - 7488[0m
[0mGET /posts/destroy/61bc8eea5d31aa55033bc830 [32m200[0m 150.316 ms - 72[0m
[0mGET / [32m200[0m 87.795 ms - 5922[0m
[0mPOST /posts/create [32m200[0m 51.548 ms - 302[0m
[0mGET / [32m200[0m 83.743 ms - 7489[0m
[0mGET / [36m304[0m 144.772 ms - -[0m
[0mGET /posts/destroy/61bc8efd0aabbcb9a0461de6 [32m200[0m 31.047 ms - 72[0m
[0mPOST /posts/create [32m200[0m 53.716 ms - 300[0m
[0mGET / [32m200[0m 117.364 ms - 7487[0m
[0mGET /posts/destroy/61bc8f1ee4b303b99f0225de [32m200[0m 63.034 ms - 72[0m
[0mGET / [32m200[0m 77.749 ms - 5922[0m
[0mPOST /posts/create [32m200[0m 64.501 ms - 302[0m
[0mGET / [32m200[0m 137.267 ms - 7489[0m
[0mGET /posts/destroy/61bc8f37b7276f66dffc948b [32m200[0m 68.179 ms - 72[0m
[0mGET / [32m200[0m 81.148 ms - 5922[0m
[0mPOST /posts/create [32m200[0m 67.578 ms - 302[0m
[0mGET / [32m200[0m 156.865 ms - 7489[0m
[0mGET /posts/destroy/61bc8f51944369927a7e8a68 [32m200[0m 65.546 ms - 72[0m
[0mPOST /posts/create [32m200[0m 65.604 ms - 302[0m
[0mGET /posts/destroy/61bc8f66f2db50294963d28a [32m200[0m 45.417 ms - 72[0m
[0mPOST /posts/create [32m200[0m 40.976 ms - 302[0m
[0mPOST /comments/create [36m302[0m 52.872 ms - 46[0m
[0mGET / [32m200[0m 104.133 ms - 8558[0m
[0mPOST /comments/create [36m302[0m 54.968 ms - 46[0m
[0mGET / [32m200[0m 86.485 ms - 9386[0m
[0mGET / [32m200[0m 143.864 ms - 9145[0m
[0mGET /posts/destroy/61bc8f6cf2db50294963d294 [32m200[0m 52.965 ms - 72[0m
[0mGET / [32m200[0m 110.465 ms - 5922[0m
[0mPOST /posts/create [32m200[0m 70.535 ms - 301[0m
[0mGET / [32m200[0m 86.475 ms - 7488[0m
[0mGET /posts/destroy/61bc8f894150d5d7628c8b3c [32m200[0m 101.827 ms - 72[0m
[0mGET / [32m200[0m 95.333 ms - 5922[0m
[0mPOST /posts/create [32m200[0m 37.628 ms - 301[0m
[0mGET / [32m200[0m 140.874 ms - 7488[0m
[0mGET /posts/destroy/61bc8f9f7298986a78ffe0af [32m200[0m 91.798 ms - 72[0m
[0mGET / [32m200[0m 109.870 ms - 5922[0m
[0mPOST /posts/create [32m200[0m 64.030 ms - 302[0m
[0mGET /posts/destroy/61bc8fc13fd484f522e0f98b [32m200[0m 62.736 ms - 72[0m
[0mPOST /posts/create [32m200[0m 35.581 ms - 302[0m
[0mGET / [32m200[0m 134.732 ms - 7489[0m
[0mGET /posts/destroy/61bc8fc73fd484f522e0f995 [32m200[0m 37.620 ms - 72[0m
[0mPOST /posts/create [32m200[0m 68.169 ms - 302[0m
[0mGET / [32m200[0m 70.268 ms - 7489[0m
[0mGET / [36m304[0m 46.863 ms - -[0m
[0mGET / [36m304[0m 53.401 ms - -[0m
[0mGET /posts/destroy/61bc8fdd59ce45257ce291e7 [32m200[0m 43.815 ms - 72[0m
[0mGET / [32m200[0m 60.993 ms - 5922[0m
[0mGET / [36m304[0m 46.804 ms - -[0m
[0mGET / [36m304[0m 40.827 ms - -[0m
[0mGET / [36m304[0m 39.980 ms - -[0m
[0mPOST /posts/create [32m200[0m 28.392 ms - 301[0m
[0mGET / [32m200[0m 82.876 ms - 7488[0m
[0mPOST /posts/create [32m200[0m 35.091 ms - 300[0m
[0mGET /posts/destroy/61bc900059ce45257ce29231 [32m200[0m 52.132 ms - 72[0m
[0mGET /posts/destroy/61bc8fe859ce45257ce29225 [32m200[0m 49.966 ms - 72[0m
[0mGET / [32m200[0m 64.196 ms - 5922[0m
[0mPOST /posts/create [32m200[0m 36.952 ms - 300[0m
[0mGET / [32m200[0m 79.141 ms - 7487[0m
[0mGET / [36m304[0m 76.971 ms - -[0m
[0mGET / [36m304[0m 51.693 ms - -[0m
[0mGET / [36m304[0m 58.505 ms - -[0m
[0mGET /users/sign-out [36m302[0m 19.133 ms - 46[0m
[0mGET / [32m200[0m 25.377 ms - 5292[0m
[0mGET /users/sign-in [36m304[0m 17.601 ms - -[0m
[0mPOST /users/create-session [36m302[0m 13.469 ms - 46[0m
[0mGET / [32m200[0m 48.451 ms - 7736[0m
[0mPOST /posts/create [32m200[0m 32.093 ms - 300[0m
[0mGET /posts/destroy/61bc901659ce45257ce29279 [32m200[0m 33.466 ms - 72[0m
[0mGET /posts/destroy/61bc900759ce45257ce29248 [32m200[0m 52.564 ms - 72[0m
[0mPOST /posts/create [32m200[0m 31.061 ms - 300[0m
[0mGET / [32m200[0m 75.257 ms - 7487[0m
[0mGET / [36m304[0m 45.630 ms - -[0m
[0mGET / [36m304[0m 46.524 ms - -[0m
[0mPOST /posts/create [32m200[0m 28.333 ms - 301[0m
[0mGET /posts/destroy/61bc902559ce45257ce292a5 [32m200[0m 42.867 ms - 72[0m
[0mGET /posts/destroy/61bc901e59ce45257ce29289 [32m200[0m 46.744 ms - 72[0m
[0mGET / [32m200[0m 36.619 ms - 5922[0m
[0mGET / [36m304[0m 48.949 ms - -[0m
[0mGET / [36m304[0m 35.706 ms - -[0m
[0mPOST /posts/create [32m200[0m 27.022 ms - 300[0m
[0mGET /posts/destroy/61bc902b59ce45257ce292ca [32m200[0m 36.399 ms - 72[0m
[0mGET / [36m304[0m 48.511 ms - -[0m
[0mPOST /posts/create [32m200[0m 27.233 ms - 301[0m
[0mGET / [32m200[0m 65.104 ms - 7488[0m
[0mGET / [36m304[0m 48.275 ms - -[0m
[0mGET / [36m304[0m 45.394 ms - -[0m
[0mGET / [36m304[0m 39.203 ms - -[0m
[0mGET / [36m304[0m 47.711 ms - -[0m
[0mGET / [36m304[0m 51.330 ms - -[0m
[0mGET / [36m304[0m 51.242 ms - -[0m
[0mGET / [36m304[0m 86.809 ms - -[0m
[0mPOST /posts/create [32m200[0m 26.883 ms - 301[0m
[0mGET /posts/destroy/61bc904759ce45257ce2931f [32m200[0m 39.717 ms - 72[0m
[0mGET /posts/destroy/61bc903359ce45257ce292db [32m200[0m 39.720 ms - 72[0m
[0mPOST /posts/create [32m200[0m 27.762 ms - 301[0m
[0mGET / [32m200[0m 65.022 ms - 7488[0m
[0mPOST /comments/create [36m302[0m 66.743 ms - 46[0m
[0mGET / [32m200[0m 118.263 ms - 8557[0m
[0mGET /comments/destroy/61bc905459ce45257ce2933c [36m302[0m 43.832 ms - 88[0m
[0mGET / [32m200[0m 51.421 ms - 7731[0m
[0mPOST /comments/create [36m302[0m 49.522 ms - 46[0m
[0mGET / [32m200[0m 84.433 ms - 8558[0m
[0mPOST /comments/create [36m302[0m 36.073 ms - 46[0m
[0mGET / [32m200[0m 61.093 ms - 9388[0m
[0mPOST /comments/create [36m302[0m 73.566 ms - 46[0m
[0mGET / [32m200[0m 130.608 ms - 10215[0m
[0mGET /comments/destroy/61bc905b59ce45257ce2935c [36m302[0m 21.156 ms - 88[0m
[0mGET / [32m200[0m 53.292 ms - 9388[0m
[0mGET /comments/destroy/61bc906159ce45257ce2936f [36m302[0m 21.541 ms - 88[0m
[0mGET / [32m200[0m 56.365 ms - 8558[0m
[0mGET /comments/destroy/61bc906459ce45257ce29381 [36m302[0m 28.661 ms - 88[0m
[0mGET / [32m200[0m 48.255 ms - 7731[0m
[0mGET / [32m200[0m 155.400 ms - 7488[0m
[0mGET /posts/destroy/61bc904c59ce45257ce2932f [32m200[0m 38.116 ms - 72[0m
[0mGET / [32m200[0m 87.590 ms - 5922[0m
[0mPOST /posts/create [32m200[0m 67.787 ms - 301[0m
[0mGET / [32m200[0m 81.601 ms - 7488[0m
[0mPOST /comments/create [36m302[0m 78.424 ms - 46[0m
[0mGET / [32m200[0m 109.888 ms - 8556[0m
[0mGET /comments/destroy/61bc90fcdb88be263aaefce6 [36m302[0m 46.492 ms - 88[0m
[0mGET / [32m200[0m 60.351 ms - 7731[0m
[0mGET /posts/destroy/61bc90f3db88be263aaefcd9 [32m200[0m 113.702 ms - 72[0m
[0mGET / [32m200[0m 76.558 ms - 5922[0m
[0mGET / [36m304[0m 63.655 ms - -[0m
[0mPOST /posts/create [32m200[0m 78.939 ms - 300[0m
[0mGET / [32m200[0m 54.148 ms - 7487[0m
[0mPOST /comments/create [36m302[0m 64.123 ms - 46[0m
[0mGET / [32m200[0m 93.834 ms - 8555[0m
[0mGET /comments/destroy/61bc912ed26e3098a3e3579c [36m302[0m 50.413 ms - 88[0m
[0mGET / [32m200[0m 51.568 ms - 7730[0m
[0mGET / [32m200[0m 83.303 ms - 7487[0m
[0mPOST /comments/create [36m302[0m 37.777 ms - 46[0m
[0mGET / [32m200[0m 70.114 ms - 8556[0m
[0mPOST /comments/create [36m302[0m 41.728 ms - 46[0m
[0mGET / [32m200[0m 57.219 ms - 9383[0m
[0mGET /comments/destroy/61bc9136d26e3098a3e357c4 [36m302[0m 34.355 ms - 88[0m
[0mGET / [32m200[0m 75.983 ms - 8557[0m
[0mGET /comments/destroy/61bc9139d26e3098a3e357d7 [36m302[0m 26.587 ms - 88[0m
[0mGET / [32m200[0m 46.278 ms - 7730[0m
[0mGET / [32m200[0m 60.628 ms - 7487[0m
[0mGET / [36m304[0m 49.215 ms - -[0m
[0mGET / [36m304[0m 46.198 ms - -[0m
[0mGET /posts/destroy/61bc912ad26e3098a3e3578f [32m200[0m 33.434 ms - 72[0m
[0mGET / [32m200[0m 134.477 ms - 5922[0m
[0mPOST /posts/create [32m200[0m 31.762 ms - 301[0m
[0mGET / [32m200[0m 85.665 ms - 7488[0m
[0mPOST /comments/create [36m302[0m 68.371 ms - 46[0m
[0mGET / [32m200[0m 101.310 ms - 8558[0m
[0mPOST /comments/create [36m302[0m 47.934 ms - 46[0m
[0mGET / [32m200[0m 70.134 ms - 9385[0m
[0mGET /comments/destroy/61bc91700474cd1eb4d0f7c9 [36m302[0m 45.522 ms - 88[0m
[0mGET / [32m200[0m 63.411 ms - 8558[0m
[0mGET /comments/destroy/61bc91740474cd1eb4d0f7dc [36m302[0m 35.775 ms - 88[0m
[0mGET / [32m200[0m 46.698 ms - 7731[0m
[0mPOST / [33m404[0m 23.966 ms - 140[0m
[0mPOST /likes/toggle/?id=61bc91690474cd1eb4d0f7bc&type=Post [32m200[0m 75.738 ms - 59[0m
[0mPOST /likes/toggle/?id=61bc91690474cd1eb4d0f7bc&type=Post [32m200[0m 37.090 ms - 58[0m
[0mGET /posts/destroy/61bc91690474cd1eb4d0f7bc [32m200[0m 33.375 ms - 72[0m
[0mGET / [32m200[0m 67.471 ms - 5922[0m
[0mGET / [36m304[0m 138.459 ms - -[0m
[0mPOST /posts/create [32m200[0m 52.743 ms - 300[0m
[0mGET / [32m200[0m 100.318 ms - 7487[0m
[0mPOST /comments/create [36m302[0m 69.237 ms - 46[0m
[0mGET / [32m200[0m 103.008 ms - 8555[0m
[0mGET /comments/destroy/61bc919b2758c44998e39f44 [32m200[0m 51.762 ms - 79[0m
[0mPOST /comments/create [36m302[0m 32.907 ms - 46[0m
[0mGET / [32m200[0m 59.132 ms - 8556[0m
[0mGET /comments/destroy/61bc91a22758c44998e39f5c [32m200[0m 23.276 ms - 79[0m
[0mPOST /comments/create [36m302[0m 45.675 ms - 46[0m
[0mGET / [32m200[0m 62.233 ms - 8557[0m
[0mGET /comments/destroy/61bc91a92758c44998e39f74 [32m200[0m 22.880 ms - 79[0m
[0mPOST /comments/create [36m302[0m 49.525 ms - 46[0m
[0mGET / [32m200[0m 99.575 ms - 8555[0m
[0mPOST /comments/create [36m302[0m 44.344 ms - 46[0m
[0mGET / [32m200[0m 75.694 ms - 9382[0m
[0mGET /comments/destroy/61bc91b12758c44998e39f9f [32m200[0m 20.298 ms - 79[0m
[0mGET /comments/destroy/61bc91af2758c44998e39f8c [32m200[0m 41.886 ms - 79[0m
[0mGET /posts/destroy/61bc91962758c44998e39f37 [32m200[0m 20.386 ms - 72[0m
[0mGET / [32m200[0m 75.853 ms - 5922[0m
[0mPOST /posts/create [32m200[0m 32.402 ms - 300[0m
[0mGET / [32m200[0m 61.159 ms - 7487[0m
[0mPOST /posts/create [32m200[0m 29.242 ms - 301[0m
[0mPOST /comments/create [36m302[0m 37.776 ms - 46[0m
[0mGET / [32m200[0m 84.467 ms - 10121[0m
[0mGET /comments/destroy/61bc91d22758c44998e39fd8 [32m200[0m 41.078 ms - 79[0m
[0mGET / [32m200[0m 165.577 ms - 9053[0m
[0mGET /posts/destroy/61bc91d02758c44998e39fd3 [36m302[0m 51.400 ms - 88[0m
[0mGET / [32m200[0m 55.762 ms - 7751[0m
[0mGET /posts/destroy/61bc91ca2758c44998e39fc7 [32m200[0m 64.271 ms - 72[0m
[0mPOST /posts/create [32m200[0m 43.652 ms - 300[0m
[0mPOST /comments/create [36m302[0m 51.007 ms - 46[0m
[0mGET / [32m200[0m 99.440 ms - 8555[0m
[0mGET /comments/destroy/61bc91fef7ef388bc0667dd5 [32m200[0m 54.903 ms - 79[0m
[0mGET / [32m200[0m 119.000 ms - 7487[0m
[0mGET /posts/destroy/61bc91f9f7ef388bc0667dd0 [32m200[0m 56.568 ms - 72[0m
[0mGET / [32m200[0m 112.367 ms - 5922[0m
[0mPOST /posts/create [32m200[0m 69.152 ms - 301[0m
[0mGET / [32m200[0m 66.478 ms - 7488[0m
[0mGET / [36m304[0m 84.351 ms - -[0m
[0mPOST /posts/create [32m200[0m 38.187 ms - 301[0m
[0mPOST /comments/create [36m302[0m 54.577 ms - 46[0m
[0mGET / [32m200[0m 98.502 ms - 10122[0m
[0mGET /comments/destroy/61bc9233470a1474b0295133 [32m200[0m 32.745 ms - 79[0m
[0mPOST / [33m404[0m 30.727 ms - 140[0m
[0mPOST /likes/toggle/?id=61bc922e470a1474b029512e&type=Post [32m200[0m 73.806 ms - 59[0m
[0mPOST / [33m404[0m 28.436 ms - 140[0m
[0mPOST /likes/toggle/?id=61bc9227470a1474b029511a&type=Post [32m200[0m 52.596 ms - 59[0m
[0mGET / [32m200[0m 110.194 ms - 9054[0m
[0mGET /posts/destroy/61bc922e470a1474b029512e [32m200[0m 36.585 ms - 72[0m
[0mGET /posts/destroy/61bc9227470a1474b029511a [32m200[0m 42.072 ms - 72[0m
[0mGET / [32m200[0m 104.895 ms - 5922[0m
[0mPOST /posts/create [32m200[0m 83.388 ms - 301[0m
[0mGET / [32m200[0m 83.510 ms - 7488[0m
[0mPOST /comments/create [36m302[0m 67.620 ms - 46[0m
[0mGET / [32m200[0m 100.517 ms - 8556[0m
[0mGET /comments/destroy/61bc9266fb6e7bcbd006252f [32m200[0m 34.868 ms - 79[0m
[0mGET / [32m200[0m 136.708 ms - 7488[0m
[0mPOST /comments/create [36m302[0m 70.803 ms - 46[0m
[0mGET / [32m200[0m 106.018 ms - 8558[0m
[0mGET /comments/destroy/61bc92a61f5f5fde69fd2f32 [32m200[0m 51.112 ms - 79[0m
[0mGET / [32m200[0m 73.922 ms - 7488[0m
[0mPOST /comments/create [36m302[0m 38.346 ms - 46[0m
[0mGET / [32m200[0m 67.502 ms - 8558[0m
[0mGET / [32m200[0m 91.275 ms - 8317[0m
[0mGET / [36m304[0m 64.102 ms - -[0m
[0mGET /comments/destroy/61bc92b11f5f5fde69fd2f52 [32m200[0m 53.587 ms - 79[0m
[0mGET / [32m200[0m 68.862 ms - 7488[0m
[0mGET / [36m304[0m 140.894 ms - -[0m
[0mPOST /comments/create [36m302[0m 71.018 ms - 46[0m
[0mGET / [32m200[0m 143.457 ms - 8558[0m
[0mGET /comments/destroy/61bc931414aea0e58a3d45db [32m200[0m 41.857 ms - 79[0m
[0mGET / [32m200[0m 180.769 ms - 7488[0m
[0mPOST /comments/create [36m302[0m 77.428 ms - 46[0m
[0mGET / [32m200[0m 135.878 ms - 8558[0m
[0mGET /comments/destroy/61bc9359ccb10b5bc478b4d9 [32m200[0m 66.344 ms - 79[0m
[0mPOST /comments/create [36m302[0m 119.601 ms - 46[0m
[0mGET / [32m200[0m 111.216 ms - 8557[0m
[0mGET /comments/destroy/61bc936c71ebf9747592cfcd [32m200[0m 43.211 ms - 79[0m
[0mGET / [32m200[0m 55.031 ms - 7488[0m
[0mGET / [36m304[0m 141.601 ms - -[0m
[0mPOST /comments/create [36m302[0m 71.808 ms - 46[0m
[0mGET / [32m200[0m 128.781 ms - 8558[0m
[0mGET /comments/destroy/61bc93957aa4d4a9eec62a9d [32m200[0m 46.575 ms - 79[0m
[0mGET / [32m200[0m 52.772 ms - 7488[0m
[0mGET / [36m304[0m 167.979 ms - -[0m
[0mPOST /comments/create [36m302[0m 100.254 ms - 46[0m
[0mGET / [32m200[0m 162.545 ms - 8557[0m
[0mGET /posts/destroy/61bc925ffb6e7bcbd0062522 [32m200[0m 56.533 ms - 72[0m
[0mGET / [32m200[0m 105.855 ms - 5922[0m
[0mPOST /posts/create [32m200[0m 76.570 ms - 300[0m
[0mGET / [32m200[0m 83.266 ms - 7487[0m
[0mPOST /comments/create [36m302[0m 69.460 ms - 46[0m
[0mGET / [32m200[0m 91.797 ms - 8555[0m
[0mPOST /comments/create [36m302[0m 43.102 ms - 46[0m
[0mGET / [32m200[0m 56.635 ms - 9382[0m
[0mGET /comments/destroy/61bc9543f12451d6d5882cf8 [32m200[0m 64.886 ms - 79[0m
[0mGET /comments/destroy/61bc9547f12451d6d5882d0b [32m200[0m 48.621 ms - 79[0m
[0mGET / [32m200[0m 178.418 ms - 7487[0m
[0mPOST /comments/create [36m302[0m 95.107 ms - 46[0m
[0mGET / [32m200[0m 151.058 ms - 8555[0m
[0mGET /comments/destroy/61bc95b654a7397c16848b46 [32m200[0m 59.040 ms - 79[0m
[0mGET / [32m200[0m 76.014 ms - 7487[0m
[0mPOST /comments/create [36m302[0m 41.726 ms - 46[0m
[0mGET / [32m200[0m 100.706 ms - 8555[0m
[0mPOST /comments/create [36m302[0m 66.832 ms - 46[0m
[0mGET / [32m200[0m 82.702 ms - 9382[0m
[0mGET /comments/destroy/61bc95c954a7397c16848b66 [32m200[0m 49.122 ms - 79[0m
[0mGET /comments/destroy/61bc95da54a7397c16848b79 [32m200[0m 46.363 ms - 79[0m
[0mGET / [32m200[0m 74.898 ms - 7487[0m
[0mGET / [36m304[0m 84.347 ms - -[0m
[0mPOST /comments/create [36m302[0m 76.879 ms - 46[0m
[0mGET / [32m200[0m 96.617 ms - 8556[0m
[0mGET /comments/destroy/61bc95ff54a7397c16848ba5 [32m200[0m 40.123 ms - 79[0m
[0mPOST /comments/create [36m302[0m 40.950 ms - 46[0m
[0mGET / [32m200[0m 66.395 ms - 8555[0m
[0mGET /comments/destroy/61bc960e54a7397c16848bbd [32m200[0m 58.596 ms - 79[0m
[0mGET / [32m200[0m 69.513 ms - 7487[0m
[0mPOST /comments/create [36m302[0m 62.222 ms - 46[0m
[0mGET / [32m200[0m 92.733 ms - 8555[0m
[0mGET /comments/destroy/61bc969354a7397c16848bdd [32m200[0m 35.218 ms - 79[0m
[0mGET / [32m200[0m 170.171 ms - 7487[0m
[0mPOST /comments/create [36m302[0m 76.641 ms - 46[0m
[0mGET / [32m200[0m 162.497 ms - 8555[0m
[0mGET /comments/destroy/61bc974eae7022e37a133166 [32m200[0m 55.731 ms - 79[0m
[0mGET / [32m200[0m 176.793 ms - 7487[0m
[0mPOST /comments/create [36m302[0m 76.076 ms - 46[0m
[0mGET / [32m200[0m 171.144 ms - 8556[0m
[0mGET /comments/destroy/61bc9808e8c24ce4237a2e0e [32m200[0m 80.785 ms - 79[0m
[0mPOST /comments/create [36m302[0m 60.069 ms - 46[0m
[0mGET / [32m200[0m 73.197 ms - 8555[0m
[0mPOST /comments/create [36m302[0m 57.510 ms - 46[0m
[0mGET / [32m200[0m 76.767 ms - 9382[0m
[0mGET /comments/destroy/61bc980fe8c24ce4237a2e26 [32m200[0m 54.176 ms - 79[0m
[0mGET /comments/destroy/61bc9813e8c24ce4237a2e39 [32m200[0m 36.295 ms - 79[0m
[0mGET / [32m200[0m 84.458 ms - 7487[0m
[0mPOST /comments/create [36m302[0m 117.538 ms - 46[0m
[0mGET / [32m200[0m 126.295 ms - 8555[0m
[0mPOST /comments/create [36m302[0m 70.280 ms - 46[0m
[0mGET / [32m200[0m 87.537 ms - 9385[0m
[0mGET /comments/destroy/61bc988ebc3f1621636fc190 [32m200[0m 71.436 ms - 79[0m
[0mGET /comments/destroy/61bc9896bc3f1621636fc1a3 [32m200[0m 37.385 ms - 79[0m
[0mGET / [32m200[0m 150.526 ms - 7487[0m
[0mPOST /comments/create [36m302[0m 72.020 ms - 46[0m
[0mGET / [32m200[0m 186.033 ms - 8556[0m
[0mPOST /comments/create [36m302[0m 55.666 ms - 46[0m
[0mGET / [32m200[0m 74.442 ms - 9384[0m
[0mGET /comments/destroy/61bc98d1d28bbc2c2eff4aa3 [32m200[0m 62.899 ms - 79[0m
[0mGET /comments/destroy/61bc98d7d28bbc2c2eff4ab6 [32m200[0m 37.964 ms - 79[0m
[0mGET / [32m200[0m 76.528 ms - 7487[0m
[0mGET / [36m304[0m 159.813 ms - -[0m
[0mGET / [36m304[0m 98.369 ms - -[0m
[0mPOST /comments/create [36m302[0m 73.642 ms - 46[0m
[0mGET / [32m200[0m 137.774 ms - 8556[0m
[0mGET /comments/destroy/61bc9ac5ff7558a3390cc231 [32m200[0m 55.188 ms - 79[0m
[0mGET / [32m200[0m 86.134 ms - 7487[0m
[0mGET / [36m304[0m 154.550 ms - -[0m
[0mPOST /comments/create [36m302[0m 71.657 ms - 46[0m
[0mGET / [32m200[0m 113.104 ms - 8555[0m
[0mGET /comments/destroy/61bc9c4041b46300eff531da [32m200[0m 91.008 ms - 79[0m
[0mGET / [32m200[0m 164.523 ms - 7487[0m
[0mPOST /comments/create [36m302[0m 75.908 ms - 46[0m
[0mGET / [32m200[0m 135.585 ms - 8555[0m
[0mGET /comments/destroy/61bc9c746aa7ec30e78bddbe [32m200[0m 63.771 ms - 79[0m
[0mPOST /comments/create [36m302[0m 118.155 ms - 46[0m
[0mGET / [32m200[0m 161.840 ms - 8555[0m
[0mGET /comments/destroy/61bc9cb8e267bda9a6753938 [32m200[0m 58.802 ms - 79[0m
[0mGET / [32m200[0m 84.992 ms - 7487[0m
[0mGET / [36m304[0m 70.388 ms - -[0m
[0mGET /users/profile/61bb40d3ac7016aa1fb17929 [36m304[0m 39.078 ms - -[0m
[0mPOST /users/update/61bb40d3ac7016aa1fb17929 [36m302[0m 63.752 ms - 164[0m
[0mGET /users/profile/61bb40d3ac7016aa1fb17929 [32m200[0m 20.883 ms - 3345[0m
[0mGET /users/profile/61bb40d3ac7016aa1fb17929 [36m304[0m 43.491 ms - -[0m
[0mGET /users/profile/61bb40d3ac7016aa1fb17929 [36m304[0m 27.157 ms - -[0m
[0mGET /users/profile/61bb40d3ac7016aa1fb17929 [36m304[0m 24.440 ms - -[0m
[0mGET /users/profile/61bb40d3ac7016aa1fb17929 [36m304[0m 28.682 ms - -[0m
[0mGET /users/profile/61bb40d3ac7016aa1fb17929 [36m304[0m 21.935 ms - -[0m
[0mGET /users/profile/61bb40d3ac7016aa1fb17929 [36m304[0m 27.895 ms - -[0m
[0mGET /users/profile/61bb40d3ac7016aa1fb17929 [36m304[0m 28.345 ms - -[0m
[0mGET /users/profile/61bb40d3ac7016aa1fb17929 [36m304[0m 35.038 ms - -[0m
[0mGET /users/profile/61bb40d3ac7016aa1fb17929 [36m304[0m 34.067 ms - -[0m
[0mGET /users/profile/61bb40d3ac7016aa1fb17929 [36m304[0m 24.022 ms - -[0m
[0mGET /users/profile/61bb40d3ac7016aa1fb17929 [36m304[0m 26.762 ms - -[0m
[0mGET /users/profile/61bb40d3ac7016aa1fb17929 [36m304[0m 40.109 ms - -[0m
[0mGET /users/profile/61bb40d3ac7016aa1fb17929 [36m304[0m 24.963 ms - -[0m
[0mGET /users/profile/61bb40d3ac7016aa1fb17929 [36m304[0m 33.490 ms - -[0m
[0mGET /users/profile/61bb40d3ac7016aa1fb17929 [36m304[0m 21.633 ms - -[0m
[0mGET /users/profile/61bb40d3ac7016aa1fb17929 [36m304[0m 31.296 ms - -[0m
[0mGET /users/profile/61bb40d3ac7016aa1fb17929 [36m304[0m 45.055 ms - -[0m
[0mGET /users/sign-out [36m302[0m 27.025 ms - 46[0m
[0mGET / [32m200[0m 48.384 ms - 5292[0m
[0mGET /users/sign-in [36m304[0m 21.203 ms - -[0m
[0mPOST /users/create-session [36m302[0m 8.573 ms - 46[0m
[0mGET / [32m200[0m 47.268 ms - 7736[0m
[0mGET /users/profile/61bb40d3ac7016aa1fb17929 [36m304[0m 39.674 ms - -[0m
[0mGET /users/sign-out [36m302[0m 20.778 ms - 46[0m
[0mGET / [32m200[0m 38.239 ms - 5292[0m
[0mGET / [32m200[0m 53.520 ms - 5045[0m
[0mGET / [36m304[0m 110.267 ms - -[0m
[0mGET /users/sign-in [36m304[0m 20.129 ms - -[0m
[0mPOST /users/create-session [36m302[0m 17.598 ms - 46[0m
[0mGET / [32m200[0m 45.394 ms - 7736[0m
[0mGET /users/profile/61bb40d3ac7016aa1fb17929 [36m304[0m 58.306 ms - -[0m
[0mGET /users/profile/61bb40d3ac7016aa1fb17929 [36m304[0m 26.077 ms - -[0m
[0mPOST /users/update/61bb40d3ac7016aa1fb17929 [36m302[0m 175.180 ms - 164[0m
[0mGET /users/profile/61bb40d3ac7016aa1fb17929 [32m200[0m 21.198 ms - 3345[0m
[0mGET /users/profile/61bb40d3ac7016aa1fb17929 [36m304[0m 51.646 ms - -[0m
[0mPOST /users/create-session [36m302[0m 12.544 ms - 46[0m
[0mGET / [36m304[0m 59.039 ms - -[0m
[0mPOST /comments/create [36m302[0m 75.136 ms - 46[0m
[0mGET / [32m200[0m 125.705 ms - 8556[0m
[0mPOST /posts/create [32m200[0m 42.528 ms - 301[0m
[0mGET /posts/destroy/61bc9e99e8172c7c94cf06ed [32m200[0m 43.491 ms - 72[0m
[0mPOST /comments/create [36m302[0m 51.726 ms - 46[0m
[0mGET / [32m200[0m 94.017 ms - 9385[0m
[0mGET /users/profile/61bb40d3ac7016aa1fb17929 [36m304[0m 26.650 ms - -[0m
[0mGET /users/sign-out [36m302[0m 20.505 ms - 46[0m
[0mGET / [32m200[0m 43.261 ms - 6319[0m
[0mGET /users/sign-in [36m304[0m 24.064 ms - -[0m
[0mGET /users/reset-password [32m200[0m 31.424 ms - 2427[0m
[0mGET /users/sign-in [36m304[0m 15.266 ms - -[0m
[0mPOST /users/create-session [36m302[0m 9.210 ms - 46[0m
[0mGET / [32m200[0m 45.449 ms - 9393[0m
[0mGET / [32m200[0m 73.231 ms - 9144[0m
[0mGET /users/profile/61bb40d3ac7016aa1fb17929 [36m304[0m 33.425 ms - -[0m
[0mGET /comments/destroy/61bc9e89e8172c7c94cf06db [32m200[0m 49.414 ms - 79[0m
[0mGET / [32m200[0m 101.383 ms - 8316[0m
[0mGET / [36m304[0m 65.718 ms - -[0m
[0mGET / [36m304[0m 74.987 ms - -[0m
[0mGET / [36m304[0m 82.853 ms - -[0m
[0mGET / [36m304[0m 61.611 ms - -[0m
[0mGET / [36m304[0m 100.341 ms - -[0m
[0mGET / [36m304[0m 65.663 ms - -[0m
[0mGET / [36m304[0m 74.384 ms - -[0m
[0mGET / [36m304[0m 60.738 ms - -[0m
[0mGET / [36m304[0m 62.046 ms - -[0m
[0mGET / [36m304[0m 78.814 ms - -[0m
[0mGET / [36m304[0m 57.423 ms - -[0m
[0mGET / [36m304[0m 68.269 ms - -[0m
[0mGET / [36m304[0m 69.133 ms - -[0m
[0mGET / [36m304[0m 70.891 ms - -[0m
[0mGET / [36m304[0m 59.023 ms - -[0m
[0mGET / [36m304[0m 61.262 ms - -[0m
[0mGET / [36m304[0m 72.566 ms - -[0m
[0mGET / [36m304[0m 58.199 ms - -[0m
[0mGET / [36m304[0m 72.767 ms - -[0m
[0mGET / [36m304[0m 93.862 ms - -[0m
[0mGET / [36m304[0m 56.932 ms - -[0m
[0mGET / [36m304[0m 53.061 ms - -[0m
[0mGET / [36m304[0m 71.219 ms - -[0m
[0mGET / [36m304[0m 44.422 ms - -[0m
[0mGET / [36m304[0m 64.787 ms - -[0m
[0mGET / [36m304[0m 76.346 ms - -[0m
[0mGET / [36m304[0m 57.188 ms - -[0m
[0mGET / [36m304[0m 59.595 ms - -[0m
[0mGET /users/profile/61bb40d3ac7016aa1fb17929 [36m304[0m 47.173 ms - -[0m
[0mPOST /comments/create [36m302[0m 50.413 ms - 46[0m
[0mGET / [32m200[0m 88.239 ms - 9385[0m
[0mGET / [32m200[0m 127.318 ms - 9144[0m
[0mPOST /comments/create [36m302[0m 157.371 ms - 46[0m
[0mGET / [32m200[0m 146.819 ms - 10213[0m
[0mGET /comments/destroy/61bc9fc9e8172c7c94cf06f8 [32m200[0m 44.864 ms - 79[0m
[0mGET /comments/destroy/61bca4bbe8172c7c94cf0858 [32m200[0m 51.098 ms - 79[0m
[0mGET /comments/destroy/61bca4fdf88d9e2925989c15 [32m200[0m 41.820 ms - 79[0m
[0mGET /users/sign-out [36m302[0m 29.240 ms - 46[0m
[0mGET / [32m200[0m 193.052 ms - 5292[0m
[0mGET / [32m200[0m 126.673 ms - 5045[0m
[0mGET /users/sign-in [36m304[0m 2351.173 ms - -[0m
[0mPOST /users/create-session [36m302[0m 17.392 ms - 46[0m
[0mGET / [32m200[0m 78.233 ms - 7736[0m
[0mPOST /comments/create [36m302[0m 89.057 ms - 46[0m
[0mGET / [32m200[0m 146.188 ms - 8555[0m
[0mGET /comments/destroy/61bcc2e44d58559e42a59fe1 [32m200[0m 41.801 ms - 79[0m
[0mGET / [32m200[0m 214.038 ms - 7487[0m
[0mPOST /comments/create [36m302[0m 107.123 ms - 46[0m
[0mGET / [32m200[0m 228.981 ms - 8556[0m
[0mGET / [32m200[0m 223.851 ms - 8315[0m
[0mGET /comments/destroy/61bcc3619d57a381b167d98e [32m200[0m 80.699 ms - 79[0m
[0mGET / [32m200[0m 165.465 ms - 7487[0m
[0mPOST /comments/create [36m302[0m 125.424 ms - 46[0m
[0mGET / [32m200[0m 339.445 ms - 8556[0m
[0mGET / [32m200[0m 323.304 ms - 8315[0m
[0mGET / [36m304[0m 101.195 ms - -[0m
[0mPOST /comments/create [36m302[0m 94.521 ms - 46[0m
[0mGET / [32m200[0m 68.726 ms - 9384[0m
[0mGET / [32m200[0m 326.755 ms - 9143[0m
[0mPOST /comments/create [36m302[0m 164.327 ms - 46[0m
[0mGET / [32m200[0m 248.091 ms - 10213[0m
[0mGET / [32m200[0m 160.499 ms - 9972[0m
[0mPOST /comments/create [32m200[0m 93.756 ms - 603[0m
[0mGET / [32m200[0m 109.912 ms - 10801[0m
[0mGET / [36m304[0m 101.137 ms - -[0m
[0mGET /users/sign-out [36m302[0m 27.968 ms - 46[0m
[0mGET / [32m200[0m 41.078 ms - 7346[0m
[0mGET /users/sign-in [36m304[0m 25.026 ms - -[0m
[0mPOST /users/create-session [36m302[0m 10.821 ms - 46[0m
[0mGET / [32m200[0m 77.758 ms - 11050[0m
[0mGET /comments/destroy/61bcc435537b0a6f44707c3f [32m200[0m 70.165 ms - 79[0m
[0mGET /comments/destroy/61bcc4b35c043c0d2d49b4ca [32m200[0m 25.874 ms - 79[0m
[0mGET /comments/destroy/61bcc557e33e6cb260c69430 [32m200[0m 23.734 ms - 79[0m
[0mGET /comments/destroy/61bcc5c42d041011b331b298 [32m200[0m 24.633 ms - 79[0m
[0mGET /posts/destroy/61bc953ef12451d6d5882ceb [32m200[0m 21.349 ms - 72[0m
[0mGET / [32m200[0m 46.809 ms - 5922[0m
[0mPOST /posts/create [32m200[0m 28.951 ms - 301[0m
[0mGET / [32m200[0m 51.684 ms - 7488[0m
[0mGET /users/sign-out [36m302[0m 16.030 ms - 46[0m
[0mGET / [32m200[0m 28.737 ms - 5293[0m
[0mGET /users/sign-in [36m304[0m 18.285 ms - -[0m
[0mPOST /users/create-session [36m302[0m 9.694 ms - 46[0m
[0mGET / [32m200[0m 44.455 ms - 7596[0m
[0mGET /users/profile/61bb3ff2ac7016aa1fb1791a [32m200[0m 371.304 ms - 3271[0m
[0mGET /users/sign-out [36m302[0m 11.525 ms - 46[0m
[0mGET / [32m200[0m 32.094 ms - 5293[0m
[0mGET /users/sign-in [36m304[0m 11.290 ms - -[0m
[0mPOST /users/create-session [36m302[0m 10.530 ms - 46[0m
[0mGET / [32m200[0m 50.972 ms - 7737[0m
[0mGET /users/profile/61bb40d3ac7016aa1fb17929 [36m304[0m 35.969 ms - -[0m
[0mGET /users/sign-out [36m302[0m 14.910 ms - 46[0m
[0mGET / [32m200[0m 24.433 ms - 5293[0m
[0mGET /users/sign-in [36m304[0m 18.606 ms - -[0m
[0mPOST /users/create-session [36m302[0m 13.092 ms - 72[0m
[0mGET /users/sign-in [32m200[0m 22.396 ms - 2928[0m
[0mPOST /users/create-session [36m302[0m 10.369 ms - 72[0m
[0mGET /users/sign-in [36m304[0m 11.301 ms - -[0m
[0mPOST /users/create-session [36m302[0m 8.428 ms - 46[0m
[0mGET / [32m200[0m 85.683 ms - 7596[0m
[0mGET / [32m200[0m 21.978 ms - 5046[0m
[0mGET /favicon.ico [33m404[0m 6.919 ms - 150[0m
[0mGET /users/sign-in [36m304[0m 19.155 ms - -[0m
[0mPOST /users/create-session [36m302[0m 10.439 ms - 46[0m
[0mGET / [32m200[0m 41.522 ms - 7737[0m
[0mGET / [32m200[0m 51.776 ms - 7349[0m
[0mGET / [36m304[0m 71.807 ms - -[0m
[0mGET / [36m304[0m 45.448 ms - -[0m
[0mGET / [36m304[0m 50.085 ms - -[0m
[0mGET / [36m304[0m 54.090 ms - -[0m
[0mGET / [36m304[0m 59.226 ms - -[0m
[0mGET / [36m304[0m 40.996 ms - -[0m
[0mGET / [36m304[0m 52.457 ms - -[0m
[0mGET / [36m304[0m 58.342 ms - -[0m
[0mGET / [36m304[0m 56.348 ms - -[0m
[0mGET / [36m304[0m 54.362 ms - -[0m
[0mGET / [36m304[0m 48.611 ms - -[0m
[0mGET / [36m304[0m 50.294 ms - -[0m
[0mGET / [36m304[0m 56.314 ms - -[0m
[0mGET / [36m304[0m 46.247 ms - -[0m
[0mGET / [36m304[0m 56.707 ms - -[0m
[0mGET / [36m304[0m 54.277 ms - -[0m
[0mGET / [36m304[0m 59.479 ms - -[0m
[0mGET / [36m304[0m 59.076 ms - -[0m
[0mGET / [36m304[0m 131.626 ms - -[0m
[0mGET / [36m304[0m 48.623 ms - -[0m
[0mGET / [36m304[0m 44.187 ms - -[0m
[0mGET / [36m304[0m 50.792 ms - -[0m
[0mGET / [36m304[0m 55.858 ms - -[0m
[0mGET / [36m304[0m 51.777 ms - -[0m
[0mGET / [36m304[0m 50.364 ms - -[0m
[0mGET / [36m304[0m 52.028 ms - -[0m
[0mGET / [36m304[0m 44.137 ms - -[0m
[0mGET / [36m304[0m 52.394 ms - -[0m
[0mGET / [36m304[0m 43.610 ms - -[0m
[0mGET / [36m304[0m 49.111 ms - -[0m
[0mGET / [36m304[0m 50.193 ms - -[0m
[0mGET / [36m304[0m 61.845 ms - -[0m
[0mGET / [36m304[0m 59.325 ms - -[0m
[0mGET / [36m304[0m 50.198 ms - -[0m
[0mGET / [36m304[0m 53.534 ms - -[0m
[0mGET / [36m304[0m 74.141 ms - -[0m
[0mGET / [36m304[0m 61.128 ms - -[0m
[0mGET / [36m304[0m 62.181 ms - -[0m
[0mGET / [36m304[0m 83.677 ms - -[0m
[0mGET / [32m200[0m 132.693 ms - 7501[0m
[0mGET / [32m200[0m 48.652 ms - 7360[0m
[0mGET / [36m304[0m 57.536 ms - -[0m
[0mGET / [36m304[0m 40.593 ms - -[0m
[0mGET / [36m304[0m 127.632 ms - -[0m
[0mGET / [36m304[0m 213.332 ms - -[0m
[0mGET / [36m304[0m 83.786 ms - -[0m
[0mGET / [36m304[0m 186.987 ms - -[0m
[0mGET / [36m304[0m 154.422 ms - -[0m
[0mGET / [36m304[0m 79.100 ms - -[0m
[0mGET / [36m304[0m 60.700 ms - -[0m
[0mGET / [36m304[0m 55.692 ms - -[0m
[0mGET / [36m304[0m 93.327 ms - -[0m
[0mGET / [36m304[0m 51.066 ms - -[0m
[0mGET / [36m304[0m 55.520 ms - -[0m
[0mGET / [36m304[0m 58.452 ms - -[0m
